<?xml version="1.0" encoding="UTF-8" ?>
<testsuite tests="11" failures="2" name="tpnote.AdministrateurTest" time="0.148" errors="5" skipped="0">
  <properties>
[...]
</properties>
  <testcase classname="tpnote.AdministrateurTest" name="stockAgence" time="0.062">
    <error type="java.lang.StackOverflowError">java.lang.StackOverflowError
	at tpnote.Administrateur.stockAgence(Administrateur.java:31)
	at tpnote.Administrateur.stockAgence(Administrateur.java:31)
	at tpnote.Administrateur.stockAgence(Administrateur.java:31)
	at tpnote.Administrateur.stockAgence(Administrateur.java:31)
	at tpnote.Administrateur.stockAgence(Administrateur.java:31)
	at tpnote.Administrateur.stockAgence(Administrateur.java:31)
	at tpnote.Administrateur.stockAgence(Administrateur.java:31)
	at tpnote.Administrateur.stockAgence(Administrateur.java:31)
	at tpnote.Administrateur.stockAgence(Administrateur.java:31)
	at tpnote.Administrateur.stockAgence(Administrateur.java:31)
	at tpnote.Administrateur.stockAgence(Administrateur.java:31)
	at tpnote.Administrateur.stockAgence(Administrateur.java:31)
	at tpnote.Administrateur.stockAgence(Administrateur.java:31)
	at tpnote.Administrateur.stockAgence(Administrateur.java:31)
	at tpnote.Administrateur.stockAgence(Administrateur.java:31)
	at tpnote.Administrateur.stockAgence(Administrateur.java:31)
	at tpnote.Administrateur.stockAgence(Administrateur.java:31)
	at tpnote.Administrateur.stockAgence(Administrateur.java:31)
	at tpnote.Administrateur.stockAgence(Administrateur.java:31)
	at tpnote.Administrateur.stockAgence(Administrateur.java:31)
	at tpnote.Administrateur.stockAgence(Administrateur.java:31)
	at tpnote.Administrateur.stockAgence(Administrateur.java:31)
	at tpnote.Administrateur.stockAgence(Administrateur.java:31)
	at tpnote.Administrateur.stockAgence(Administrateur.java:31)
	at tpnote.Administrateur.stockAgence(Administrateur.java:31)
	at tpnote.Administrateur.stockAgence(Administrateur.java:31)
	at tpnote.Administrateur.stockAgence(Administrateur.java:31)
	at tpnote.Administrateur.stockAgence(Administrateur.java:31)
	at tpnote.Administrateur.stockAgence(Administrateur.java:31)
	at tpnote.Administrateur.stockAgence(Administrateur.java:31)
	at tpnote.Administrateur.stockAgence(Administrateur.java:31)
	at tpnote.Administrateur.stockAgence(Administrateur.java:31)
	at tpnote.Administrateur.stockAgence(Administrateur.java:31)
	at tpnote.Administrateur.stockAgence(Administrateur.java:31)
	at tpnote.Administrateur.stockAgence(Administrateur.java:31)
	at tpnote.Administrateur.stockAgence(Administrateur.java:31)
	at tpnote.Administrateur.stockAgence(Administrateur.java:31)
	at tpnote.Administrateur.stockAgence(Administrateur.java:31)
	at tpnote.Administrateur.stockAgence(Administrateur.java:31)
	at tpnote.Administrateur.stockAgence(Administrateur.java:31)
	at tpnote.Administrateur.stockAgence(Administrateur.java:31)
	at tpnote.Administrateur.stockAgence(Administrateur.java:31)
	at tpnote.Administrateur.stockAgence(Administrateur.java:31)
	at tpnote.Administrateur.stockAgence(Administrateur.java:31)
	at tpnote.Administrateur.stockAgence(Administrateur.java:31)
	at tpnote.Administrateur.stockAgence(Administrateur.java:31)
	at tpnote.Administrateur.stockAgence(Administrateur.java:31)
	at tpnote.Administrateur.stockAgence(Administrateur.java:31)
	at tpnote.Administrateur.stockAgence(Administrateur.java:31)
	at tpnote.Administrateur.stockAgence(Administrateur.java:31)
	at tpnote.Administrateur.stockAgence(Administrateur.java:31)
	at tpnote.Administrateur.stockAgence(Administrateur.java:31)
	at tpnote.Administrateur.stockAgence(Administrateur.java:31)
	at tpnote.Administrateur.stockAgence(Administrateur.java:31)
	at tpnote.Administrateur.stockAgence(Administrateur.java:31)
	at tpnote.Administrateur.stockAgence(Administrateur.java:31)
	at tpnote.Administrateur.stockAgence(Administrateur.java:31)
	at tpnote.Administrateur.stockAgence(Administrateur.java:31)
	at tpnote.Administrateur.stockAgence(Administrateur.java:31)
	at tpnote.Administrateur.stockAgence(Administrateur.java:31)
	at tpnote.Administrateur.stockAgence(Administrateur.java:31)
	at tpnote.Administrateur.stockAgence(Administrateur.java:31)
	at tpnote.Administrateur.stockAgence(Administrateur.java:31)
	at tpnote.Administrateur.stockAgence(Administrateur.java:31)
	at tpnote.Administrateur.stockAgence(Administrateur.java:31)
	at tpnote.Administrateur.stockAgence(Administrateur.java:31)
	at tpnote.Administrateur.stockAgence(Administrateur.java:31)
	at tpnote.Administrateur.stockAgence(Administrateur.java:31)
	at tpnote.Administrateur.stockAgence(Administrateur.java:31)
	at tpnote.Administrateur.stockAgence(Administrateur.java:31)
	at tpnote.Administrateur.stockAgence(Administrateur.java:31)
	at tpnote.Administrateur.stockAgence(Administrateur.java:31)
	at tpnote.Administrateur.stockAgence(Administrateur.java:31)
	at tpnote.Administrateur.stockAgence(Administrateur.java:31)
	at tpnote.Administrateur.stockAgence(Administrateur.java:31)
	at tpnote.Administrateur.stockAgence(Administrateur.java:31)
	at tpnote.Administrateur.stockAgence(Administrateur.java:31)
	at tpnote.Administrateur.stockAgence(Administrateur.java:31)
	at tpnote.Administrateur.stockAgence(Administrateur.java:31)
	at tpnote.Administrateur.stockAgence(Administrateur.java:31)
	at tpnote.Administrateur.stockAgence(Administrateur.java:31)
	at tpnote.Administrateur.stockAgence(Administrateur.java:31)
	at tpnote.Administrateur.stockAgence(Administrateur.java:31)
	at tpnote.Administrateur.stockAgence(Administrateur.java:31)
	at tpnote.Administrateur.stockAgence(Administrateur.java:31)
	at tpnote.Administrateur.stockAgence(Administrateur.java:31)
	at tpnote.Administrateur.stockAgence(Administrateur.java:31)
	at tpnote.Administrateur.stockAgence(Administrateur.java:31)
	at tpnote.Administrateur.stockAgence(Administrateur.java:31)
	at tpnote.Administrateur.stockAgence(Administrateur.java:31)
	at tpnote.Administrateur.stockAgence(Administrateur.java:31)
	at tpnote.Administrateur.stockAgence(Administrateur.java:31)
	at tpnote.Administrateur.stockAgence(Administrateur.java:31)
	at tpnote.Administrateur.stockAgence(Administrateur.java:31)
	at tpnote.Administrateur.stockAgence(Administrateur.java:31)
	at tpnote.Administrateur.stockAgence(Administrateur.java:31)
	at tpnote.Administrateur.stockAgence(Administrateur.java:31)
	at tpnote.Administrateur.stockAgence(Administrateur.java:31)
	at tpnote.Administrateur.stockAgence(Administrateur.java:31)
	at tpnote.Administrateur.stockAgence(Administrateur.java:31)
	at tpnote.Administrateur.stockAgence(Administrateur.java:31)
	at tpnote.Administrateur.stockAgence(Administrateur.java:31)
	at tpnote.Administrateur.stockAgence(Administrateur.java:31)
	at tpnote.Administrateur.stockAgence(Administrateur.java:31)
	at tpnote.Administrateur.stockAgence(Administrateur.java:31)
	at tpnote.Administrateur.stockAgence(Administrateur.java:31)
	at tpnote.Administrateur.stockAgence(Administrateur.java:31)
	at tpnote.Administrateur.stockAgence(Administrateur.java:31)
	at tpnote.Administrateur.stockAgence(Administrateur.java:31)
	at tpnote.Administrateur.stockAgence(Administrateur.java:31)
	at tpnote.Administrateur.stockAgence(Administrateur.java:31)
	at tpnote.Administrateur.stockAgence(Administrateur.java:31)
	at tpnote.Administrateur.stockAgence(Administrateur.java:31)
	at tpnote.Administrateur.stockAgence(Administrateur.java:31)
	at tpnote.Administrateur.stockAgence(Administrateur.java:31)
	at tpnote.Administrateur.stockAgence(Administrateur.java:31)
	at tpnote.Administrateur.stockAgence(Administrateur.java:31)
	at tpnote.Administrateur.stockAgence(Administrateur.java:31)
	at tpnote.Administrateur.stockAgence(Administrateur.java:31)
	at tpnote.Administrateur.stockAgence(Administrateur.java:31)
	at tpnote.Administrateur.stockAgence(Administrateur.java:31)
	at tpnote.Administrateur.stockAgence(Administrateur.java:31)
	at tpnote.Administrateur.stockAgence(Administrateur.java:31)
	at tpnote.Administrateur.stockAgence(Administrateur.java:31)
	at tpnote.Administrateur.stockAgence(Administrateur.java:31)
	at tpnote.Administrateur.stockAgence(Administrateur.java:31)
	at tpnote.Administrateur.stockAgence(Administrateur.java:31)
	at tpnote.Administrateur.stockAgence(Administrateur.java:31)
	at tpnote.Administrateur.stockAgence(Administrateur.java:31)
	at tpnote.Administrateur.stockAgence(Administrateur.java:31)
	at tpnote.Administrateur.stockAgence(Administrateur.java:31)
	at tpnote.Administrateur.stockAgence(Administrateur.java:31)
	at tpnote.Administrateur.stockAgence(Administrateur.java:31)
	at tpnote.Administrateur.stockAgence(Administrateur.java:31)
	at tpnote.Administrateur.stockAgence(Administrateur.java:31)
	at tpnote.Administrateur.stockAgence(Administrateur.java:31)
	at tpnote.Administrateur.stockAgence(Administrateur.java:31)
	at tpnote.Administrateur.stockAgence(Administrateur.java:31)
	at tpnote.Administrateur.stockAgence(Administrateur.java:31)
	at tpnote.Administrateur.stockAgence(Administrateur.java:31)
	at tpnote.Administrateur.stockAgence(Administrateur.java:31)
	at tpnote.Administrateur.stockAgence(Administrateur.java:31)
	at tpnote.Administrateur.stockAgence(Administrateur.java:31)
	at tpnote.Administrateur.stockAgence(Administrateur.java:31)
	at tpnote.Administrateur.stockAgence(Administrateur.java:31)
	at tpnote.Administrateur.stockAgence(Administrateur.java:31)
	at tpnote.Administrateur.stockAgence(Administrateur.java:31)
	at tpnote.Administrateur.stockAgence(Administrateur.java:31)
	at tpnote.Administrateur.stockAgence(Administrateur.java:31)
	at tpnote.Administrateur.stockAgence(Administrateur.java:31)
	at tpnote.Administrateur.stockAgence(Administrateur.java:31)
	at tpnote.Administrateur.stockAgence(Administrateur.java:31)
	at tpnote.Administrateur.stockAgence(Administrateur.java:31)
	at tpnote.Administrateur.stockAgence(Administrateur.java:31)
	at tpnote.Administrateur.stockAgence(Administrateur.java:31)
	at tpnote.Administrateur.stockAgence(Administrateur.java:31)
	at tpnote.Administrateur.stockAgence(Administrateur.java:31)
	at tpnote.Administrateur.stockAgence(Administrateur.java:31)
	at tpnote.Administrateur.stockAgence(Administrateur.java:31)
	at tpnote.Administrateur.stockAgence(Administrateur.java:31)
	at tpnote.Administrateur.stockAgence(Administrateur.java:31)
	at tpnote.Administrateur.stockAgence(Administrateur.java:31)
	at tpnote.Administrateur.stockAgence(Administrateur.java:31)
	at tpnote.Administrateur.stockAgence(Administrateur.java:31)
	at tpnote.Administrateur.stockAgence(Administrateur.java:31)
	at tpnote.Administrateur.stockAgence(Administrateur.java:31)
	at tpnote.Administrateur.stockAgence(Administrateur.java:31)
	at tpnote.Administrateur.stockAgence(Administrateur.java:31)
	at tpnote.Administrateur.stockAgence(Administrateur.java:31)
	at tpnote.Administrateur.stockAgence(Administrateur.java:31)
	at tpnote.Administrateur.stockAgence(Administrateur.java:31)
	at tpnote.Administrateur.stockAgence(Administrateur.java:31)
	at tpnote.Administrateur.stockAgence(Administrateur.java:31)
	at tpnote.Administrateur.stockAgence(Administrateur.java:31)
	at tpnote.Administrateur.stockAgence(Administrateur.java:31)
	at tpnote.Administrateur.stockAgence(Administrateur.java:31)
	at tpnote.Administrateur.stockAgence(Administrateur.java:31)
	at tpnote.Administrateur.stockAgence(Administrateur.java:31)
	at tpnote.Administrateur.stockAgence(Administrateur.java:31)
	at tpnote.Administrateur.stockAgence(Administrateur.java:31)
	at tpnote.Administrateur.stockAgence(Administrateur.java:31)
	at tpnote.Administrateur.stockAgence(Administrateur.java:31)
	at tpnote.Administrateur.stockAgence(Administrateur.java:31)
	at tpnote.Administrateur.stockAgence(Administrateur.java:31)
	at tpnote.Administrateur.stockAgence(Administrateur.java:31)
	at tpnote.Administrateur.stockAgence(Administrateur.java:31)
	at tpnote.Administrateur.stockAgence(Administrateur.java:31)
	at tpnote.Administrateur.stockAgence(Administrateur.java:31)
	at tpnote.Administrateur.stockAgence(Administrateur.java:31)
	at tpnote.Administrateur.stockAgence(Administrateur.java:31)
	at tpnote.Administrateur.stockAgence(Administrateur.java:31)
	at tpnote.Administrateur.stockAgence(Administrateur.java:31)
	at tpnote.Administrateur.stockAgence(Administrateur.java:31)
	at tpnote.Administrateur.stockAgence(Administrateur.java:31)
	at tpnote.Administrateur.stockAgence(Administrateur.java:31)
	at tpnote.Administrateur.stockAgence(Administrateur.java:31)
	at tpnote.Administrateur.stockAgence(Administrateur.java:31)
	at tpnote.Administrateur.stockAgence(Administrateur.java:31)
	at tpnote.Administrateur.stockAgence(Administrateur.java:31)
	at tpnote.Administrateur.stockAgence(Administrateur.java:31)
	at tpnote.Administrateur.stockAgence(Administrateur.java:31)
	at tpnote.Administrateur.stockAgence(Administrateur.java:31)
	at tpnote.Administrateur.stockAgence(Administrateur.java:31)
	at tpnote.Administrateur.stockAgence(Administrateur.java:31)
	at tpnote.Administrateur.stockAgence(Administrateur.java:31)
	at tpnote.Administrateur.stockAgence(Administrateur.java:31)
	at tpnote.Administrateur.stockAgence(Administrateur.java:31)
	at tpnote.Administrateur.stockAgence(Administrateur.java:31)
	at tpnote.Administrateur.stockAgence(Administrateur.java:31)
	at tpnote.Administrateur.stockAgence(Administrateur.java:31)
	at tpnote.Administrateur.stockAgence(Administrateur.java:31)
	at tpnote.Administrateur.stockAgence(Administrateur.java:31)
	at tpnote.Administrateur.stockAgence(Administrateur.java:31)
	at tpnote.Administrateur.stockAgence(Administrateur.java:31)
	at tpnote.Administrateur.stockAgence(Administrateur.java:31)
	at tpnote.Administrateur.stockAgence(Administrateur.java:31)
	at tpnote.Administrateur.stockAgence(Administrateur.java:31)
	at tpnote.Administrateur.stockAgence(Administrateur.java:31)
	at tpnote.Administrateur.stockAgence(Administrateur.java:31)
	at tpnote.Administrateur.stockAgence(Administrateur.java:31)
	at tpnote.Administrateur.stockAgence(Administrateur.java:31)
	at tpnote.Administrateur.stockAgence(Administrateur.java:31)
	at tpnote.Administrateur.stockAgence(Administrateur.java:31)
	at tpnote.Administrateur.stockAgence(Administrateur.java:31)
	at tpnote.Administrateur.stockAgence(Administrateur.java:31)
	at tpnote.Administrateur.stockAgence(Administrateur.java:31)
	at tpnote.Administrateur.stockAgence(Administrateur.java:31)
	at tpnote.Administrateur.stockAgence(Administrateur.java:31)
	at tpnote.Administrateur.stockAgence(Administrateur.java:31)
	at tpnote.Administrateur.stockAgence(Administrateur.java:31)
	at tpnote.Administrateur.stockAgence(Administrateur.java:31)
	at tpnote.Administrateur.stockAgence(Administrateur.java:31)
	at tpnote.Administrateur.stockAgence(Administrateur.java:31)
	at tpnote.Administrateur.stockAgence(Administrateur.java:31)
	at tpnote.Administrateur.stockAgence(Administrateur.java:31)
	at tpnote.Administrateur.stockAgence(Administrateur.java:31)
	at tpnote.Administrateur.stockAgence(Administrateur.java:31)
	at tpnote.Administrateur.stockAgence(Administrateur.java:31)
	at tpnote.Administrateur.stockAgence(Administrateur.java:31)
	at tpnote.Administrateur.stockAgence(Administrateur.java:31)
	at tpnote.Administrateur.stockAgence(Administrateur.java:31)
	at tpnote.Administrateur.stockAgence(Administrateur.java:31)
	at tpnote.Administrateur.stockAgence(Administrateur.java:31)
	at tpnote.Administrateur.stockAgence(Administrateur.java:31)
	at tpnote.Administrateur.stockAgence(Administrateur.java:31)
	at tpnote.Administrateur.stockAgence(Administrateur.java:31)
	at tpnote.Administrateur.stockAgence(Administrateur.java:31)
	at tpnote.Administrateur.stockAgence(Administrateur.java:31)
	at tpnote.Administrateur.stockAgence(Administrateur.java:31)
	at tpnote.Administrateur.stockAgence(Administrateur.java:31)
	at tpnote.Administrateur.stockAgence(Administrateur.java:31)
	at tpnote.Administrateur.stockAgence(Administrateur.java:31)
	at tpnote.Administrateur.stockAgence(Administrateur.java:31)
	at tpnote.Administrateur.stockAgence(Administrateur.java:31)
	at tpnote.Administrateur.stockAgence(Administrateur.java:31)
	at tpnote.Administrateur.stockAgence(Administrateur.java:31)
	at tpnote.Administrateur.stockAgence(Administrateur.java:31)
	at tpnote.Administrateur.stockAgence(Administrateur.java:31)
	at tpnote.Administrateur.stockAgence(Administrateur.java:31)
	at tpnote.Administrateur.stockAgence(Administrateur.java:31)
	at tpnote.Administrateur.stockAgence(Administrateur.java:31)
	at tpnote.Administrateur.stockAgence(Administrateur.java:31)
	at tpnote.Administrateur.stockAgence(Administrateur.java:31)
	at tpnote.Administrateur.stockAgence(Administrateur.java:31)
	at tpnote.Administrateur.stockAgence(Administrateur.java:31)
	at tpnote.Administrateur.stockAgence(Administrateur.java:31)
	at tpnote.Administrateur.stockAgence(Administrateur.java:31)
	at tpnote.Administrateur.stockAgence(Administrateur.java:31)
	at tpnote.Administrateur.stockAgence(Administrateur.java:31)
	at tpnote.Administrateur.stockAgence(Administrateur.java:31)
	at tpnote.Administrateur.stockAgence(Administrateur.java:31)
	at tpnote.Administrateur.stockAgence(Administrateur.java:31)
	at tpnote.Administrateur.stockAgence(Administrateur.java:31)
	at tpnote.Administrateur.stockAgence(Administrateur.java:31)
	at tpnote.Administrateur.stockAgence(Administrateur.java:31)
	at tpnote.Administrateur.stockAgence(Administrateur.java:31)
	at tpnote.Administrateur.stockAgence(Administrateur.java:31)
	at tpnote.Administrateur.stockAgence(Administrateur.java:31)
	at tpnote.Administrateur.stockAgence(Administrateur.java:31)
	at tpnote.Administrateur.stockAgence(Administrateur.java:31)
	at tpnote.Administrateur.stockAgence(Administrateur.java:31)
	at tpnote.Administrateur.stockAgence(Administrateur.java:31)
	at tpnote.Administrateur.stockAgence(Administrateur.java:31)
	at tpnote.Administrateur.stockAgence(Administrateur.java:31)
	at tpnote.Administrateur.stockAgence(Administrateur.java:31)
	at tpnote.Administrateur.stockAgence(Administrateur.java:31)
	at tpnote.Administrateur.stockAgence(Administrateur.java:31)
	at tpnote.Administrateur.stockAgence(Administrateur.java:31)
	at tpnote.Administrateur.stockAgence(Administrateur.java:31)
	at tpnote.Administrateur.stockAgence(Administrateur.java:31)
	at tpnote.Administrateur.stockAgence(Administrateur.java:31)
	at tpnote.Administrateur.stockAgence(Administrateur.java:31)
	at tpnote.Administrateur.stockAgence(Administrateur.java:31)
	at tpnote.Administrateur.stockAgence(Administrateur.java:31)
	at tpnote.Administrateur.stockAgence(Administrateur.java:31)
	at tpnote.Administrateur.stockAgence(Administrateur.java:31)
	at tpnote.Administrateur.stockAgence(Administrateur.java:31)
	at tpnote.Administrateur.stockAgence(Administrateur.java:31)
	at tpnote.Administrateur.stockAgence(Administrateur.java:31)
	at tpnote.Administrateur.stockAgence(Administrateur.java:31)
	at tpnote.Administrateur.stockAgence(Administrateur.java:31)
	at tpnote.Administrateur.stockAgence(Administrateur.java:31)
	at tpnote.Administrateur.stockAgence(Administrateur.java:31)
	at tpnote.Administrateur.stockAgence(Administrateur.java:31)
	at tpnote.Administrateur.stockAgence(Administrateur.java:31)
	at tpnote.Administrateur.stockAgence(Administrateur.java:31)
	at tpnote.Administrateur.stockAgence(Administrateur.java:31)
	at tpnote.Administrateur.stockAgence(Administrateur.java:31)
	at tpnote.Administrateur.stockAgence(Administrateur.java:31)
	at tpnote.Administrateur.stockAgence(Administrateur.java:31)
	at tpnote.Administrateur.stockAgence(Administrateur.java:31)
	at tpnote.Administrateur.stockAgence(Administrateur.java:31)
	at tpnote.Administrateur.stockAgence(Administrateur.java:31)
	at tpnote.Administrateur.stockAgence(Administrateur.java:31)
	at tpnote.Administrateur.stockAgence(Administrateur.java:31)
	at tpnote.Administrateur.stockAgence(Administrateur.java:31)
	at tpnote.Administrateur.stockAgence(Administrateur.java:31)
	at tpnote.Administrateur.stockAgence(Administrateur.java:31)
	at tpnote.Administrateur.stockAgence(Administrateur.java:31)
	at tpnote.Administrateur.stockAgence(Administrateur.java:31)
	at tpnote.Administrateur.stockAgence(Administrateur.java:31)
	at tpnote.Administrateur.stockAgence(Administrateur.java:31)
	at tpnote.Administrateur.stockAgence(Administrateur.java:31)
	at tpnote.Administrateur.stockAgence(Administrateur.java:31)
	at tpnote.Administrateur.stockAgence(Administrateur.java:31)
	at tpnote.Administrateur.stockAgence(Administrateur.java:31)
	at tpnote.Administrateur.stockAgence(Administrateur.java:31)
	at tpnote.Administrateur.stockAgence(Administrateur.java:31)
	at tpnote.Administrateur.stockAgence(Administrateur.java:31)
	at tpnote.Administrateur.stockAgence(Administrateur.java:31)
	at tpnote.Administrateur.stockAgence(Administrateur.java:31)
	at tpnote.Administrateur.stockAgence(Administrateur.java:31)
	at tpnote.Administrateur.stockAgence(Administrateur.java:31)
	at tpnote.Administrateur.stockAgence(Administrateur.java:31)
	at tpnote.Administrateur.stockAgence(Administrateur.java:31)
	at tpnote.Administrateur.stockAgence(Administrateur.java:31)
	at tpnote.Administrateur.stockAgence(Administrateur.java:31)
	at tpnote.Administrateur.stockAgence(Administrateur.java:31)
	at tpnote.Administrateur.stockAgence(Administrateur.java:31)
	at tpnote.Administrateur.stockAgence(Administrateur.java:31)
	at tpnote.Administrateur.stockAgence(Administrateur.java:31)
	at tpnote.Administrateur.stockAgence(Administrateur.java:31)
	at tpnote.Administrateur.stockAgence(Administrateur.java:31)
	at tpnote.Administrateur.stockAgence(Administrateur.java:31)
	at tpnote.Administrateur.stockAgence(Administrateur.java:31)
	at tpnote.Administrateur.stockAgence(Administrateur.java:31)
	at tpnote.Administrateur.stockAgence(Administrateur.java:31)
	at tpnote.Administrateur.stockAgence(Administrateur.java:31)
	at tpnote.Administrateur.stockAgence(Administrateur.java:31)
	at tpnote.Administrateur.stockAgence(Administrateur.java:31)
	at tpnote.Administrateur.stockAgence(Administrateur.java:31)
	at tpnote.Administrateur.stockAgence(Administrateur.java:31)
	at tpnote.Administrateur.stockAgence(Administrateur.java:31)
	at tpnote.Administrateur.stockAgence(Administrateur.java:31)
	at tpnote.Administrateur.stockAgence(Administrateur.java:31)
	at tpnote.Administrateur.stockAgence(Administrateur.java:31)
	at tpnote.Administrateur.stockAgence(Administrateur.java:31)
	at tpnote.Administrateur.stockAgence(Administrateur.java:31)
	at tpnote.Administrateur.stockAgence(Administrateur.java:31)
	at tpnote.Administrateur.stockAgence(Administrateur.java:31)
	at tpnote.Administrateur.stockAgence(Administrateur.java:31)
	at tpnote.Administrateur.stockAgence(Administrateur.java:31)
	at tpnote.Administrateur.stockAgence(Administrateur.java:31)
	at tpnote.Administrateur.stockAgence(Administrateur.java:31)
	at tpnote.Administrateur.stockAgence(Administrateur.java:31)
	at tpnote.Administrateur.stockAgence(Administrateur.java:31)
	at tpnote.Administrateur.stockAgence(Administrateur.java:31)
	at tpnote.Administrateur.stockAgence(Administrateur.java:31)
	at tpnote.Administrateur.stockAgence(Administrateur.java:31)
	at tpnote.Administrateur.stockAgence(Administrateur.java:31)
	at tpnote.Administrateur.stockAgence(Administrateur.java:31)
	at tpnote.Administrateur.stockAgence(Administrateur.java:31)
	at tpnote.Administrateur.stockAgence(Administrateur.java:31)
	at tpnote.Administrateur.stockAgence(Administrateur.java:31)
	at tpnote.Administrateur.stockAgence(Administrateur.java:31)
	at tpnote.Administrateur.stockAgence(Administrateur.java:31)
	at tpnote.Administrateur.stockAgence(Administrateur.java:31)
	at tpnote.Administrateur.stockAgence(Administrateur.java:31)
	at tpnote.Administrateur.stockAgence(Administrateur.java:31)
	at tpnote.Administrateur.stockAgence(Administrateur.java:31)
	at tpnote.Administrateur.stockAgence(Administrateur.java:31)
	at tpnote.Administrateur.stockAgence(Administrateur.java:31)
	at tpnote.Administrateur.stockAgence(Administrateur.java:31)
	at tpnote.Administrateur.stockAgence(Administrateur.java:31)
	at tpnote.Administrateur.stockAgence(Administrateur.java:31)
	at tpnote.Administrateur.stockAgence(Administrateur.java:31)
	at tpnote.Administrateur.stockAgence(Administrateur.java:31)
	at tpnote.Administrateur.stockAgence(Administrateur.java:31)
	at tpnote.Administrateur.stockAgence(Administrateur.java:31)
	at tpnote.Administrateur.stockAgence(Administrateur.java:31)
	at tpnote.Administrateur.stockAgence(Administrateur.java:31)
	at tpnote.Administrateur.stockAgence(Administrateur.java:31)
	at tpnote.Administrateur.stockAgence(Administrateur.java:31)
	at tpnote.Administrateur.stockAgence(Administrateur.java:31)
	at tpnote.Administrateur.stockAgence(Administrateur.java:31)
	at tpnote.Administrateur.stockAgence(Administrateur.java:31)
	at tpnote.Administrateur.stockAgence(Administrateur.java:31)
	at tpnote.Administrateur.stockAgence(Administrateur.java:31)
	at tpnote.Administrateur.stockAgence(Administrateur.java:31)
	at tpnote.Administrateur.stockAgence(Administrateur.java:31)
	at tpnote.Administrateur.stockAgence(Administrateur.java:31)
	at tpnote.Administrateur.stockAgence(Administrateur.java:31)
	at tpnote.Administrateur.stockAgence(Administrateur.java:31)
	at tpnote.Administrateur.stockAgence(Administrateur.java:31)
	at tpnote.Administrateur.stockAgence(Administrateur.java:31)
	at tpnote.Administrateur.stockAgence(Administrateur.java:31)
	at tpnote.Administrateur.stockAgence(Administrateur.java:31)
	at tpnote.Administrateur.stockAgence(Administrateur.java:31)
	at tpnote.Administrateur.stockAgence(Administrateur.java:31)
	at tpnote.Administrateur.stockAgence(Administrateur.java:31)
	at tpnote.Administrateur.stockAgence(Administrateur.java:31)
	at tpnote.Administrateur.stockAgence(Administrateur.java:31)
	at tpnote.Administrateur.stockAgence(Administrateur.java:31)
	at tpnote.Administrateur.stockAgence(Administrateur.java:31)
	at tpnote.Administrateur.stockAgence(Administrateur.java:31)
	at tpnote.Administrateur.stockAgence(Administrateur.java:31)
	at tpnote.Administrateur.stockAgence(Administrateur.java:31)
	at tpnote.Administrateur.stockAgence(Administrateur.java:31)
	at tpnote.Administrateur.stockAgence(Administrateur.java:31)
	at tpnote.Administrateur.stockAgence(Administrateur.java:31)
	at tpnote.Administrateur.stockAgence(Administrateur.java:31)
	at tpnote.Administrateur.stockAgence(Administrateur.java:31)
	at tpnote.Administrateur.stockAgence(Administrateur.java:31)
	at tpnote.Administrateur.stockAgence(Administrateur.java:31)
	at tpnote.Administrateur.stockAgence(Administrateur.java:31)
	at tpnote.Administrateur.stockAgence(Administrateur.java:31)
	at tpnote.Administrateur.stockAgence(Administrateur.java:31)
	at tpnote.Administrateur.stockAgence(Administrateur.java:31)
	at tpnote.Administrateur.stockAgence(Administrateur.java:31)
	at tpnote.Administrateur.stockAgence(Administrateur.java:31)
	at tpnote.Administrateur.stockAgence(Administrateur.java:31)
	at tpnote.Administrateur.stockAgence(Administrateur.java:31)
	at tpnote.Administrateur.stockAgence(Administrateur.java:31)
	at tpnote.Administrateur.stockAgence(Administrateur.java:31)
	at tpnote.Administrateur.stockAgence(Administrateur.java:31)
	at tpnote.Administrateur.stockAgence(Administrateur.java:31)
	at tpnote.Administrateur.stockAgence(Administrateur.java:31)
	at tpnote.Administrateur.stockAgence(Administrateur.java:31)
	at tpnote.Administrateur.stockAgence(Administrateur.java:31)
	at tpnote.Administrateur.stockAgence(Administrateur.java:31)
	at tpnote.Administrateur.stockAgence(Administrateur.java:31)
	at tpnote.Administrateur.stockAgence(Administrateur.java:31)
	at tpnote.Administrateur.stockAgence(Administrateur.java:31)
	at tpnote.Administrateur.stockAgence(Administrateur.java:31)
	at tpnote.Administrateur.stockAgence(Administrateur.java:31)
	at tpnote.Administrateur.stockAgence(Administrateur.java:31)
	at tpnote.Administrateur.stockAgence(Administrateur.java:31)
	at tpnote.Administrateur.stockAgence(Administrateur.java:31)
	at tpnote.Administrateur.stockAgence(Administrateur.java:31)
	at tpnote.Administrateur.stockAgence(Administrateur.java:31)
	at tpnote.Administrateur.stockAgence(Administrateur.java:31)
	at tpnote.Administrateur.stockAgence(Administrateur.java:31)
	at tpnote.Administrateur.stockAgence(Administrateur.java:31)
	at tpnote.Administrateur.stockAgence(Administrateur.java:31)
	at tpnote.Administrateur.stockAgence(Administrateur.java:31)
	at tpnote.Administrateur.stockAgence(Administrateur.java:31)
	at tpnote.Administrateur.stockAgence(Administrateur.java:31)
	at tpnote.Administrateur.stockAgence(Administrateur.java:31)
	at tpnote.Administrateur.stockAgence(Administrateur.java:31)
	at tpnote.Administrateur.stockAgence(Administrateur.java:31)
	at tpnote.Administrateur.stockAgence(Administrateur.java:31)
	at tpnote.Administrateur.stockAgence(Administrateur.java:31)
	at tpnote.Administrateur.stockAgence(Administrateur.java:31)
	at tpnote.Administrateur.stockAgence(Administrateur.java:31)
	at tpnote.Administrateur.stockAgence(Administrateur.java:31)
	at tpnote.Administrateur.stockAgence(Administrateur.java:31)
	at tpnote.Administrateur.stockAgence(Administrateur.java:31)
	at tpnote.Administrateur.stockAgence(Administrateur.java:31)
	at tpnote.Administrateur.stockAgence(Administrateur.java:31)
	at tpnote.Administrateur.stockAgence(Administrateur.java:31)
	at tpnote.Administrateur.stockAgence(Administrateur.java:31)
	at tpnote.Administrateur.stockAgence(Administrateur.java:31)
	at tpnote.Administrateur.stockAgence(Administrateur.java:31)
	at tpnote.Administrateur.stockAgence(Administrateur.java:31)
	at tpnote.Administrateur.stockAgence(Administrateur.java:31)
	at tpnote.Administrateur.stockAgence(Administrateur.java:31)
	at tpnote.Administrateur.stockAgence(Administrateur.java:31)
	at tpnote.Administrateur.stockAgence(Administrateur.java:31)
	at tpnote.Administrateur.stockAgence(Administrateur.java:31)
	at tpnote.Administrateur.stockAgence(Administrateur.java:31)
	at tpnote.Administrateur.stockAgence(Administrateur.java:31)
	at tpnote.Administrateur.stockAgence(Administrateur.java:31)
	at tpnote.Administrateur.stockAgence(Administrateur.java:31)
	at tpnote.Administrateur.stockAgence(Administrateur.java:31)
	at tpnote.Administrateur.stockAgence(Administrateur.java:31)
	at tpnote.Administrateur.stockAgence(Administrateur.java:31)
	at tpnote.Administrateur.stockAgence(Administrateur.java:31)
	at tpnote.Administrateur.stockAgence(Administrateur.java:31)
	at tpnote.Administrateur.stockAgence(Administrateur.java:31)
	at tpnote.Administrateur.stockAgence(Administrateur.java:31)
	at tpnote.Administrateur.stockAgence(Administrateur.java:31)
	at tpnote.Administrateur.stockAgence(Administrateur.java:31)
	at tpnote.Administrateur.stockAgence(Administrateur.java:31)
	at tpnote.Administrateur.stockAgence(Administrateur.java:31)
	at tpnote.Administrateur.stockAgence(Administrateur.java:31)
	at tpnote.Administrateur.stockAgence(Administrateur.java:31)
	at tpnote.Administrateur.stockAgence(Administrateur.java:31)
	at tpnote.Administrateur.stockAgence(Administrateur.java:31)
	at tpnote.Administrateur.stockAgence(Administrateur.java:31)
	at tpnote.Administrateur.stockAgence(Administrateur.java:31)
	at tpnote.Administrateur.stockAgence(Administrateur.java:31)
	at tpnote.Administrateur.stockAgence(Administrateur.java:31)
	at tpnote.Administrateur.stockAgence(Administrateur.java:31)
	at tpnote.Administrateur.stockAgence(Administrateur.java:31)
	at tpnote.Administrateur.stockAgence(Administrateur.java:31)
	at tpnote.Administrateur.stockAgence(Administrateur.java:31)
	at tpnote.Administrateur.stockAgence(Administrateur.java:31)
	at tpnote.Administrateur.stockAgence(Administrateur.java:31)
	at tpnote.Administrateur.stockAgence(Administrateur.java:31)
	at tpnote.Administrateur.stockAgence(Administrateur.java:31)
	at tpnote.Administrateur.stockAgence(Administrateur.java:31)
	at tpnote.Administrateur.stockAgence(Administrateur.java:31)
	at tpnote.Administrateur.stockAgence(Administrateur.java:31)
	at tpnote.Administrateur.stockAgence(Administrateur.java:31)
	at tpnote.Administrateur.stockAgence(Administrateur.java:31)
	at tpnote.Administrateur.stockAgence(Administrateur.java:31)
	at tpnote.Administrateur.stockAgence(Administrateur.java:31)
	at tpnote.Administrateur.stockAgence(Administrateur.java:31)
	at tpnote.Administrateur.stockAgence(Administrateur.java:31)
	at tpnote.Administrateur.stockAgence(Administrateur.java:31)
	at tpnote.Administrateur.stockAgence(Administrateur.java:31)
	at tpnote.Administrateur.stockAgence(Administrateur.java:31)
	at tpnote.Administrateur.stockAgence(Administrateur.java:31)
	at tpnote.Administrateur.stockAgence(Administrateur.java:31)
	at tpnote.Administrateur.stockAgence(Administrateur.java:31)
	at tpnote.Administrateur.stockAgence(Administrateur.java:31)
	at tpnote.Administrateur.stockAgence(Administrateur.java:31)
	at tpnote.Administrateur.stockAgence(Administrateur.java:31)
	at tpnote.Administrateur.stockAgence(Administrateur.java:31)
	at tpnote.Administrateur.stockAgence(Administrateur.java:31)
	at tpnote.Administrateur.stockAgence(Administrateur.java:31)
	at tpnote.Administrateur.stockAgence(Administrateur.java:31)
	at tpnote.Administrateur.stockAgence(Administrateur.java:31)
	at tpnote.Administrateur.stockAgence(Administrateur.java:31)
	at tpnote.Administrateur.stockAgence(Administrateur.java:31)
	at tpnote.Administrateur.stockAgence(Administrateur.java:31)
	at tpnote.Administrateur.stockAgence(Administrateur.java:31)
	at tpnote.Administrateur.stockAgence(Administrateur.java:31)
	at tpnote.Administrateur.stockAgence(Administrateur.java:31)
	at tpnote.Administrateur.stockAgence(Administrateur.java:31)
	at tpnote.Administrateur.stockAgence(Administrateur.java:31)
	at tpnote.Administrateur.stockAgence(Administrateur.java:31)
	at tpnote.Administrateur.stockAgence(Administrateur.java:31)
	at tpnote.Administrateur.stockAgence(Administrateur.java:31)
	at tpnote.Administrateur.stockAgence(Administrateur.java:31)
	at tpnote.Administrateur.stockAgence(Administrateur.java:31)
	at tpnote.Administrateur.stockAgence(Administrateur.java:31)
	at tpnote.Administrateur.stockAgence(Administrateur.java:31)
	at tpnote.Administrateur.stockAgence(Administrateur.java:31)
	at tpnote.Administrateur.stockAgence(Administrateur.java:31)
	at tpnote.Administrateur.stockAgence(Administrateur.java:31)
	at tpnote.Administrateur.stockAgence(Administrateur.java:31)
	at tpnote.Administrateur.stockAgence(Administrateur.java:31)
	at tpnote.Administrateur.stockAgence(Administrateur.java:31)
	at tpnote.Administrateur.stockAgence(Administrateur.java:31)
	at tpnote.Administrateur.stockAgence(Administrateur.java:31)
	at tpnote.Administrateur.stockAgence(Administrateur.java:31)
	at tpnote.Administrateur.stockAgence(Administrateur.java:31)
	at tpnote.Administrateur.stockAgence(Administrateur.java:31)
	at tpnote.Administrateur.stockAgence(Administrateur.java:31)
	at tpnote.Administrateur.stockAgence(Administrateur.java:31)
	at tpnote.Administrateur.stockAgence(Administrateur.java:31)
	at tpnote.Administrateur.stockAgence(Administrateur.java:31)
	at tpnote.Administrateur.stockAgence(Administrateur.java:31)
	at tpnote.Administrateur.stockAgence(Administrateur.java:31)
	at tpnote.Administrateur.stockAgence(Administrateur.java:31)
	at tpnote.Administrateur.stockAgence(Administrateur.java:31)
	at tpnote.Administrateur.stockAgence(Administrateur.java:31)
	at tpnote.Administrateur.stockAgence(Administrateur.java:31)
	at tpnote.Administrateur.stockAgence(Administrateur.java:31)
	at tpnote.Administrateur.stockAgence(Administrateur.java:31)
	at tpnote.Administrateur.stockAgence(Administrateur.java:31)
	at tpnote.Administrateur.stockAgence(Administrateur.java:31)
	at tpnote.Administrateur.stockAgence(Administrateur.java:31)
	at tpnote.Administrateur.stockAgence(Administrateur.java:31)
	at tpnote.Administrateur.stockAgence(Administrateur.java:31)
	at tpnote.Administrateur.stockAgence(Administrateur.java:31)
	at tpnote.Administrateur.stockAgence(Administrateur.java:31)
	at tpnote.Administrateur.stockAgence(Administrateur.java:31)
	at tpnote.Administrateur.stockAgence(Administrateur.java:31)
	at tpnote.Administrateur.stockAgence(Administrateur.java:31)
	at tpnote.Administrateur.stockAgence(Administrateur.java:31)
	at tpnote.Administrateur.stockAgence(Administrateur.java:31)
	at tpnote.Administrateur.stockAgence(Administrateur.java:31)
	at tpnote.Administrateur.stockAgence(Administrateur.java:31)
	at tpnote.Administrateur.stockAgence(Administrateur.java:31)
	at tpnote.Administrateur.stockAgence(Administrateur.java:31)
	at tpnote.Administrateur.stockAgence(Administrateur.java:31)
	at tpnote.Administrateur.stockAgence(Administrateur.java:31)
	at tpnote.Administrateur.stockAgence(Administrateur.java:31)
	at tpnote.Administrateur.stockAgence(Administrateur.java:31)
	at tpnote.Administrateur.stockAgence(Administrateur.java:31)
	at tpnote.Administrateur.stockAgence(Administrateur.java:31)
	at tpnote.Administrateur.stockAgence(Administrateur.java:31)
	at tpnote.Administrateur.stockAgence(Administrateur.java:31)
	at tpnote.Administrateur.stockAgence(Administrateur.java:31)
	at tpnote.Administrateur.stockAgence(Administrateur.java:31)
	at tpnote.Administrateur.stockAgence(Administrateur.java:31)
	at tpnote.Administrateur.stockAgence(Administrateur.java:31)
	at tpnote.Administrateur.stockAgence(Administrateur.java:31)
	at tpnote.Administrateur.stockAgence(Administrateur.java:31)
	at tpnote.Administrateur.stockAgence(Administrateur.java:31)
	at tpnote.Administrateur.stockAgence(Administrateur.java:31)
	at tpnote.Administrateur.stockAgence(Administrateur.java:31)
	at tpnote.Administrateur.stockAgence(Administrateur.java:31)
	at tpnote.Administrateur.stockAgence(Administrateur.java:31)
	at tpnote.Administrateur.stockAgence(Administrateur.java:31)
	at tpnote.Administrateur.stockAgence(Administrateur.java:31)
	at tpnote.Administrateur.stockAgence(Administrateur.java:31)
	at tpnote.Administrateur.stockAgence(Administrateur.java:31)
	at tpnote.Administrateur.stockAgence(Administrateur.java:31)
	at tpnote.Administrateur.stockAgence(Administrateur.java:31)
	at tpnote.Administrateur.stockAgence(Administrateur.java:31)
	at tpnote.Administrateur.stockAgence(Administrateur.java:31)
	at tpnote.Administrateur.stockAgence(Administrateur.java:31)
	at tpnote.Administrateur.stockAgence(Administrateur.java:31)
	at tpnote.Administrateur.stockAgence(Administrateur.java:31)
	at tpnote.Administrateur.stockAgence(Administrateur.java:31)
	at tpnote.Administrateur.stockAgence(Administrateur.java:31)
	at tpnote.Administrateur.stockAgence(Administrateur.java:31)
	at tpnote.Administrateur.stockAgence(Administrateur.java:31)
	at tpnote.Administrateur.stockAgence(Administrateur.java:31)
	at tpnote.Administrateur.stockAgence(Administrateur.java:31)
	at tpnote.Administrateur.stockAgence(Administrateur.java:31)
	at tpnote.Administrateur.stockAgence(Administrateur.java:31)
	at tpnote.Administrateur.stockAgence(Administrateur.java:31)
	at tpnote.Administrateur.stockAgence(Administrateur.java:31)
	at tpnote.Administrateur.stockAgence(Administrateur.java:31)
	at tpnote.Administrateur.stockAgence(Administrateur.java:31)
	at tpnote.Administrateur.stockAgence(Administrateur.java:31)
	at tpnote.Administrateur.stockAgence(Administrateur.java:31)
	at tpnote.Administrateur.stockAgence(Administrateur.java:31)
	at tpnote.Administrateur.stockAgence(Administrateur.java:31)
	at tpnote.Administrateur.stockAgence(Administrateur.java:31)
	at tpnote.Administrateur.stockAgence(Administrateur.java:31)
	at tpnote.Administrateur.stockAgence(Administrateur.java:31)
	at tpnote.Administrateur.stockAgence(Administrateur.java:31)
	at tpnote.Administrateur.stockAgence(Administrateur.java:31)
	at tpnote.Administrateur.stockAgence(Administrateur.java:31)
	at tpnote.Administrateur.stockAgence(Administrateur.java:31)
	at tpnote.Administrateur.stockAgence(Administrateur.java:31)
	at tpnote.Administrateur.stockAgence(Administrateur.java:31)
	at tpnote.Administrateur.stockAgence(Administrateur.java:31)
	at tpnote.Administrateur.stockAgence(Administrateur.java:31)
	at tpnote.Administrateur.stockAgence(Administrateur.java:31)
	at tpnote.Administrateur.stockAgence(Administrateur.java:31)
	at tpnote.Administrateur.stockAgence(Administrateur.java:31)
	at tpnote.Administrateur.stockAgence(Administrateur.java:31)
	at tpnote.Administrateur.stockAgence(Administrateur.java:31)
	at tpnote.Administrateur.stockAgence(Administrateur.java:31)
	at tpnote.Administrateur.stockAgence(Administrateur.java:31)
	at tpnote.Administrateur.stockAgence(Administrateur.java:31)
	at tpnote.Administrateur.stockAgence(Administrateur.java:31)
	at tpnote.Administrateur.stockAgence(Administrateur.java:31)
	at tpnote.Administrateur.stockAgence(Administrateur.java:31)
	at tpnote.Administrateur.stockAgence(Administrateur.java:31)
	at tpnote.Administrateur.stockAgence(Administrateur.java:31)
	at tpnote.Administrateur.stockAgence(Administrateur.java:31)
	at tpnote.Administrateur.stockAgence(Administrateur.java:31)
	at tpnote.Administrateur.stockAgence(Administrateur.java:31)
	at tpnote.Administrateur.stockAgence(Administrateur.java:31)
	at tpnote.Administrateur.stockAgence(Administrateur.java:31)
	at tpnote.Administrateur.stockAgence(Administrateur.java:31)
	at tpnote.Administrateur.stockAgence(Administrateur.java:31)
	at tpnote.Administrateur.stockAgence(Administrateur.java:31)
	at tpnote.Administrateur.stockAgence(Administrateur.java:31)
	at tpnote.Administrateur.stockAgence(Administrateur.java:31)
	at tpnote.Administrateur.stockAgence(Administrateur.java:31)
	at tpnote.Administrateur.stockAgence(Administrateur.java:31)
	at tpnote.Administrateur.stockAgence(Administrateur.java:31)
	at tpnote.Administrateur.stockAgence(Administrateur.java:31)
	at tpnote.Administrateur.stockAgence(Administrateur.java:31)
	at tpnote.Administrateur.stockAgence(Administrateur.java:31)
	at tpnote.Administrateur.stockAgence(Administrateur.java:31)
	at tpnote.Administrateur.stockAgence(Administrateur.java:31)
	at tpnote.Administrateur.stockAgence(Administrateur.java:31)
	at tpnote.Administrateur.stockAgence(Administrateur.java:31)
	at tpnote.Administrateur.stockAgence(Administrateur.java:31)
	at tpnote.Administrateur.stockAgence(Administrateur.java:31)
	at tpnote.Administrateur.stockAgence(Administrateur.java:31)
	at tpnote.Administrateur.stockAgence(Administrateur.java:31)
	at tpnote.Administrateur.stockAgence(Administrateur.java:31)
	at tpnote.Administrateur.stockAgence(Administrateur.java:31)
	at tpnote.Administrateur.stockAgence(Administrateur.java:31)
	at tpnote.Administrateur.stockAgence(Administrateur.java:31)
	at tpnote.Administrateur.stockAgence(Administrateur.java:31)
	at tpnote.Administrateur.stockAgence(Administrateur.java:31)
	at tpnote.Administrateur.stockAgence(Administrateur.java:31)
	at tpnote.Administrateur.stockAgence(Administrateur.java:31)
	at tpnote.Administrateur.stockAgence(Administrateur.java:31)
	at tpnote.Administrateur.stockAgence(Administrateur.java:31)
	at tpnote.Administrateur.stockAgence(Administrateur.java:31)
	at tpnote.Administrateur.stockAgence(Administrateur.java:31)
	at tpnote.Administrateur.stockAgence(Administrateur.java:31)
	at tpnote.Administrateur.stockAgence(Administrateur.java:31)
	at tpnote.Administrateur.stockAgence(Administrateur.java:31)
	at tpnote.Administrateur.stockAgence(Administrateur.java:31)
	at tpnote.Administrateur.stockAgence(Administrateur.java:31)
	at tpnote.Administrateur.stockAgence(Administrateur.java:31)
	at tpnote.Administrateur.stockAgence(Administrateur.java:31)
	at tpnote.Administrateur.stockAgence(Administrateur.java:31)
	at tpnote.Administrateur.stockAgence(Administrateur.java:31)
	at tpnote.Administrateur.stockAgence(Administrateur.java:31)
	at tpnote.Administrateur.stockAgence(Administrateur.java:31)
	at tpnote.Administrateur.stockAgence(Administrateur.java:31)
	at tpnote.Administrateur.stockAgence(Administrateur.java:31)
	at tpnote.Administrateur.stockAgence(Administrateur.java:31)
	at tpnote.Administrateur.stockAgence(Administrateur.java:31)
	at tpnote.Administrateur.stockAgence(Administrateur.java:31)
	at tpnote.Administrateur.stockAgence(Administrateur.java:31)
	at tpnote.Administrateur.stockAgence(Administrateur.java:31)
	at tpnote.Administrateur.stockAgence(Administrateur.java:31)
	at tpnote.Administrateur.stockAgence(Administrateur.java:31)
	at tpnote.Administrateur.stockAgence(Administrateur.java:31)
	at tpnote.Administrateur.stockAgence(Administrateur.java:31)
	at tpnote.Administrateur.stockAgence(Administrateur.java:31)
	at tpnote.Administrateur.stockAgence(Administrateur.java:31)
	at tpnote.Administrateur.stockAgence(Administrateur.java:31)
	at tpnote.Administrateur.stockAgence(Administrateur.java:31)
	at tpnote.Administrateur.stockAgence(Administrateur.java:31)
	at tpnote.Administrateur.stockAgence(Administrateur.java:31)
	at tpnote.Administrateur.stockAgence(Administrateur.java:31)
	at tpnote.Administrateur.stockAgence(Administrateur.java:31)
	at tpnote.Administrateur.stockAgence(Administrateur.java:31)
	at tpnote.Administrateur.stockAgence(Administrateur.java:31)
	at tpnote.Administrateur.stockAgence(Administrateur.java:31)
	at tpnote.Administrateur.stockAgence(Administrateur.java:31)
	at tpnote.Administrateur.stockAgence(Administrateur.java:31)
	at tpnote.Administrateur.stockAgence(Administrateur.java:31)
	at tpnote.Administrateur.stockAgence(Administrateur.java:31)
	at tpnote.Administrateur.stockAgence(Administrateur.java:31)
	at tpnote.Administrateur.stockAgence(Administrateur.java:31)
	at tpnote.Administrateur.stockAgence(Administrateur.java:31)
	at tpnote.Administrateur.stockAgence(Administrateur.java:31)
	at tpnote.Administrateur.stockAgence(Administrateur.java:31)
	at tpnote.Administrateur.stockAgence(Administrateur.java:31)
	at tpnote.Administrateur.stockAgence(Administrateur.java:31)
	at tpnote.Administrateur.stockAgence(Administrateur.java:31)
	at tpnote.Administrateur.stockAgence(Administrateur.java:31)
	at tpnote.Administrateur.stockAgence(Administrateur.java:31)
	at tpnote.Administrateur.stockAgence(Administrateur.java:31)
	at tpnote.Administrateur.stockAgence(Administrateur.java:31)
	at tpnote.Administrateur.stockAgence(Administrateur.java:31)
	at tpnote.Administrateur.stockAgence(Administrateur.java:31)
	at tpnote.Administrateur.stockAgence(Administrateur.java:31)
	at tpnote.Administrateur.stockAgence(Administrateur.java:31)
	at tpnote.Administrateur.stockAgence(Administrateur.java:31)
	at tpnote.Administrateur.stockAgence(Administrateur.java:31)
	at tpnote.Administrateur.stockAgence(Administrateur.java:31)
	at tpnote.Administrateur.stockAgence(Administrateur.java:31)
	at tpnote.Administrateur.stockAgence(Administrateur.java:31)
	at tpnote.Administrateur.stockAgence(Administrateur.java:31)
	at tpnote.Administrateur.stockAgence(Administrateur.java:31)
	at tpnote.Administrateur.stockAgence(Administrateur.java:31)
	at tpnote.Administrateur.stockAgence(Administrateur.java:31)
	at tpnote.Administrateur.stockAgence(Administrateur.java:31)
	at tpnote.Administrateur.stockAgence(Administrateur.java:31)
	at tpnote.Administrateur.stockAgence(Administrateur.java:31)
	at tpnote.Administrateur.stockAgence(Administrateur.java:31)
	at tpnote.Administrateur.stockAgence(Administrateur.java:31)
	at tpnote.Administrateur.stockAgence(Administrateur.java:31)
	at tpnote.Administrateur.stockAgence(Administrateur.java:31)
	at tpnote.Administrateur.stockAgence(Administrateur.java:31)
	at tpnote.Administrateur.stockAgence(Administrateur.java:31)
	at tpnote.Administrateur.stockAgence(Administrateur.java:31)
	at tpnote.Administrateur.stockAgence(Administrateur.java:31)
	at tpnote.Administrateur.stockAgence(Administrateur.java:31)
	at tpnote.Administrateur.stockAgence(Administrateur.java:31)
	at tpnote.Administrateur.stockAgence(Administrateur.java:31)
	at tpnote.Administrateur.stockAgence(Administrateur.java:31)
	at tpnote.Administrateur.stockAgence(Administrateur.java:31)
	at tpnote.Administrateur.stockAgence(Administrateur.java:31)
	at tpnote.Administrateur.stockAgence(Administrateur.java:31)
	at tpnote.Administrateur.stockAgence(Administrateur.java:31)
	at tpnote.Administrateur.stockAgence(Administrateur.java:31)
	at tpnote.Administrateur.stockAgence(Administrateur.java:31)
	at tpnote.Administrateur.stockAgence(Administrateur.java:31)
	at tpnote.Administrateur.stockAgence(Administrateur.java:31)
	at tpnote.Administrateur.stockAgence(Administrateur.java:31)
	at tpnote.Administrateur.stockAgence(Administrateur.java:31)
	at tpnote.Administrateur.stockAgence(Administrateur.java:31)
	at tpnote.Administrateur.stockAgence(Administrateur.java:31)
	at tpnote.Administrateur.stockAgence(Administrateur.java:31)
	at tpnote.Administrateur.stockAgence(Administrateur.java:31)
	at tpnote.Administrateur.stockAgence(Administrateur.java:31)
	at tpnote.Administrateur.stockAgence(Administrateur.java:31)
	at tpnote.Administrateur.stockAgence(Administrateur.java:31)
	at tpnote.Administrateur.stockAgence(Administrateur.java:31)
	at tpnote.Administrateur.stockAgence(Administrateur.java:31)
	at tpnote.Administrateur.stockAgence(Administrateur.java:31)
	at tpnote.Administrateur.stockAgence(Administrateur.java:31)
	at tpnote.Administrateur.stockAgence(Administrateur.java:31)
	at tpnote.Administrateur.stockAgence(Administrateur.java:31)
	at tpnote.Administrateur.stockAgence(Administrateur.java:31)
	at tpnote.Administrateur.stockAgence(Administrateur.java:31)
	at tpnote.Administrateur.stockAgence(Administrateur.java:31)
	at tpnote.Administrateur.stockAgence(Administrateur.java:31)
	at tpnote.Administrateur.stockAgence(Administrateur.java:31)
	at tpnote.Administrateur.stockAgence(Administrateur.java:31)
	at tpnote.Administrateur.stockAgence(Administrateur.java:31)
	at tpnote.Administrateur.stockAgence(Administrateur.java:31)
	at tpnote.Administrateur.stockAgence(Administrateur.java:31)
	at tpnote.Administrateur.stockAgence(Administrateur.java:31)
	at tpnote.Administrateur.stockAgence(Administrateur.java:31)
	at tpnote.Administrateur.stockAgence(Administrateur.java:31)
	at tpnote.Administrateur.stockAgence(Administrateur.java:31)
	at tpnote.Administrateur.stockAgence(Administrateur.java:31)
	at tpnote.Administrateur.stockAgence(Administrateur.java:31)
	at tpnote.Administrateur.stockAgence(Administrateur.java:31)
	at tpnote.Administrateur.stockAgence(Administrateur.java:31)
	at tpnote.Administrateur.stockAgence(Administrateur.java:31)
	at tpnote.Administrateur.stockAgence(Administrateur.java:31)
	at tpnote.Administrateur.stockAgence(Administrateur.java:31)
	at tpnote.Administrateur.stockAgence(Administrateur.java:31)
	at tpnote.Administrateur.stockAgence(Administrateur.java:31)
	at tpnote.Administrateur.stockAgence(Administrateur.java:31)
	at tpnote.Administrateur.stockAgence(Administrateur.java:31)
	at tpnote.Administrateur.stockAgence(Administrateur.java:31)
	at tpnote.Administrateur.stockAgence(Administrateur.java:31)
	at tpnote.Administrateur.stockAgence(Administrateur.java:31)
	at tpnote.Administrateur.stockAgence(Administrateur.java:31)
	at tpnote.Administrateur.stockAgence(Administrateur.java:31)
	at tpnote.Administrateur.stockAgence(Administrateur.java:31)
	at tpnote.Administrateur.stockAgence(Administrateur.java:31)
	at tpnote.Administrateur.stockAgence(Administrateur.java:31)
	at tpnote.Administrateur.stockAgence(Administrateur.java:31)
	at tpnote.Administrateur.stockAgence(Administrateur.java:31)
	at tpnote.Administrateur.stockAgence(Administrateur.java:31)
	at tpnote.Administrateur.stockAgence(Administrateur.java:31)
	at tpnote.Administrateur.stockAgence(Administrateur.java:31)
	at tpnote.Administrateur.stockAgence(Administrateur.java:31)
	at tpnote.Administrateur.stockAgence(Administrateur.java:31)
	at tpnote.Administrateur.stockAgence(Administrateur.java:31)
	at tpnote.Administrateur.stockAgence(Administrateur.java:31)
	at tpnote.Administrateur.stockAgence(Administrateur.java:31)
	at tpnote.Administrateur.stockAgence(Administrateur.java:31)
	at tpnote.Administrateur.stockAgence(Administrateur.java:31)
	at tpnote.Administrateur.stockAgence(Administrateur.java:31)
	at tpnote.Administrateur.stockAgence(Administrateur.java:31)
	at tpnote.Administrateur.stockAgence(Administrateur.java:31)
	at tpnote.Administrateur.stockAgence(Administrateur.java:31)
	at tpnote.Administrateur.stockAgence(Administrateur.java:31)
	at tpnote.Administrateur.stockAgence(Administrateur.java:31)
	at tpnote.Administrateur.stockAgence(Administrateur.java:31)
	at tpnote.Administrateur.stockAgence(Administrateur.java:31)
	at tpnote.Administrateur.stockAgence(Administrateur.java:31)
	at tpnote.Administrateur.stockAgence(Administrateur.java:31)
	at tpnote.Administrateur.stockAgence(Administrateur.java:31)
	at tpnote.Administrateur.stockAgence(Administrateur.java:31)
	at tpnote.Administrateur.stockAgence(Administrateur.java:31)
	at tpnote.Administrateur.stockAgence(Administrateur.java:31)
	at tpnote.Administrateur.stockAgence(Administrateur.java:31)
	at tpnote.Administrateur.stockAgence(Administrateur.java:31)
	at tpnote.Administrateur.stockAgence(Administrateur.java:31)
	at tpnote.Administrateur.stockAgence(Administrateur.java:31)
	at tpnote.Administrateur.stockAgence(Administrateur.java:31)
	at tpnote.Administrateur.stockAgence(Administrateur.java:31)
	at tpnote.Administrateur.stockAgence(Administrateur.java:31)
	at tpnote.Administrateur.stockAgence(Administrateur.java:31)
	at tpnote.Administrateur.stockAgence(Administrateur.java:31)
	at tpnote.Administrateur.stockAgence(Administrateur.java:31)
	at tpnote.Administrateur.stockAgence(Administrateur.java:31)
	at tpnote.Administrateur.stockAgence(Administrateur.java:31)
	at tpnote.Administrateur.stockAgence(Administrateur.java:31)
	at tpnote.Administrateur.stockAgence(Administrateur.java:31)
	at tpnote.Administrateur.stockAgence(Administrateur.java:31)
	at tpnote.Administrateur.stockAgence(Administrateur.java:31)
	at tpnote.Administrateur.stockAgence(Administrateur.java:31)
	at tpnote.Administrateur.stockAgence(Administrateur.java:31)
	at tpnote.Administrateur.stockAgence(Administrateur.java:31)
	at tpnote.Administrateur.stockAgence(Administrateur.java:31)
	at tpnote.Administrateur.stockAgence(Administrateur.java:31)
	at tpnote.Administrateur.stockAgence(Administrateur.java:31)
	at tpnote.Administrateur.stockAgence(Administrateur.java:31)
	at tpnote.Administrateur.stockAgence(Administrateur.java:31)
	at tpnote.Administrateur.stockAgence(Administrateur.java:31)
	at tpnote.Administrateur.stockAgence(Administrateur.java:31)
	at tpnote.Administrateur.stockAgence(Administrateur.java:31)
	at tpnote.Administrateur.stockAgence(Administrateur.java:31)
	at tpnote.Administrateur.stockAgence(Administrateur.java:31)
	at tpnote.Administrateur.stockAgence(Administrateur.java:31)
	at tpnote.Administrateur.stockAgence(Administrateur.java:31)
	at tpnote.Administrateur.stockAgence(Administrateur.java:31)
	at tpnote.Administrateur.stockAgence(Administrateur.java:31)
	at tpnote.Administrateur.stockAgence(Administrateur.java:31)
	at tpnote.Administrateur.stockAgence(Administrateur.java:31)
	at tpnote.Administrateur.stockAgence(Administrateur.java:31)
	at tpnote.Administrateur.stockAgence(Administrateur.java:31)
	at tpnote.Administrateur.stockAgence(Administrateur.java:31)
	at tpnote.Administrateur.stockAgence(Administrateur.java:31)
	at tpnote.Administrateur.stockAgence(Administrateur.java:31)
	at tpnote.Administrateur.stockAgence(Administrateur.java:31)
	at tpnote.Administrateur.stockAgence(Administrateur.java:31)
	at tpnote.Administrateur.stockAgence(Administrateur.java:31)
	at tpnote.Administrateur.stockAgence(Administrateur.java:31)
	at tpnote.Administrateur.stockAgence(Administrateur.java:31)
	at tpnote.Administrateur.stockAgence(Administrateur.java:31)
	at tpnote.Administrateur.stockAgence(Administrateur.java:31)
	at tpnote.Administrateur.stockAgence(Administrateur.java:31)
	at tpnote.Administrateur.stockAgence(Administrateur.java:31)
	at tpnote.Administrateur.stockAgence(Administrateur.java:31)
	at tpnote.Administrateur.stockAgence(Administrateur.java:31)
	at tpnote.Administrateur.stockAgence(Administrateur.java:31)
	at tpnote.Administrateur.stockAgence(Administrateur.java:31)
	at tpnote.Administrateur.stockAgence(Administrateur.java:31)
	at tpnote.Administrateur.stockAgence(Administrateur.java:31)
	at tpnote.Administrateur.stockAgence(Administrateur.java:31)
	at tpnote.Administrateur.stockAgence(Administrateur.java:31)
	at tpnote.Administrateur.stockAgence(Administrateur.java:31)
	at tpnote.Administrateur.stockAgence(Administrateur.java:31)
	at tpnote.Administrateur.stockAgence(Administrateur.java:31)
	at tpnote.Administrateur.stockAgence(Administrateur.java:31)
	at tpnote.Administrateur.stockAgence(Administrateur.java:31)
	at tpnote.Administrateur.stockAgence(Administrateur.java:31)
	at tpnote.Administrateur.stockAgence(Administrateur.java:31)
	at tpnote.Administrateur.stockAgence(Administrateur.java:31)
	at tpnote.Administrateur.stockAgence(Administrateur.java:31)
	at tpnote.Administrateur.stockAgence(Administrateur.java:31)
	at tpnote.Administrateur.stockAgence(Administrateur.java:31)
	at tpnote.Administrateur.stockAgence(Administrateur.java:31)
	at tpnote.Administrateur.stockAgence(Administrateur.java:31)
	at tpnote.Administrateur.stockAgence(Administrateur.java:31)
	at tpnote.Administrateur.stockAgence(Administrateur.java:31)
	at tpnote.Administrateur.stockAgence(Administrateur.java:31)
	at tpnote.Administrateur.stockAgence(Administrateur.java:31)
	at tpnote.Administrateur.stockAgence(Administrateur.java:31)
	at tpnote.Administrateur.stockAgence(Administrateur.java:31)
	at tpnote.Administrateur.stockAgence(Administrateur.java:31)
	at tpnote.Administrateur.stockAgence(Administrateur.java:31)
	at tpnote.Administrateur.stockAgence(Administrateur.java:31)
	at tpnote.Administrateur.stockAgence(Administrateur.java:31)
	at tpnote.Administrateur.stockAgence(Administrateur.java:31)
	at tpnote.Administrateur.stockAgence(Administrateur.java:31)
	at tpnote.Administrateur.stockAgence(Administrateur.java:31)
	at tpnote.Administrateur.stockAgence(Administrateur.java:31)
	at tpnote.Administrateur.stockAgence(Administrateur.java:31)
	at tpnote.Administrateur.stockAgence(Administrateur.java:31)
	at tpnote.Administrateur.stockAgence(Administrateur.java:31)
	at tpnote.Administrateur.stockAgence(Administrateur.java:31)
	at tpnote.Administrateur.stockAgence(Administrateur.java:31)
	at tpnote.Administrateur.stockAgence(Administrateur.java:31)
	at tpnote.Administrateur.stockAgence(Administrateur.java:31)
	at tpnote.Administrateur.stockAgence(Administrateur.java:31)
	at tpnote.Administrateur.stockAgence(Administrateur.java:31)
	at tpnote.Administrateur.stockAgence(Administrateur.java:31)
	at tpnote.Administrateur.stockAgence(Administrateur.java:31)
	at tpnote.Administrateur.stockAgence(Administrateur.java:31)
	at tpnote.Administrateur.stockAgence(Administrateur.java:31)
	at tpnote.Administrateur.stockAgence(Administrateur.java:31)
	at tpnote.Administrateur.stockAgence(Administrateur.java:31)
	at tpnote.Administrateur.stockAgence(Administrateur.java:31)
	at tpnote.Administrateur.stockAgence(Administrateur.java:31)
	at tpnote.Administrateur.stockAgence(Administrateur.java:31)
	at tpnote.Administrateur.stockAgence(Administrateur.java:31)
	at tpnote.Administrateur.stockAgence(Administrateur.java:31)
	at tpnote.Administrateur.stockAgence(Administrateur.java:31)
	at tpnote.Administrateur.stockAgence(Administrateur.java:31)
	at tpnote.Administrateur.stockAgence(Administrateur.java:31)
	at tpnote.Administrateur.stockAgence(Administrateur.java:31)
	at tpnote.Administrateur.stockAgence(Administrateur.java:31)
	at tpnote.Administrateur.stockAgence(Administrateur.java:31)
	at tpnote.Administrateur.stockAgence(Administrateur.java:31)
	at tpnote.Administrateur.stockAgence(Administrateur.java:31)
	at tpnote.Administrateur.stockAgence(Administrateur.java:31)
	at tpnote.Administrateur.stockAgence(Administrateur.java:31)
	at tpnote.Administrateur.stockAgence(Administrateur.java:31)
	at tpnote.Administrateur.stockAgence(Administrateur.java:31)
	at tpnote.Administrateur.stockAgence(Administrateur.java:31)
	at tpnote.Administrateur.stockAgence(Administrateur.java:31)
	at tpnote.Administrateur.stockAgence(Administrateur.java:31)
	at tpnote.Administrateur.stockAgence(Administrateur.java:31)
	at tpnote.Administrateur.stockAgence(Administrateur.java:31)
	at tpnote.Administrateur.stockAgence(Administrateur.java:31)
	at tpnote.Administrateur.stockAgence(Administrateur.java:31)
	at tpnote.Administrateur.stockAgence(Administrateur.java:31)
	at tpnote.Administrateur.stockAgence(Administrateur.java:31)
	at tpnote.Administrateur.stockAgence(Administrateur.java:31)
	at tpnote.Administrateur.stockAgence(Administrateur.java:31)
	at tpnote.Administrateur.stockAgence(Administrateur.java:31)
	at tpnote.Administrateur.stockAgence(Administrateur.java:31)
	at tpnote.Administrateur.stockAgence(Administrateur.java:31)
	at tpnote.Administrateur.stockAgence(Administrateur.java:31)
	at tpnote.Administrateur.stockAgence(Administrateur.java:31)
	at tpnote.Administrateur.stockAgence(Administrateur.java:31)
	at tpnote.Administrateur.stockAgence(Administrateur.java:31)
	at tpnote.Administrateur.stockAgence(Administrateur.java:31)
	at tpnote.Administrateur.stockAgence(Administrateur.java:31)
	at tpnote.Administrateur.stockAgence(Administrateur.java:31)
	at tpnote.Administrateur.stockAgence(Administrateur.java:31)
	at tpnote.Administrateur.stockAgence(Administrateur.java:31)
	at tpnote.Administrateur.stockAgence(Administrateur.java:31)
	at tpnote.Administrateur.stockAgence(Administrateur.java:31)
	at tpnote.Administrateur.stockAgence(Administrateur.java:31)
	at tpnote.Administrateur.stockAgence(Administrateur.java:31)
	at tpnote.Administrateur.stockAgence(Administrateur.java:31)
	at tpnote.Administrateur.stockAgence(Administrateur.java:31)
	at tpnote.Administrateur.stockAgence(Administrateur.java:31)
	at tpnote.Administrateur.stockAgence(Administrateur.java:31)
	at tpnote.Administrateur.stockAgence(Administrateur.java:31)
	at tpnote.Administrateur.stockAgence(Administrateur.java:31)
	at tpnote.Administrateur.stockAgence(Administrateur.java:31)
	at tpnote.Administrateur.stockAgence(Administrateur.java:31)
	at tpnote.Administrateur.stockAgence(Administrateur.java:31)
	at tpnote.Administrateur.stockAgence(Administrateur.java:31)
	at tpnote.Administrateur.stockAgence(Administrateur.java:31)
	at tpnote.Administrateur.stockAgence(Administrateur.java:31)
	at tpnote.Administrateur.stockAgence(Administrateur.java:31)
	at tpnote.Administrateur.stockAgence(Administrateur.java:31)
	at tpnote.Administrateur.stockAgence(Administrateur.java:31)
	at tpnote.Administrateur.stockAgence(Administrateur.java:31)
	at tpnote.Administrateur.stockAgence(Administrateur.java:31)
	at tpnote.Administrateur.stockAgence(Administrateur.java:31)
	at tpnote.Administrateur.stockAgence(Administrateur.java:31)
	at tpnote.Administrateur.stockAgence(Administrateur.java:31)
	at tpnote.Administrateur.stockAgence(Administrateur.java:31)
	at tpnote.Administrateur.stockAgence(Administrateur.java:31)
	at tpnote.Administrateur.stockAgence(Administrateur.java:31)
	at tpnote.Administrateur.stockAgence(Administrateur.java:31)
	at tpnote.Administrateur.stockAgence(Administrateur.java:31)
	at tpnote.Administrateur.stockAgence(Administrateur.java:31)
	at tpnote.Administrateur.stockAgence(Administrateur.java:31)
	at tpnote.Administrateur.stockAgence(Administrateur.java:31)
	at tpnote.Administrateur.stockAgence(Administrateur.java:31)
	at tpnote.Administrateur.stockAgence(Administrateur.java:31)
</error>
  </testcase>
  <testcase classname="tpnote.AdministrateurTest" name="transfererMateriel_OK" time="0"/>
  <testcase classname="tpnote.AdministrateurTest" name="supprimerMaterielDefectueuxAgence_avecMaterielDefectueux" time="0">
    <error type="java.util.ConcurrentModificationException">java.util.ConcurrentModificationException
	at java.util.ArrayList$Itr.checkForComodification(ArrayList.java:901)
	at java.util.ArrayList$Itr.next(ArrayList.java:851)
	at tpnote.Administrateur.supprimerMaterielDefectueuxDe(Administrateur.java:52)
	at tpnote.Administrateur.supprimerMaterielDefectueuxAgence(Administrateur.java:48)
	at tpnote.AdministrateurTest.supprimerMaterielDefectueuxAgence_avecMaterielDefectueux(AdministrateurTest.java:159)
	at sun.reflect.NativeMethodAccessorImpl.invoke0(Native Method)
	at sun.reflect.NativeMethodAccessorImpl.invoke(NativeMethodAccessorImpl.java:62)
	at sun.reflect.DelegatingMethodAccessorImpl.invoke(DelegatingMethodAccessorImpl.java:43)
	at java.lang.reflect.Method.invoke(Method.java:497)
	at org.junit.runners.model.FrameworkMethod$1.runReflectiveCall(FrameworkMethod.java:50)
	at org.junit.internal.runners.model.ReflectiveCallable.run(ReflectiveCallable.java:12)
	at org.junit.runners.model.FrameworkMethod.invokeExplosively(FrameworkMethod.java:47)
	at org.junit.internal.runners.statements.InvokeMethod.evaluate(InvokeMethod.java:17)
	at org.junit.internal.runners.statements.RunBefores.evaluate(RunBefores.java:26)
	at org.junit.runners.ParentRunner.runLeaf(ParentRunner.java:325)
	at org.junit.runners.BlockJUnit4ClassRunner.runChild(BlockJUnit4ClassRunner.java:78)
	at org.junit.runners.BlockJUnit4ClassRunner.runChild(BlockJUnit4ClassRunner.java:57)
	at org.junit.runners.ParentRunner$3.run(ParentRunner.java:290)
	at org.junit.runners.ParentRunner$1.schedule(ParentRunner.java:71)
	at org.junit.runners.ParentRunner.runChildren(ParentRunner.java:288)
	at org.junit.runners.ParentRunner.access$000(ParentRunner.java:58)
	at org.junit.runners.ParentRunner$2.evaluate(ParentRunner.java:268)
	at org.junit.runners.ParentRunner.run(ParentRunner.java:363)
	at org.apache.maven.surefire.junit4.JUnit4Provider.execute(JUnit4Provider.java:252)
	at org.apache.maven.surefire.junit4.JUnit4Provider.executeTestSet(JUnit4Provider.java:141)
	at org.apache.maven.surefire.junit4.JUnit4Provider.invoke(JUnit4Provider.java:112)
	at sun.reflect.NativeMethodAccessorImpl.invoke0(Native Method)
	at sun.reflect.NativeMethodAccessorImpl.invoke(NativeMethodAccessorImpl.java:62)
	at sun.reflect.DelegatingMethodAccessorImpl.invoke(DelegatingMethodAccessorImpl.java:43)
	at java.lang.reflect.Method.invoke(Method.java:497)
	at org.apache.maven.surefire.util.ReflectionUtils.invokeMethodWithArray(ReflectionUtils.java:189)
	at org.apache.maven.surefire.booter.ProviderFactory$ProviderProxy.invoke(ProviderFactory.java:165)
	at org.apache.maven.surefire.booter.ProviderFactory.invokeProvider(ProviderFactory.java:85)
	at org.apache.maven.surefire.booter.ForkedBooter.runSuitesInProcess(ForkedBooter.java:115)
	at org.apache.maven.surefire.booter.ForkedBooter.main(ForkedBooter.java:75)
</error>
  </testcase>
  <testcase classname="tpnote.AdministrateurTest" name="supprimerMaterielDefectueuxEntreprise_avecMaterielDefectueux" time="0">
    <error type="java.util.ConcurrentModificationException">java.util.ConcurrentModificationException
	at java.util.ArrayList$Itr.checkForComodification(ArrayList.java:901)
	at java.util.ArrayList$Itr.next(ArrayList.java:851)
	at tpnote.Administrateur.supprimerMaterielDefectueuxDe(Administrateur.java:52)
	at tpnote.Administrateur.supprimerMaterielDefectueuxEntreprise(Administrateur.java:45)
	at tpnote.AdministrateurTest.supprimerMaterielDefectueuxEntreprise_avecMaterielDefectueux(AdministrateurTest.java:135)
	at sun.reflect.NativeMethodAccessorImpl.invoke0(Native Method)
	at sun.reflect.NativeMethodAccessorImpl.invoke(NativeMethodAccessorImpl.java:62)
	at sun.reflect.DelegatingMethodAccessorImpl.invoke(DelegatingMethodAccessorImpl.java:43)
	at java.lang.reflect.Method.invoke(Method.java:497)
	at org.junit.runners.model.FrameworkMethod$1.runReflectiveCall(FrameworkMethod.java:50)
	at org.junit.internal.runners.model.ReflectiveCallable.run(ReflectiveCallable.java:12)
	at org.junit.runners.model.FrameworkMethod.invokeExplosively(FrameworkMethod.java:47)
	at org.junit.internal.runners.statements.InvokeMethod.evaluate(InvokeMethod.java:17)
	at org.junit.internal.runners.statements.RunBefores.evaluate(RunBefores.java:26)
	at org.junit.runners.ParentRunner.runLeaf(ParentRunner.java:325)
	at org.junit.runners.BlockJUnit4ClassRunner.runChild(BlockJUnit4ClassRunner.java:78)
	at org.junit.runners.BlockJUnit4ClassRunner.runChild(BlockJUnit4ClassRunner.java:57)
	at org.junit.runners.ParentRunner$3.run(ParentRunner.java:290)
	at org.junit.runners.ParentRunner$1.schedule(ParentRunner.java:71)
	at org.junit.runners.ParentRunner.runChildren(ParentRunner.java:288)
	at org.junit.runners.ParentRunner.access$000(ParentRunner.java:58)
	at org.junit.runners.ParentRunner$2.evaluate(ParentRunner.java:268)
	at org.junit.runners.ParentRunner.run(ParentRunner.java:363)
	at org.apache.maven.surefire.junit4.JUnit4Provider.execute(JUnit4Provider.java:252)
	at org.apache.maven.surefire.junit4.JUnit4Provider.executeTestSet(JUnit4Provider.java:141)
	at org.apache.maven.surefire.junit4.JUnit4Provider.invoke(JUnit4Provider.java:112)
	at sun.reflect.NativeMethodAccessorImpl.invoke0(Native Method)
	at sun.reflect.NativeMethodAccessorImpl.invoke(NativeMethodAccessorImpl.java:62)
	at sun.reflect.DelegatingMethodAccessorImpl.invoke(DelegatingMethodAccessorImpl.java:43)
	at java.lang.reflect.Method.invoke(Method.java:497)
	at org.apache.maven.surefire.util.ReflectionUtils.invokeMethodWithArray(ReflectionUtils.java:189)
	at org.apache.maven.surefire.booter.ProviderFactory$ProviderProxy.invoke(ProviderFactory.java:165)
	at org.apache.maven.surefire.booter.ProviderFactory.invokeProvider(ProviderFactory.java:85)
	at org.apache.maven.surefire.booter.ForkedBooter.runSuitesInProcess(ForkedBooter.java:115)
	at org.apache.maven.surefire.booter.ForkedBooter.main(ForkedBooter.java:75)
</error>
  </testcase>
  <testcase classname="tpnote.AdministrateurTest" name="transfererMateriel_envoyeurAObjectMaisReserveAgence" time="0"/>
  <testcase classname="tpnote.AdministrateurTest" name="recupererMateriel" time="0">
    <failure message="recupererMateriel: fail expected:&lt;1&gt; but was:&lt;0&gt;" type="java.lang.AssertionError">java.lang.AssertionError: recupererMateriel: fail expected:&lt;1&gt; but was:&lt;0&gt;
	at org.junit.Assert.fail(Assert.java:88)
	at org.junit.Assert.failNotEquals(Assert.java:834)
	at org.junit.Assert.assertEquals(Assert.java:645)
	at tpnote.AdministrateurTest.recupererMateriel(AdministrateurTest.java:77)
	at sun.reflect.NativeMethodAccessorImpl.invoke0(Native Method)
	at sun.reflect.NativeMethodAccessorImpl.invoke(NativeMethodAccessorImpl.java:62)
	at sun.reflect.DelegatingMethodAccessorImpl.invoke(DelegatingMethodAccessorImpl.java:43)
	at java.lang.reflect.Method.invoke(Method.java:497)
	at org.junit.runners.model.FrameworkMethod$1.runReflectiveCall(FrameworkMethod.java:50)
	at org.junit.internal.runners.model.ReflectiveCallable.run(ReflectiveCallable.java:12)
	at org.junit.runners.model.FrameworkMethod.invokeExplosively(FrameworkMethod.java:47)
	at org.junit.internal.runners.statements.InvokeMethod.evaluate(InvokeMethod.java:17)
	at org.junit.internal.runners.statements.RunBefores.evaluate(RunBefores.java:26)
	at org.junit.runners.ParentRunner.runLeaf(ParentRunner.java:325)
	at org.junit.runners.BlockJUnit4ClassRunner.runChild(BlockJUnit4ClassRunner.java:78)
	at org.junit.runners.BlockJUnit4ClassRunner.runChild(BlockJUnit4ClassRunner.java:57)
	at org.junit.runners.ParentRunner$3.run(ParentRunner.java:290)
	at org.junit.runners.ParentRunner$1.schedule(ParentRunner.java:71)
	at org.junit.runners.ParentRunner.runChildren(ParentRunner.java:288)
	at org.junit.runners.ParentRunner.access$000(ParentRunner.java:58)
	at org.junit.runners.ParentRunner$2.evaluate(ParentRunner.java:268)
	at org.junit.runners.ParentRunner.run(ParentRunner.java:363)
	at org.apache.maven.surefire.junit4.JUnit4Provider.execute(JUnit4Provider.java:252)
	at org.apache.maven.surefire.junit4.JUnit4Provider.executeTestSet(JUnit4Provider.java:141)
	at org.apache.maven.surefire.junit4.JUnit4Provider.invoke(JUnit4Provider.java:112)
	at sun.reflect.NativeMethodAccessorImpl.invoke0(Native Method)
	at sun.reflect.NativeMethodAccessorImpl.invoke(NativeMethodAccessorImpl.java:62)
	at sun.reflect.DelegatingMethodAccessorImpl.invoke(DelegatingMethodAccessorImpl.java:43)
	at java.lang.reflect.Method.invoke(Method.java:497)
	at org.apache.maven.surefire.util.ReflectionUtils.invokeMethodWithArray(ReflectionUtils.java:189)
	at org.apache.maven.surefire.booter.ProviderFactory$ProviderProxy.invoke(ProviderFactory.java:165)
	at org.apache.maven.surefire.booter.ProviderFactory.invokeProvider(ProviderFactory.java:85)
	at org.apache.maven.surefire.booter.ForkedBooter.runSuitesInProcess(ForkedBooter.java:115)
	at org.apache.maven.surefire.booter.ForkedBooter.main(ForkedBooter.java:75)
</failure>
  </testcase>
  <testcase classname="tpnote.AdministrateurTest" name="supprimerMaterielDefectueuxAgence_sansMaterielDefectueux" time="0"/>
  <testcase classname="tpnote.AdministrateurTest" name="stockEntreprise" time="0.052">
    <error type="java.lang.StackOverflowError">java.lang.StackOverflowError
	at tpnote.Administrateur.stockEntreprise(Administrateur.java:26)
	at tpnote.Administrateur.stockEntreprise(Administrateur.java:26)
	at tpnote.Administrateur.stockEntreprise(Administrateur.java:26)
	at tpnote.Administrateur.stockEntreprise(Administrateur.java:26)
	at tpnote.Administrateur.stockEntreprise(Administrateur.java:26)
	at tpnote.Administrateur.stockEntreprise(Administrateur.java:26)
	at tpnote.Administrateur.stockEntreprise(Administrateur.java:26)
	at tpnote.Administrateur.stockEntreprise(Administrateur.java:26)
	at tpnote.Administrateur.stockEntreprise(Administrateur.java:26)
	at tpnote.Administrateur.stockEntreprise(Administrateur.java:26)
	at tpnote.Administrateur.stockEntreprise(Administrateur.java:26)
	at tpnote.Administrateur.stockEntreprise(Administrateur.java:26)
	at tpnote.Administrateur.stockEntreprise(Administrateur.java:26)
	at tpnote.Administrateur.stockEntreprise(Administrateur.java:26)
	at tpnote.Administrateur.stockEntreprise(Administrateur.java:26)
	at tpnote.Administrateur.stockEntreprise(Administrateur.java:26)
	at tpnote.Administrateur.stockEntreprise(Administrateur.java:26)
	at tpnote.Administrateur.stockEntreprise(Administrateur.java:26)
	at tpnote.Administrateur.stockEntreprise(Administrateur.java:26)
	at tpnote.Administrateur.stockEntreprise(Administrateur.java:26)
	at tpnote.Administrateur.stockEntreprise(Administrateur.java:26)
	at tpnote.Administrateur.stockEntreprise(Administrateur.java:26)
	at tpnote.Administrateur.stockEntreprise(Administrateur.java:26)
	at tpnote.Administrateur.stockEntreprise(Administrateur.java:26)
	at tpnote.Administrateur.stockEntreprise(Administrateur.java:26)
	at tpnote.Administrateur.stockEntreprise(Administrateur.java:26)
	at tpnote.Administrateur.stockEntreprise(Administrateur.java:26)
	at tpnote.Administrateur.stockEntreprise(Administrateur.java:26)
	at tpnote.Administrateur.stockEntreprise(Administrateur.java:26)
	at tpnote.Administrateur.stockEntreprise(Administrateur.java:26)
	at tpnote.Administrateur.stockEntreprise(Administrateur.java:26)
	at tpnote.Administrateur.stockEntreprise(Administrateur.java:26)
	at tpnote.Administrateur.stockEntreprise(Administrateur.java:26)
	at tpnote.Administrateur.stockEntreprise(Administrateur.java:26)
	at tpnote.Administrateur.stockEntreprise(Administrateur.java:26)
	at tpnote.Administrateur.stockEntreprise(Administrateur.java:26)
	at tpnote.Administrateur.stockEntreprise(Administrateur.java:26)
	at tpnote.Administrateur.stockEntreprise(Administrateur.java:26)
	at tpnote.Administrateur.stockEntreprise(Administrateur.java:26)
	at tpnote.Administrateur.stockEntreprise(Administrateur.java:26)
	at tpnote.Administrateur.stockEntreprise(Administrateur.java:26)
	at tpnote.Administrateur.stockEntreprise(Administrateur.java:26)
	at tpnote.Administrateur.stockEntreprise(Administrateur.java:26)
	at tpnote.Administrateur.stockEntreprise(Administrateur.java:26)
	at tpnote.Administrateur.stockEntreprise(Administrateur.java:26)
	at tpnote.Administrateur.stockEntreprise(Administrateur.java:26)
	at tpnote.Administrateur.stockEntreprise(Administrateur.java:26)
	at tpnote.Administrateur.stockEntreprise(Administrateur.java:26)
	at tpnote.Administrateur.stockEntreprise(Administrateur.java:26)
	at tpnote.Administrateur.stockEntreprise(Administrateur.java:26)
	at tpnote.Administrateur.stockEntreprise(Administrateur.java:26)
	at tpnote.Administrateur.stockEntreprise(Administrateur.java:26)
	at tpnote.Administrateur.stockEntreprise(Administrateur.java:26)
	at tpnote.Administrateur.stockEntreprise(Administrateur.java:26)
	at tpnote.Administrateur.stockEntreprise(Administrateur.java:26)
	at tpnote.Administrateur.stockEntreprise(Administrateur.java:26)
	at tpnote.Administrateur.stockEntreprise(Administrateur.java:26)
	at tpnote.Administrateur.stockEntreprise(Administrateur.java:26)
	at tpnote.Administrateur.stockEntreprise(Administrateur.java:26)
	at tpnote.Administrateur.stockEntreprise(Administrateur.java:26)
	at tpnote.Administrateur.stockEntreprise(Administrateur.java:26)
	at tpnote.Administrateur.stockEntreprise(Administrateur.java:26)
	at tpnote.Administrateur.stockEntreprise(Administrateur.java:26)
	at tpnote.Administrateur.stockEntreprise(Administrateur.java:26)
	at tpnote.Administrateur.stockEntreprise(Administrateur.java:26)
	at tpnote.Administrateur.stockEntreprise(Administrateur.java:26)
	at tpnote.Administrateur.stockEntreprise(Administrateur.java:26)
	at tpnote.Administrateur.stockEntreprise(Administrateur.java:26)
	at tpnote.Administrateur.stockEntreprise(Administrateur.java:26)
	at tpnote.Administrateur.stockEntreprise(Administrateur.java:26)
	at tpnote.Administrateur.stockEntreprise(Administrateur.java:26)
	at tpnote.Administrateur.stockEntreprise(Administrateur.java:26)
	at tpnote.Administrateur.stockEntreprise(Administrateur.java:26)
	at tpnote.Administrateur.stockEntreprise(Administrateur.java:26)
	at tpnote.Administrateur.stockEntreprise(Administrateur.java:26)
	at tpnote.Administrateur.stockEntreprise(Administrateur.java:26)
	at tpnote.Administrateur.stockEntreprise(Administrateur.java:26)
	at tpnote.Administrateur.stockEntreprise(Administrateur.java:26)
	at tpnote.Administrateur.stockEntreprise(Administrateur.java:26)
	at tpnote.Administrateur.stockEntreprise(Administrateur.java:26)
	at tpnote.Administrateur.stockEntreprise(Administrateur.java:26)
	at tpnote.Administrateur.stockEntreprise(Administrateur.java:26)
	at tpnote.Administrateur.stockEntreprise(Administrateur.java:26)
	at tpnote.Administrateur.stockEntreprise(Administrateur.java:26)
	at tpnote.Administrateur.stockEntreprise(Administrateur.java:26)
	at tpnote.Administrateur.stockEntreprise(Administrateur.java:26)
	at tpnote.Administrateur.stockEntreprise(Administrateur.java:26)
	at tpnote.Administrateur.stockEntreprise(Administrateur.java:26)
	at tpnote.Administrateur.stockEntreprise(Administrateur.java:26)
	at tpnote.Administrateur.stockEntreprise(Administrateur.java:26)
	at tpnote.Administrateur.stockEntreprise(Administrateur.java:26)
	at tpnote.Administrateur.stockEntreprise(Administrateur.java:26)
	at tpnote.Administrateur.stockEntreprise(Administrateur.java:26)
	at tpnote.Administrateur.stockEntreprise(Administrateur.java:26)
	at tpnote.Administrateur.stockEntreprise(Administrateur.java:26)
	at tpnote.Administrateur.stockEntreprise(Administrateur.java:26)
	at tpnote.Administrateur.stockEntreprise(Administrateur.java:26)
	at tpnote.Administrateur.stockEntreprise(Administrateur.java:26)
	at tpnote.Administrateur.stockEntreprise(Administrateur.java:26)
	at tpnote.Administrateur.stockEntreprise(Administrateur.java:26)
	at tpnote.Administrateur.stockEntreprise(Administrateur.java:26)
[...]
	at tpnote.Administrateur.stockEntreprise(Administrateur.java:26)
	at tpnote.Administrateur.stockEntreprise(Administrateur.java:26)
	at tpnote.Administrateur.stockEntreprise(Administrateur.java:26)
	at tpnote.Administrateur.stockEntreprise(Administrateur.java:26)
	at tpnote.Administrateur.stockEntreprise(Administrateur.java:26)
	at tpnote.Administrateur.stockEntreprise(Administrateur.java:26)
	at tpnote.Administrateur.stockEntreprise(Administrateur.java:26)
	at tpnote.Administrateur.stockEntreprise(Administrateur.java:26)
	at tpnote.Administrateur.stockEntreprise(Administrateur.java:26)
	at tpnote.Administrateur.stockEntreprise(Administrateur.java:26)
	at tpnote.Administrateur.stockEntreprise(Administrateur.java:26)
	at tpnote.Administrateur.stockEntreprise(Administrateur.java:26)
	at tpnote.Administrateur.stockEntreprise(Administrateur.java:26)
	at tpnote.Administrateur.stockEntreprise(Administrateur.java:26)
	at tpnote.Administrateur.stockEntreprise(Administrateur.java:26)
	at tpnote.Administrateur.stockEntreprise(Administrateur.java:26)
	at tpnote.Administrateur.stockEntreprise(Administrateur.java:26)
	at tpnote.Administrateur.stockEntreprise(Administrateur.java:26)
	at tpnote.Administrateur.stockEntreprise(Administrateur.java:26)
	at tpnote.Administrateur.stockEntreprise(Administrateur.java:26)
	at tpnote.Administrateur.stockEntreprise(Administrateur.java:26)
	at tpnote.Administrateur.stockEntreprise(Administrateur.java:26)
	at tpnote.Administrateur.stockEntreprise(Administrateur.java:26)
	at tpnote.Administrateur.stockEntreprise(Administrateur.java:26)
	at tpnote.Administrateur.stockEntreprise(Administrateur.java:26)
	at tpnote.Administrateur.stockEntreprise(Administrateur.java:26)
	at tpnote.Administrateur.stockEntreprise(Administrateur.java:26)
	at tpnote.Administrateur.stockEntreprise(Administrateur.java:26)
	at tpnote.Administrateur.stockEntreprise(Administrateur.java:26)
	at tpnote.Administrateur.stockEntreprise(Administrateur.java:26)
	at tpnote.Administrateur.stockEntreprise(Administrateur.java:26)
	at tpnote.Administrateur.stockEntreprise(Administrateur.java:26)
	at tpnote.Administrateur.stockEntreprise(Administrateur.java:26)
	at tpnote.Administrateur.stockEntreprise(Administrateur.java:26)
	at tpnote.Administrateur.stockEntreprise(Administrateur.java:26)
	at tpnote.Administrateur.stockEntreprise(Administrateur.java:26)
	at tpnote.Administrateur.stockEntreprise(Administrateur.java:26)
	at tpnote.Administrateur.stockEntreprise(Administrateur.java:26)
	at tpnote.Administrateur.stockEntreprise(Administrateur.java:26)
	at tpnote.Administrateur.stockEntreprise(Administrateur.java:26)
	at tpnote.Administrateur.stockEntreprise(Administrateur.java:26)
	at tpnote.Administrateur.stockEntreprise(Administrateur.java:26)
	at tpnote.Administrateur.stockEntreprise(Administrateur.java:26)
	at tpnote.Administrateur.stockEntreprise(Administrateur.java:26)
	at tpnote.Administrateur.stockEntreprise(Administrateur.java:26)
	at tpnote.Administrateur.stockEntreprise(Administrateur.java:26)
	at tpnote.Administrateur.stockEntreprise(Administrateur.java:26)
	at tpnote.Administrateur.stockEntreprise(Administrateur.java:26)
	at tpnote.Administrateur.stockEntreprise(Administrateur.java:26)
	at tpnote.Administrateur.stockEntreprise(Administrateur.java:26)
	at tpnote.Administrateur.stockEntreprise(Administrateur.java:26)
	at tpnote.Administrateur.stockEntreprise(Administrateur.java:26)
	at tpnote.Administrateur.stockEntreprise(Administrateur.java:26)
	at tpnote.Administrateur.stockEntreprise(Administrateur.java:26)
	at tpnote.Administrateur.stockEntreprise(Administrateur.java:26)
	at tpnote.Administrateur.stockEntreprise(Administrateur.java:26)
	at tpnote.Administrateur.stockEntreprise(Administrateur.java:26)
	at tpnote.Administrateur.stockEntreprise(Administrateur.java:26)
	at tpnote.Administrateur.stockEntreprise(Administrateur.java:26)
	at tpnote.Administrateur.stockEntreprise(Administrateur.java:26)
	at tpnote.Administrateur.stockEntreprise(Administrateur.java:26)
	at tpnote.Administrateur.stockEntreprise(Administrateur.java:26)
	at tpnote.Administrateur.stockEntreprise(Administrateur.java:26)
	at tpnote.Administrateur.stockEntreprise(Administrateur.java:26)
	at tpnote.Administrateur.stockEntreprise(Administrateur.java:26)
	at tpnote.Administrateur.stockEntreprise(Administrateur.java:26)
	at tpnote.Administrateur.stockEntreprise(Administrateur.java:26)
	at tpnote.Administrateur.stockEntreprise(Administrateur.java:26)
	at tpnote.Administrateur.stockEntreprise(Administrateur.java:26)
	at tpnote.Administrateur.stockEntreprise(Administrateur.java:26)
	at tpnote.Administrateur.stockEntreprise(Administrateur.java:26)
	at tpnote.Administrateur.stockEntreprise(Administrateur.java:26)
	at tpnote.Administrateur.stockEntreprise(Administrateur.java:26)
	at tpnote.Administrateur.stockEntreprise(Administrateur.java:26)
	at tpnote.Administrateur.stockEntreprise(Administrateur.java:26)
	at tpnote.Administrateur.stockEntreprise(Administrateur.java:26)
	at tpnote.Administrateur.stockEntreprise(Administrateur.java:26)
	at tpnote.Administrateur.stockEntreprise(Administrateur.java:26)
	at tpnote.Administrateur.stockEntreprise(Administrateur.java:26)
	at tpnote.Administrateur.stockEntreprise(Administrateur.java:26)
	at tpnote.Administrateur.stockEntreprise(Administrateur.java:26)
	at tpnote.Administrateur.stockEntreprise(Administrateur.java:26)
	at tpnote.Administrateur.stockEntreprise(Administrateur.java:26)
	at tpnote.Administrateur.stockEntreprise(Administrateur.java:26)
	at tpnote.Administrateur.stockEntreprise(Administrateur.java:26)
	at tpnote.Administrateur.stockEntreprise(Administrateur.java:26)
	at tpnote.Administrateur.stockEntreprise(Administrateur.java:26)
	at tpnote.Administrateur.stockEntreprise(Administrateur.java:26)
	at tpnote.Administrateur.stockEntreprise(Administrateur.java:26)
	at tpnote.Administrateur.stockEntreprise(Administrateur.java:26)
	at tpnote.Administrateur.stockEntreprise(Administrateur.java:26)
	at tpnote.Administrateur.stockEntreprise(Administrateur.java:26)
	at tpnote.Administrateur.stockEntreprise(Administrateur.java:26)
	at tpnote.Administrateur.stockEntreprise(Administrateur.java:26)
	at tpnote.Administrateur.stockEntreprise(Administrateur.java:26)
	at tpnote.Administrateur.stockEntreprise(Administrateur.java:26)
	at tpnote.Administrateur.stockEntreprise(Administrateur.java:26)
	at tpnote.Administrateur.stockEntreprise(Administrateur.java:26)
	at tpnote.Administrateur.stockEntreprise(Administrateur.java:26)
	at tpnote.Administrateur.stockEntreprise(Administrateur.java:26)
	at tpnote.Administrateur.stockEntreprise(Administrateur.java:26)
	at tpnote.Administrateur.stockEntreprise(Administrateur.java:26)
	at tpnote.Administrateur.stockEntreprise(Administrateur.java:26)
	at tpnote.Administrateur.stockEntreprise(Administrateur.java:26)
	at tpnote.Administrateur.stockEntreprise(Administrateur.java:26)
	at tpnote.Administrateur.stockEntreprise(Administrateur.java:26)
	at tpnote.Administrateur.stockEntreprise(Administrateur.java:26)
	at tpnote.Administrateur.stockEntreprise(Administrateur.java:26)
	at tpnote.Administrateur.stockEntreprise(Administrateur.java:26)
	at tpnote.Administrateur.stockEntreprise(Administrateur.java:26)
	at tpnote.Administrateur.stockEntreprise(Administrateur.java:26)
	at tpnote.Administrateur.stockEntreprise(Administrateur.java:26)
	at tpnote.Administrateur.stockEntreprise(Administrateur.java:26)
	at tpnote.Administrateur.stockEntreprise(Administrateur.java:26)
	at tpnote.Administrateur.stockEntreprise(Administrateur.java:26)
	at tpnote.Administrateur.stockEntreprise(Administrateur.java:26)
	at tpnote.Administrateur.stockEntreprise(Administrateur.java:26)
	at tpnote.Administrateur.stockEntreprise(Administrateur.java:26)
	at tpnote.Administrateur.stockEntreprise(Administrateur.java:26)
	at tpnote.Administrateur.stockEntreprise(Administrateur.java:26)
	at tpnote.Administrateur.stockEntreprise(Administrateur.java:26)
	at tpnote.Administrateur.stockEntreprise(Administrateur.java:26)
	at tpnote.Administrateur.stockEntreprise(Administrateur.java:26)
	at tpnote.Administrateur.stockEntreprise(Administrateur.java:26)
	at tpnote.Administrateur.stockEntreprise(Administrateur.java:26)
	at tpnote.Administrateur.stockEntreprise(Administrateur.java:26)
	at tpnote.Administrateur.stockEntreprise(Administrateur.java:26)
	at tpnote.Administrateur.stockEntreprise(Administrateur.java:26)
	at tpnote.Administrateur.stockEntreprise(Administrateur.java:26)
	at tpnote.Administrateur.stockEntreprise(Administrateur.java:26)
	at tpnote.Administrateur.stockEntreprise(Administrateur.java:26)
	at tpnote.Administrateur.stockEntreprise(Administrateur.java:26)
	at tpnote.Administrateur.stockEntreprise(Administrateur.java:26)
	at tpnote.Administrateur.stockEntreprise(Administrateur.java:26)
	at tpnote.Administrateur.stockEntreprise(Administrateur.java:26)
	at tpnote.Administrateur.stockEntreprise(Administrateur.java:26)
	at tpnote.Administrateur.stockEntreprise(Administrateur.java:26)
	at tpnote.Administrateur.stockEntreprise(Administrateur.java:26)
	at tpnote.Administrateur.stockEntreprise(Administrateur.java:26)
	at tpnote.Administrateur.stockEntreprise(Administrateur.java:26)
	at tpnote.Administrateur.stockEntreprise(Administrateur.java:26)
	at tpnote.Administrateur.stockEntreprise(Administrateur.java:26)
	at tpnote.Administrateur.stockEntreprise(Administrateur.java:26)
	at tpnote.Administrateur.stockEntreprise(Administrateur.java:26)
	at tpnote.Administrateur.stockEntreprise(Administrateur.java:26)
	at tpnote.Administrateur.stockEntreprise(Administrateur.java:26)
	at tpnote.Administrateur.stockEntreprise(Administrateur.java:26)
	at tpnote.Administrateur.stockEntreprise(Administrateur.java:26)
	at tpnote.Administrateur.stockEntreprise(Administrateur.java:26)
	at tpnote.Administrateur.stockEntreprise(Administrateur.java:26)
	at tpnote.Administrateur.stockEntreprise(Administrateur.java:26)
	at tpnote.Administrateur.stockEntreprise(Administrateur.java:26)
	at tpnote.Administrateur.stockEntreprise(Administrateur.java:26)
	at tpnote.Administrateur.stockEntreprise(Administrateur.java:26)
	at tpnote.Administrateur.stockEntreprise(Administrateur.java:26)
	at tpnote.Administrateur.stockEntreprise(Administrateur.java:26)
	at tpnote.Administrateur.stockEntreprise(Administrateur.java:26)
	at tpnote.Administrateur.stockEntreprise(Administrateur.java:26)
	at tpnote.Administrateur.stockEntreprise(Administrateur.java:26)
	at tpnote.Administrateur.stockEntreprise(Administrateur.java:26)
	at tpnote.Administrateur.stockEntreprise(Administrateur.java:26)
	at tpnote.Administrateur.stockEntreprise(Administrateur.java:26)
	at tpnote.Administrateur.stockEntreprise(Administrateur.java:26)
	at tpnote.Administrateur.stockEntreprise(Administrateur.java:26)
	at tpnote.Administrateur.stockEntreprise(Administrateur.java:26)
	at tpnote.Administrateur.stockEntreprise(Administrateur.java:26)
	at tpnote.Administrateur.stockEntreprise(Administrateur.java:26)
	at tpnote.Administrateur.stockEntreprise(Administrateur.java:26)
	at tpnote.Administrateur.stockEntreprise(Administrateur.java:26)
	at tpnote.Administrateur.stockEntreprise(Administrateur.java:26)
	at tpnote.Administrateur.stockEntreprise(Administrateur.java:26)
	at tpnote.Administrateur.stockEntreprise(Administrateur.java:26)
	at tpnote.Administrateur.stockEntreprise(Administrateur.java:26)
	at tpnote.Administrateur.stockEntreprise(Administrateur.java:26)
	at tpnote.Administrateur.stockEntreprise(Administrateur.java:26)
	at tpnote.Administrateur.stockEntreprise(Administrateur.java:26)
	at tpnote.Administrateur.stockEntreprise(Administrateur.java:26)
	at tpnote.Administrateur.stockEntreprise(Administrateur.java:26)
	at tpnote.Administrateur.stockEntreprise(Administrateur.java:26)
	at tpnote.Administrateur.stockEntreprise(Administrateur.java:26)
	at tpnote.Administrateur.stockEntreprise(Administrateur.java:26)
	at tpnote.Administrateur.stockEntreprise(Administrateur.java:26)
	at tpnote.Administrateur.stockEntreprise(Administrateur.java:26)
	at tpnote.Administrateur.stockEntreprise(Administrateur.java:26)
	at tpnote.Administrateur.stockEntreprise(Administrateur.java:26)
	at tpnote.Administrateur.stockEntreprise(Administrateur.java:26)
	at tpnote.Administrateur.stockEntreprise(Administrateur.java:26)
	at tpnote.Administrateur.stockEntreprise(Administrateur.java:26)
	at tpnote.Administrateur.stockEntreprise(Administrateur.java:26)
	at tpnote.Administrateur.stockEntreprise(Administrateur.java:26)
	at tpnote.Administrateur.stockEntreprise(Administrateur.java:26)
	at tpnote.Administrateur.stockEntreprise(Administrateur.java:26)
	at tpnote.Administrateur.stockEntreprise(Administrateur.java:26)
	at tpnote.Administrateur.stockEntreprise(Administrateur.java:26)
	at tpnote.Administrateur.stockEntreprise(Administrateur.java:26)
	at tpnote.Administrateur.stockEntreprise(Administrateur.java:26)
	at tpnote.Administrateur.stockEntreprise(Administrateur.java:26)
	at tpnote.Administrateur.stockEntreprise(Administrateur.java:26)
	at tpnote.Administrateur.stockEntreprise(Administrateur.java:26)
	at tpnote.Administrateur.stockEntreprise(Administrateur.java:26)
	at tpnote.Administrateur.stockEntreprise(Administrateur.java:26)
	at tpnote.Administrateur.stockEntreprise(Administrateur.java:26)
	at tpnote.Administrateur.stockEntreprise(Administrateur.java:26)
	at tpnote.Administrateur.stockEntreprise(Administrateur.java:26)
	at tpnote.Administrateur.stockEntreprise(Administrateur.java:26)
	at tpnote.Administrateur.stockEntreprise(Administrateur.java:26)
	at tpnote.Administrateur.stockEntreprise(Administrateur.java:26)
	at tpnote.Administrateur.stockEntreprise(Administrateur.java:26)
	at tpnote.Administrateur.stockEntreprise(Administrateur.java:26)
	at tpnote.Administrateur.stockEntreprise(Administrateur.java:26)
	at tpnote.Administrateur.stockEntreprise(Administrateur.java:26)
	at tpnote.Administrateur.stockEntreprise(Administrateur.java:26)
	at tpnote.Administrateur.stockEntreprise(Administrateur.java:26)
	at tpnote.Administrateur.stockEntreprise(Administrateur.java:26)
	at tpnote.Administrateur.stockEntreprise(Administrateur.java:26)
	at tpnote.Administrateur.stockEntreprise(Administrateur.java:26)
	at tpnote.Administrateur.stockEntreprise(Administrateur.java:26)
	at tpnote.Administrateur.stockEntreprise(Administrateur.java:26)
	at tpnote.Administrateur.stockEntreprise(Administrateur.java:26)
	at tpnote.Administrateur.stockEntreprise(Administrateur.java:26)
	at tpnote.Administrateur.stockEntreprise(Administrateur.java:26)
	at tpnote.Administrateur.stockEntreprise(Administrateur.java:26)
	at tpnote.Administrateur.stockEntreprise(Administrateur.java:26)
	at tpnote.Administrateur.stockEntreprise(Administrateur.java:26)
	at tpnote.Administrateur.stockEntreprise(Administrateur.java:26)
	at tpnote.Administrateur.stockEntreprise(Administrateur.java:26)
	at tpnote.Administrateur.stockEntreprise(Administrateur.java:26)
	at tpnote.Administrateur.stockEntreprise(Administrateur.java:26)
	at tpnote.Administrateur.stockEntreprise(Administrateur.java:26)
	at tpnote.Administrateur.stockEntreprise(Administrateur.java:26)
	at tpnote.Administrateur.stockEntreprise(Administrateur.java:26)
	at tpnote.Administrateur.stockEntreprise(Administrateur.java:26)
	at tpnote.Administrateur.stockEntreprise(Administrateur.java:26)
	at tpnote.Administrateur.stockEntreprise(Administrateur.java:26)
	at tpnote.Administrateur.stockEntreprise(Administrateur.java:26)
	at tpnote.Administrateur.stockEntreprise(Administrateur.java:26)
	at tpnote.Administrateur.stockEntreprise(Administrateur.java:26)
	at tpnote.Administrateur.stockEntreprise(Administrateur.java:26)
	at tpnote.Administrateur.stockEntreprise(Administrateur.java:26)
	at tpnote.Administrateur.stockEntreprise(Administrateur.java:26)
	at tpnote.Administrateur.stockEntreprise(Administrateur.java:26)
	at tpnote.Administrateur.stockEntreprise(Administrateur.java:26)
	at tpnote.Administrateur.stockEntreprise(Administrateur.java:26)
	at tpnote.Administrateur.stockEntreprise(Administrateur.java:26)
	at tpnote.Administrateur.stockEntreprise(Administrateur.java:26)
	at tpnote.Administrateur.stockEntreprise(Administrateur.java:26)
	at tpnote.Administrateur.stockEntreprise(Administrateur.java:26)
	at tpnote.Administrateur.stockEntreprise(Administrateur.java:26)
	at tpnote.Administrateur.stockEntreprise(Administrateur.java:26)
	at tpnote.Administrateur.stockEntreprise(Administrateur.java:26)
	at tpnote.Administrateur.stockEntreprise(Administrateur.java:26)
	at tpnote.Administrateur.stockEntreprise(Administrateur.java:26)
	at tpnote.Administrateur.stockEntreprise(Administrateur.java:26)
	at tpnote.Administrateur.stockEntreprise(Administrateur.java:26)
	at tpnote.Administrateur.stockEntreprise(Administrateur.java:26)
	at tpnote.Administrateur.stockEntreprise(Administrateur.java:26)
</error>
  </testcase>
  <testcase classname="tpnote.AdministrateurTest" name="transfererMateriel_envoyeurNaPasObjetTransfere" time="0.012">
    <failure message="transfererMateriel (envoyeur n&apos;a pas l&apos;objet transfÃ©rÃ©): fail expected:&lt;0&gt; but was:&lt;1&gt;" type="java.lang.AssertionError">java.lang.AssertionError: transfererMateriel (envoyeur n&apos;a pas l&apos;objet transfÃ©rÃ©): fail expected:&lt;0&gt; but was:&lt;1&gt;
	at org.junit.Assert.fail(Assert.java:88)
	at org.junit.Assert.failNotEquals(Assert.java:834)
	at org.junit.Assert.assertEquals(Assert.java:645)
	at tpnote.AdministrateurTest.transfererMateriel_envoyeurNaPasObjetTransfere(AdministrateurTest.java:98)
	at sun.reflect.NativeMethodAccessorImpl.invoke0(Native Method)
	at sun.reflect.NativeMethodAccessorImpl.invoke(NativeMethodAccessorImpl.java:62)
	at sun.reflect.DelegatingMethodAccessorImpl.invoke(DelegatingMethodAccessorImpl.java:43)
	at java.lang.reflect.Method.invoke(Method.java:497)
	at org.junit.runners.model.FrameworkMethod$1.runReflectiveCall(FrameworkMethod.java:50)
	at org.junit.internal.runners.model.ReflectiveCallable.run(ReflectiveCallable.java:12)
	at org.junit.runners.model.FrameworkMethod.invokeExplosively(FrameworkMethod.java:47)
	at org.junit.internal.runners.statements.InvokeMethod.evaluate(InvokeMethod.java:17)
	at org.junit.internal.runners.statements.RunBefores.evaluate(RunBefores.java:26)
	at org.junit.runners.ParentRunner.runLeaf(ParentRunner.java:325)
	at org.junit.runners.BlockJUnit4ClassRunner.runChild(BlockJUnit4ClassRunner.java:78)
	at org.junit.runners.BlockJUnit4ClassRunner.runChild(BlockJUnit4ClassRunner.java:57)
	at org.junit.runners.ParentRunner$3.run(ParentRunner.java:290)
	at org.junit.runners.ParentRunner$1.schedule(ParentRunner.java:71)
	at org.junit.runners.ParentRunner.runChildren(ParentRunner.java:288)
	at org.junit.runners.ParentRunner.access$000(ParentRunner.java:58)
	at org.junit.runners.ParentRunner$2.evaluate(ParentRunner.java:268)
	at org.junit.runners.ParentRunner.run(ParentRunner.java:363)
	at org.apache.maven.surefire.junit4.JUnit4Provider.execute(JUnit4Provider.java:252)
	at org.apache.maven.surefire.junit4.JUnit4Provider.executeTestSet(JUnit4Provider.java:141)
	at org.apache.maven.surefire.junit4.JUnit4Provider.invoke(JUnit4Provider.java:112)
	at sun.reflect.NativeMethodAccessorImpl.invoke0(Native Method)
	at sun.reflect.NativeMethodAccessorImpl.invoke(NativeMethodAccessorImpl.java:62)
	at sun.reflect.DelegatingMethodAccessorImpl.invoke(DelegatingMethodAccessorImpl.java:43)
	at java.lang.reflect.Method.invoke(Method.java:497)
	at org.apache.maven.surefire.util.ReflectionUtils.invokeMethodWithArray(ReflectionUtils.java:189)
	at org.apache.maven.surefire.booter.ProviderFactory$ProviderProxy.invoke(ProviderFactory.java:165)
	at org.apache.maven.surefire.booter.ProviderFactory.invokeProvider(ProviderFactory.java:85)
	at org.apache.maven.surefire.booter.ForkedBooter.runSuitesInProcess(ForkedBooter.java:115)
	at org.apache.maven.surefire.booter.ForkedBooter.main(ForkedBooter.java:75)
</failure>
  </testcase>
</testsuite>