-------------------------------------------------------------------------------
Test set: tpnote.AdministrateurTest
-------------------------------------------------------------------------------
Tests run: 11, Failures: 2, Errors: 5, Skipped: 0, Time elapsed: 0.284 sec <<< FAILURE!
stockAgence(tpnote.AdministrateurTest)  Time elapsed: 0.062 sec  <<< ERROR!
java.lang.StackOverflowError
	at tpnote.Administrateur.stockAgence(Administrateur.java:31)
	at tpnote.Administrateur.stockAgence(Administrateur.java:31)
	at tpnote.Administrateur.stockAgence(Administrateur.java:31)
	at tpnote.Administrateur.stockAgence(Administrateur.java:31)
	at tpnote.Administrateur.stockAgence(Administrateur.java:31)
	at tpnote.Administrateur.stockAgence(Administrateur.java:31)
	at tpnote.Administrateur.stockAgence(Administrateur.java:31)
	at tpnote.Administrateur.stockAgence(Administrateur.java:31)
	at tpnote.Administrateur.stockAgence(Administrateur.java:31)
	at tpnote.Administrateur.stockAgence(Administrateur.java:31)
	at tpnote.Administrateur.stockAgence(Administrateur.java:31)
	at tpnote.Administrateur.stockAgence(Administrateur.java:31)
	at tpnote.Administrateur.stockAgence(Administrateur.java:31)
	at tpnote.Administrateur.stockAgence(Administrateur.java:31)
	at tpnote.Administrateur.stockAgence(Administrateur.java:31)
	at tpnote.Administrateur.stockAgence(Administrateur.java:31)
	at tpnote.Administrateur.stockAgence(Administrateur.java:31)
	at tpnote.Administrateur.stockAgence(Administrateur.java:31)
	at tpnote.Administrateur.stockAgence(Administrateur.java:31)
	at tpnote.Administrateur.stockAgence(Administrateur.java:31)
	at tpnote.Administrateur.stockAgence(Administrateur.java:31)
	at tpnote.Administrateur.stockAgence(Administrateur.java:31)
	at tpnote.Administrateur.stockAgence(Administrateur.java:31)
	at tpnote.Administrateur.stockAgence(Administrateur.java:31)
	at tpnote.Administrateur.stockAgence(Administrateur.java:31)
	at tpnote.Administrateur.stockAgence(Administrateur.java:31)
	at tpnote.Administrateur.stockAgence(Administrateur.java:31)
	at tpnote.Administrateur.stockAgence(Administrateur.java:31)
	at tpnote.Administrateur.stockAgence(Administrateur.java:31)
	at tpnote.Administrateur.stockAgence(Administrateur.java:31)
	at tpnote.Administrateur.stockAgence(Administrateur.java:31)
	at tpnote.Administrateur.stockAgence(Administrateur.java:31)
	at tpnote.Administrateur.stockAgence(Administrateur.java:31)
	at tpnote.Administrateur.stockAgence(Administrateur.java:31)
	at tpnote.Administrateur.stockAgence(Administrateur.java:31)
	at tpnote.Administrateur.stockAgence(Administrateur.java:31)
	at tpnote.Administrateur.stockAgence(Administrateur.java:31)
	at tpnote.Administrateur.stockAgence(Administrateur.java:31)
	at tpnote.Administrateur.stockAgence(Administrateur.java:31)
	at tpnote.Administrateur.stockAgence(Administrateur.java:31)
	at tpnote.Administrateur.stockAgence(Administrateur.java:31)
	at tpnote.Administrateur.stockAgence(Administrateur.java:31)
	at tpnote.Administrateur.stockAgence(Administrateur.java:31)
	at tpnote.Administrateur.stockAgence(Administrateur.java:31)
	at tpnote.Administrateur.stockAgence(Administrateur.java:31)
	at tpnote.Administrateur.stockAgence(Administrateur.java:31)
	at tpnote.Administrateur.stockAgence(Administrateur.java:31)
	at tpnote.Administrateur.stockAgence(Administrateur.java:31)
	at tpnote.Administrateur.stockAgence(Administrateur.java:31)
	at tpnote.Administrateur.stockAgence(Administrateur.java:31)
	at tpnote.Administrateur.stockAgence(Administrateur.java:31)
	at tpnote.Administrateur.stockAgence(Administrateur.java:31)
	at tpnote.Administrateur.stockAgence(Administrateur.java:31)
	at tpnote.Administrateur.stockAgence(Administrateur.java:31)
	at tpnote.Administrateur.stockAgence(Administrateur.java:31)
	at tpnote.Administrateur.stockAgence(Administrateur.java:31)
	at tpnote.Administrateur.stockAgence(Administrateur.java:31)
	at tpnote.Administrateur.stockAgence(Administrateur.java:31)
	at tpnote.Administrateur.stockAgence(Administrateur.java:31)
	at tpnote.Administrateur.stockAgence(Administrateur.java:31)
	at tpnote.Administrateur.stockAgence(Administrateur.java:31)
	at tpnote.Administrateur.stockAgence(Administrateur.java:31)
	at tpnote.Administrateur.stockAgence(Administrateur.java:31)
	at tpnote.Administrateur.stockAgence(Administrateur.java:31)
	at tpnote.Administrateur.stockAgence(Administrateur.java:31)
	at tpnote.Administrateur.stockAgence(Administrateur.java:31)
	at tpnote.Administrateur.stockAgence(Administrateur.java:31)
	at tpnote.Administrateur.stockAgence(Administrateur.java:31)
	at tpnote.Administrateur.stockAgence(Administrateur.java:31)
	at tpnote.Administrateur.stockAgence(Administrateur.java:31)
	at tpnote.Administrateur.stockAgence(Administrateur.java:31)
	at tpnote.Administrateur.stockAgence(Administrateur.java:31)
	at tpnote.Administrateur.stockAgence(Administrateur.java:31)
	at tpnote.Administrateur.stockAgence(Administrateur.java:31)
	at tpnote.Administrateur.stockAgence(Administrateur.java:31)
	at tpnote.Administrateur.stockAgence(Administrateur.java:31)
	at tpnote.Administrateur.stockAgence(Administrateur.java:31)
	at tpnote.Administrateur.stockAgence(Administrateur.java:31)
	at tpnote.Administrateur.stockAgence(Administrateur.java:31)
	at tpnote.Administrateur.stockAgence(Administrateur.java:31)
	at tpnote.Administrateur.stockAgence(Administrateur.java:31)
	at tpnote.Administrateur.stockAgence(Administrateur.java:31)
	at tpnote.Administrateur.stockAgence(Administrateur.java:31)
	at tpnote.Administrateur.stockAgence(Administrateur.java:31)
	at tpnote.Administrateur.stockAgence(Administrateur.java:31)
	at tpnote.Administrateur.stockAgence(Administrateur.java:31)
	at tpnote.Administrateur.stockAgence(Administrateur.java:31)
	at tpnote.Administrateur.stockAgence(Administrateur.java:31)
	at tpnote.Administrateur.stockAgence(Administrateur.java:31)
	at tpnote.Administrateur.stockAgence(Administrateur.java:31)
	at tpnote.Administrateur.stockAgence(Administrateur.java:31)
	at tpnote.Administrateur.stockAgence(Administrateur.java:31)
	at tpnote.Administrateur.stockAgence(Administrateur.java:31)
	at tpnote.Administrateur.stockAgence(Administrateur.java:31)
	at tpnote.Administrateur.stockAgence(Administrateur.java:31)
	at tpnote.Administrateur.stockAgence(Administrateur.java:31)
	at tpnote.Administrateur.stockAgence(Administrateur.java:31)
	at tpnote.Administrateur.stockAgence(Administrateur.java:31)
	at tpnote.Administrateur.stockAgence(Administrateur.java:31)
	at tpnote.Administrateur.stockAgence(Administrateur.java:31)
	at tpnote.Administrateur.stockAgence(Administrateur.java:31)
	at tpnote.Administrateur.stockAgence(Administrateur.java:31)
	at tpnote.Administrateur.stockAgence(Administrateur.java:31)
	at tpnote.Administrateur.stockAgence(Administrateur.java:31)
	at tpnote.Administrateur.stockAgence(Administrateur.java:31)
	at tpnote.Administrateur.stockAgence(Administrateur.java:31)
	at tpnote.Administrateur.stockAgence(Administrateur.java:31)
	at tpnote.Administrateur.stockAgence(Administrateur.java:31)
	at tpnote.Administrateur.stockAgence(Administrateur.java:31)
	at tpnote.Administrateur.stockAgence(Administrateur.java:31)
	at tpnote.Administrateur.stockAgence(Administrateur.java:31)
	at tpnote.Administrateur.stockAgence(Administrateur.java:31)
	at tpnote.Administrateur.stockAgence(Administrateur.java:31)
	at tpnote.Administrateur.stockAgence(Administrateur.java:31)
	at tpnote.Administrateur.stockAgence(Administrateur.java:31)
	at tpnote.Administrateur.stockAgence(Administrateur.java:31)
	at tpnote.Administrateur.stockAgence(Administrateur.java:31)
	at tpnote.Administrateur.stockAgence(Administrateur.java:31)
	at tpnote.Administrateur.stockAgence(Administrateur.java:31)
	at tpnote.Administrateur.stockAgence(Administrateur.java:31)
	at tpnote.Administrateur.stockAgence(Administrateur.java:31)
	at tpnote.Administrateur.stockAgence(Administrateur.java:31)
	at tpnote.Administrateur.stockAgence(Administrateur.java:31)
	at tpnote.Administrateur.stockAgence(Administrateur.java:31)
	at tpnote.Administrateur.stockAgence(Administrateur.java:31)
	at tpnote.Administrateur.stockAgence(Administrateur.java:31)
	at tpnote.Administrateur.stockAgence(Administrateur.java:31)
	at tpnote.Administrateur.stockAgence(Administrateur.java:31)
	at tpnote.Administrateur.stockAgence(Administrateur.java:31)
	at tpnote.Administrateur.stockAgence(Administrateur.java:31)
	at tpnote.Administrateur.stockAgence(Administrateur.java:31)
	at tpnote.Administrateur.stockAgence(Administrateur.java:31)
	at tpnote.Administrateur.stockAgence(Administrateur.java:31)
	at tpnote.Administrateur.stockAgence(Administrateur.java:31)
	at tpnote.Administrateur.stockAgence(Administrateur.java:31)
	at tpnote.Administrateur.stockAgence(Administrateur.java:31)
	at tpnote.Administrateur.stockAgence(Administrateur.java:31)
	at tpnote.Administrateur.stockAgence(Administrateur.java:31)
	at tpnote.Administrateur.stockAgence(Administrateur.java:31)
	at tpnote.Administrateur.stockAgence(Administrateur.java:31)
	at tpnote.Administrateur.stockAgence(Administrateur.java:31)
	at tpnote.Administrateur.stockAgence(Administrateur.java:31)
	at tpnote.Administrateur.stockAgence(Administrateur.java:31)
	at tpnote.Administrateur.stockAgence(Administrateur.java:31)
	at tpnote.Administrateur.stockAgence(Administrateur.java:31)
	at tpnote.Administrateur.stockAgence(Administrateur.java:31)
	at tpnote.Administrateur.stockAgence(Administrateur.java:31)
	at tpnote.Administrateur.stockAgence(Administrateur.java:31)
	at tpnote.Administrateur.stockAgence(Administrateur.java:31)
	at tpnote.Administrateur.stockAgence(Administrateur.java:31)
	at tpnote.Administrateur.stockAgence(Administrateur.java:31)
	at tpnote.Administrateur.stockAgence(Administrateur.java:31)
	at tpnote.Administrateur.stockAgence(Administrateur.java:31)
	at tpnote.Administrateur.stockAgence(Administrateur.java:31)
	at tpnote.Administrateur.stockAgence(Administrateur.java:31)
	at tpnote.Administrateur.stockAgence(Administrateur.java:31)
	at tpnote.Administrateur.stockAgence(Administrateur.java:31)
	at tpnote.Administrateur.stockAgence(Administrateur.java:31)
	at tpnote.Administrateur.stockAgence(Administrateur.java:31)
	at tpnote.Administrateur.stockAgence(Administrateur.java:31)
	at tpnote.Administrateur.stockAgence(Administrateur.java:31)
	at tpnote.Administrateur.stockAgence(Administrateur.java:31)
	at tpnote.Administrateur.stockAgence(Administrateur.java:31)
	at tpnote.Administrateur.stockAgence(Administrateur.java:31)
	at tpnote.Administrateur.stockAgence(Administrateur.java:31)
	at tpnote.Administrateur.stockAgence(Administrateur.java:31)
	at tpnote.Administrateur.stockAgence(Administrateur.java:31)
	at tpnote.Administrateur.stockAgence(Administrateur.java:31)
	at tpnote.Administrateur.stockAgence(Administrateur.java:31)
	at tpnote.Administrateur.stockAgence(Administrateur.java:31)
	at tpnote.Administrateur.stockAgence(Administrateur.java:31)
	at tpnote.Administrateur.stockAgence(Administrateur.java:31)
	at tpnote.Administrateur.stockAgence(Administrateur.java:31)
	at tpnote.Administrateur.stockAgence(Administrateur.java:31)
	at tpnote.Administrateur.stockAgence(Administrateur.java:31)
	at tpnote.Administrateur.stockAgence(Administrateur.java:31)
	at tpnote.Administrateur.stockAgence(Administrateur.java:31)
	at tpnote.Administrateur.stockAgence(Administrateur.java:31)
	at tpnote.Administrateur.stockAgence(Administrateur.java:31)
	at tpnote.Administrateur.stockAgence(Administrateur.java:31)
	at tpnote.Administrateur.stockAgence(Administrateur.java:31)
	at tpnote.Administrateur.stockAgence(Administrateur.java:31)
	at tpnote.Administrateur.stockAgence(Administrateur.java:31)
	at tpnote.Administrateur.stockAgence(Administrateur.java:31)
	at tpnote.Administrateur.stockAgence(Administrateur.java:31)
	at tpnote.Administrateur.stockAgence(Administrateur.java:31)
	at tpnote.Administrateur.stockAgence(Administrateur.java:31)
	at tpnote.Administrateur.stockAgence(Administrateur.java:31)
	at tpnote.Administrateur.stockAgence(Administrateur.java:31)
	at tpnote.Administrateur.stockAgence(Administrateur.java:31)
	at tpnote.Administrateur.stockAgence(Administrateur.java:31)
	at tpnote.Administrateur.stockAgence(Administrateur.java:31)
	at tpnote.Administrateur.stockAgence(Administrateur.java:31)
	at tpnote.Administrateur.stockAgence(Administrateur.java:31)
	at tpnote.Administrateur.stockAgence(Administrateur.java:31)
	at tpnote.Administrateur.stockAgence(Administrateur.java:31)
	at tpnote.Administrateur.stockAgence(Administrateur.java:31)
	at tpnote.Administrateur.stockAgence(Administrateur.java:31)
	at tpnote.Administrateur.stockAgence(Administrateur.java:31)
	at tpnote.Administrateur.stockAgence(Administrateur.java:31)
	at tpnote.Administrateur.stockAgence(Administrateur.java:31)
	at tpnote.Administrateur.stockAgence(Administrateur.java:31)
	at tpnote.Administrateur.stockAgence(Administrateur.java:31)
	at tpnote.Administrateur.stockAgence(Administrateur.java:31)
	at tpnote.Administrateur.stockAgence(Administrateur.java:31)
	at tpnote.Administrateur.stockAgence(Administrateur.java:31)
	at tpnote.Administrateur.stockAgence(Administrateur.java:31)
	at tpnote.Administrateur.stockAgence(Administrateur.java:31)
	at tpnote.Administrateur.stockAgence(Administrateur.java:31)
	at tpnote.Administrateur.stockAgence(Administrateur.java:31)
	at tpnote.Administrateur.stockAgence(Administrateur.java:31)
	at tpnote.Administrateur.stockAgence(Administrateur.java:31)
	at tpnote.Administrateur.stockAgence(Administrateur.java:31)
	at tpnote.Administrateur.stockAgence(Administrateur.java:31)
	at tpnote.Administrateur.stockAgence(Administrateur.java:31)
	at tpnote.Administrateur.stockAgence(Administrateur.java:31)
	at tpnote.Administrateur.stockAgence(Administrateur.java:31)
	at tpnote.Administrateur.stockAgence(Administrateur.java:31)
	at tpnote.Administrateur.stockAgence(Administrateur.java:31)
	at tpnote.Administrateur.stockAgence(Administrateur.java:31)
	at tpnote.Administrateur.stockAgence(Administrateur.java:31)
	at tpnote.Administrateur.stockAgence(Administrateur.java:31)
	at tpnote.Administrateur.stockAgence(Administrateur.java:31)
	at tpnote.Administrateur.stockAgence(Administrateur.java:31)
	at tpnote.Administrateur.stockAgence(Administrateur.java:31)
	at tpnote.Administrateur.stockAgence(Administrateur.java:31)
	at tpnote.Administrateur.stockAgence(Administrateur.java:31)
	at tpnote.Administrateur.stockAgence(Administrateur.java:31)
	at tpnote.Administrateur.stockAgence(Administrateur.java:31)
	at tpnote.Administrateur.stockAgence(Administrateur.java:31)
	at tpnote.Administrateur.stockAgence(Administrateur.java:31)
	at tpnote.Administrateur.stockAgence(Administrateur.java:31)
	at tpnote.Administrateur.stockAgence(Administrateur.java:31)
	at tpnote.Administrateur.stockAgence(Administrateur.java:31)
	at tpnote.Administrateur.stockAgence(Administrateur.java:31)
	at tpnote.Administrateur.stockAgence(Administrateur.java:31)
	at tpnote.Administrateur.stockAgence(Administrateur.java:31)
	at tpnote.Administrateur.stockAgence(Administrateur.java:31)
	at tpnote.Administrateur.stockAgence(Administrateur.java:31)
	at tpnote.Administrateur.stockAgence(Administrateur.java:31)
	at tpnote.Administrateur.stockAgence(Administrateur.java:31)
	at tpnote.Administrateur.stockAgence(Administrateur.java:31)
	at tpnote.Administrateur.stockAgence(Administrateur.java:31)
	at tpnote.Administrateur.stockAgence(Administrateur.java:31)
	at tpnote.Administrateur.stockAgence(Administrateur.java:31)
	at tpnote.Administrateur.stockAgence(Administrateur.java:31)
	at tpnote.Administrateur.stockAgence(Administrateur.java:31)
	at tpnote.Administrateur.stockAgence(Administrateur.java:31)
	at tpnote.Administrateur.stockAgence(Administrateur.java:31)
	at tpnote.Administrateur.stockAgence(Administrateur.java:31)
	at tpnote.Administrateur.stockAgence(Administrateur.java:31)
	at tpnote.Administrateur.stockAgence(Administrateur.java:31)
	at tpnote.Administrateur.stockAgence(Administrateur.java:31)
	at tpnote.Administrateur.stockAgence(Administrateur.java:31)
	at tpnote.Administrateur.stockAgence(Administrateur.java:31)
	at tpnote.Administrateur.stockAgence(Administrateur.java:31)
	at tpnote.Administrateur.stockAgence(Administrateur.java:31)
	at tpnote.Administrateur.stockAgence(Administrateur.java:31)
	at tpnote.Administrateur.stockAgence(Administrateur.java:31)
	at tpnote.Administrateur.stockAgence(Administrateur.java:31)
	at tpnote.Administrateur.stockAgence(Administrateur.java:31)
	at tpnote.Administrateur.stockAgence(Administrateur.java:31)
	at tpnote.Administrateur.stockAgence(Administrateur.java:31)
	at tpnote.Administrateur.stockAgence(Administrateur.java:31)
	at tpnote.Administrateur.stockAgence(Administrateur.java:31)
	at tpnote.Administrateur.stockAgence(Administrateur.java:31)
	at tpnote.Administrateur.stockAgence(Administrateur.java:31)
	at tpnote.Administrateur.stockAgence(Administrateur.java:31)
	at tpnote.Administrateur.stockAgence(Administrateur.java:31)
	at tpnote.Administrateur.stockAgence(Administrateur.java:31)
	at tpnote.Administrateur.stockAgence(Administrateur.java:31)
	at tpnote.Administrateur.stockAgence(Administrateur.java:31)
	at tpnote.Administrateur.stockAgence(Administrateur.java:31)
	at tpnote.Administrateur.stockAgence(Administrateur.java:31)
	at tpnote.Administrateur.stockAgence(Administrateur.java:31)
	at tpnote.Administrateur.stockAgence(Administrateur.java:31)
	at tpnote.Administrateur.stockAgence(Administrateur.java:31)
	at tpnote.Administrateur.stockAgence(Administrateur.java:31)
	at tpnote.Administrateur.stockAgence(Administrateur.java:31)
	at tpnote.Administrateur.stockAgence(Administrateur.java:31)
	at tpnote.Administrateur.stockAgence(Administrateur.java:31)
	at tpnote.Administrateur.stockAgence(Administrateur.java:31)
	at tpnote.Administrateur.stockAgence(Administrateur.java:31)
	at tpnote.Administrateur.stockAgence(Administrateur.java:31)
	at tpnote.Administrateur.stockAgence(Administrateur.java:31)
	at tpnote.Administrateur.stockAgence(Administrateur.java:31)
	at tpnote.Administrateur.stockAgence(Administrateur.java:31)
	at tpnote.Administrateur.stockAgence(Administrateur.java:31)
	at tpnote.Administrateur.stockAgence(Administrateur.java:31)
	at tpnote.Administrateur.stockAgence(Administrateur.java:31)
	at tpnote.Administrateur.stockAgence(Administrateur.java:31)
	at tpnote.Administrateur.stockAgence(Administrateur.java:31)
	at tpnote.Administrateur.stockAgence(Administrateur.java:31)
	at tpnote.Administrateur.stockAgence(Administrateur.java:31)
	at tpnote.Administrateur.stockAgence(Administrateur.java:31)
	at tpnote.Administrateur.stockAgence(Administrateur.java:31)
	at tpnote.Administrateur.stockAgence(Administrateur.java:31)
	at tpnote.Administrateur.stockAgence(Administrateur.java:31)
	at tpnote.Administrateur.stockAgence(Administrateur.java:31)
	at tpnote.Administrateur.stockAgence(Administrateur.java:31)
	at tpnote.Administrateur.stockAgence(Administrateur.java:31)
	at tpnote.Administrateur.stockAgence(Administrateur.java:31)
	at tpnote.Administrateur.stockAgence(Administrateur.java:31)
	at tpnote.Administrateur.stockAgence(Administrateur.java:31)
	at tpnote.Administrateur.stockAgence(Administrateur.java:31)
	at tpnote.Administrateur.stockAgence(Administrateur.java:31)
	at tpnote.Administrateur.stockAgence(Administrateur.java:31)
	at tpnote.Administrateur.stockAgence(Administrateur.java:31)
	at tpnote.Administrateur.stockAgence(Administrateur.java:31)
	at tpnote.Administrateur.stockAgence(Administrateur.java:31)
	at tpnote.Administrateur.stockAgence(Administrateur.java:31)
	at tpnote.Administrateur.stockAgence(Administrateur.java:31)
	at tpnote.Administrateur.stockAgence(Administrateur.java:31)
	at tpnote.Administrateur.stockAgence(Administrateur.java:31)
	at tpnote.Administrateur.stockAgence(Administrateur.java:31)
	at tpnote.Administrateur.stockAgence(Administrateur.java:31)
	at tpnote.Administrateur.stockAgence(Administrateur.java:31)
	at tpnote.Administrateur.stockAgence(Administrateur.java:31)
	at tpnote.Administrateur.stockAgence(Administrateur.java:31)
	at tpnote.Administrateur.stockAgence(Administrateur.java:31)
	at tpnote.Administrateur.stockAgence(Administrateur.java:31)
	at tpnote.Administrateur.stockAgence(Administrateur.java:31)
	at tpnote.Administrateur.stockAgence(Administrateur.java:31)
	at tpnote.Administrateur.stockAgence(Administrateur.java:31)
	at tpnote.Administrateur.stockAgence(Administrateur.java:31)
	at tpnote.Administrateur.stockAgence(Administrateur.java:31)
	at tpnote.Administrateur.stockAgence(Administrateur.java:31)
	at tpnote.Administrateur.stockAgence(Administrateur.java:31)
	at tpnote.Administrateur.stockAgence(Administrateur.java:31)
	at tpnote.Administrateur.stockAgence(Administrateur.java:31)
	at tpnote.Administrateur.stockAgence(Administrateur.java:31)
	at tpnote.Administrateur.stockAgence(Administrateur.java:31)
	at tpnote.Administrateur.stockAgence(Administrateur.java:31)
	at tpnote.Administrateur.stockAgence(Administrateur.java:31)
	at tpnote.Administrateur.stockAgence(Administrateur.java:31)
	at tpnote.Administrateur.stockAgence(Administrateur.java:31)
	at tpnote.Administrateur.stockAgence(Administrateur.java:31)
	at tpnote.Administrateur.stockAgence(Administrateur.java:31)
	at tpnote.Administrateur.stockAgence(Administrateur.java:31)
	at tpnote.Administrateur.stockAgence(Administrateur.java:31)
	at tpnote.Administrateur.stockAgence(Administrateur.java:31)
	at tpnote.Administrateur.stockAgence(Administrateur.java:31)
	at tpnote.Administrateur.stockAgence(Administrateur.java:31)
	at tpnote.Administrateur.stockAgence(Administrateur.java:31)
	at tpnote.Administrateur.stockAgence(Administrateur.java:31)
	at tpnote.Administrateur.stockAgence(Administrateur.java:31)
	at tpnote.Administrateur.stockAgence(Administrateur.java:31)
	at tpnote.Administrateur.stockAgence(Administrateur.java:31)
	at tpnote.Administrateur.stockAgence(Administrateur.java:31)
	at tpnote.Administrateur.stockAgence(Administrateur.java:31)
	at tpnote.Administrateur.stockAgence(Administrateur.java:31)
	at tpnote.Administrateur.stockAgence(Administrateur.java:31)
	at tpnote.Administrateur.stockAgence(Administrateur.java:31)
	at tpnote.Administrateur.stockAgence(Administrateur.java:31)
	at tpnote.Administrateur.stockAgence(Administrateur.java:31)
	at tpnote.Administrateur.stockAgence(Administrateur.java:31)
	at tpnote.Administrateur.stockAgence(Administrateur.java:31)
	at tpnote.Administrateur.stockAgence(Administrateur.java:31)
	at tpnote.Administrateur.stockAgence(Administrateur.java:31)
	at tpnote.Administrateur.stockAgence(Administrateur.java:31)
	at tpnote.Administrateur.stockAgence(Administrateur.java:31)
	at tpnote.Administrateur.stockAgence(Administrateur.java:31)
	at tpnote.Administrateur.stockAgence(Administrateur.java:31)
	at tpnote.Administrateur.stockAgence(Administrateur.java:31)
	at tpnote.Administrateur.stockAgence(Administrateur.java:31)
	at tpnote.Administrateur.stockAgence(Administrateur.java:31)
	at tpnote.Administrateur.stockAgence(Administrateur.java:31)
	at tpnote.Administrateur.stockAgence(Administrateur.java:31)
	at tpnote.Administrateur.stockAgence(Administrateur.java:31)
	at tpnote.Administrateur.stockAgence(Administrateur.java:31)
	at tpnote.Administrateur.stockAgence(Administrateur.java:31)
	at tpnote.Administrateur.stockAgence(Administrateur.java:31)
	at tpnote.Administrateur.stockAgence(Administrateur.java:31)
	at tpnote.Administrateur.stockAgence(Administrateur.java:31)
	at tpnote.Administrateur.stockAgence(Administrateur.java:31)
	at tpnote.Administrateur.stockAgence(Administrateur.java:31)
	at tpnote.Administrateur.stockAgence(Administrateur.java:31)
	at tpnote.Administrateur.stockAgence(Administrateur.java:31)
	at tpnote.Administrateur.stockAgence(Administrateur.java:31)
	at tpnote.Administrateur.stockAgence(Administrateur.java:31)
	at tpnote.Administrateur.stockAgence(Administrateur.java:31)
	at tpnote.Administrateur.stockAgence(Administrateur.java:31)
	at tpnote.Administrateur.stockAgence(Administrateur.java:31)
	at tpnote.Administrateur.stockAgence(Administrateur.java:31)
	at tpnote.Administrateur.stockAgence(Administrateur.java:31)
	at tpnote.Administrateur.stockAgence(Administrateur.java:31)
	at tpnote.Administrateur.stockAgence(Administrateur.java:31)
	at tpnote.Administrateur.stockAgence(Administrateur.java:31)
	at tpnote.Administrateur.stockAgence(Administrateur.java:31)
	at tpnote.Administrateur.stockAgence(Administrateur.java:31)
	at tpnote.Administrateur.stockAgence(Administrateur.java:31)
	at tpnote.Administrateur.stockAgence(Administrateur.java:31)
	at tpnote.Administrateur.stockAgence(Administrateur.java:31)
	at tpnote.Administrateur.stockAgence(Administrateur.java:31)
	at tpnote.Administrateur.stockAgence(Administrateur.java:31)
	at tpnote.Administrateur.stockAgence(Administrateur.java:31)
	at tpnote.Administrateur.stockAgence(Administrateur.java:31)
	at tpnote.Administrateur.stockAgence(Administrateur.java:31)
	at tpnote.Administrateur.stockAgence(Administrateur.java:31)
	at tpnote.Administrateur.stockAgence(Administrateur.java:31)
	at tpnote.Administrateur.stockAgence(Administrateur.java:31)
	at tpnote.Administrateur.stockAgence(Administrateur.java:31)
	at tpnote.Administrateur.stockAgence(Administrateur.java:31)
	at tpnote.Administrateur.stockAgence(Administrateur.java:31)
	at tpnote.Administrateur.stockAgence(Administrateur.java:31)
	at tpnote.Administrateur.stockAgence(Administrateur.java:31)
	at tpnote.Administrateur.stockAgence(Administrateur.java:31)
	at tpnote.Administrateur.stockAgence(Administrateur.java:31)
	at tpnote.Administrateur.stockAgence(Administrateur.java:31)
	at tpnote.Administrateur.stockAgence(Administrateur.java:31)
	at tpnote.Administrateur.stockAgence(Administrateur.java:31)
	at tpnote.Administrateur.stockAgence(Administrateur.java:31)
	at tpnote.Administrateur.stockAgence(Administrateur.java:31)
	at tpnote.Administrateur.stockAgence(Administrateur.java:31)
	at tpnote.Administrateur.stockAgence(Administrateur.java:31)
	at tpnote.Administrateur.stockAgence(Administrateur.java:31)
	at tpnote.Administrateur.stockAgence(Administrateur.java:31)
	at tpnote.Administrateur.stockAgence(Administrateur.java:31)
	at tpnote.Administrateur.stockAgence(Administrateur.java:31)
	at tpnote.Administrateur.stockAgence(Administrateur.java:31)
	at tpnote.Administrateur.stockAgence(Administrateur.java:31)
	at tpnote.Administrateur.stockAgence(Administrateur.java:31)
	at tpnote.Administrateur.stockAgence(Administrateur.java:31)
	at tpnote.Administrateur.stockAgence(Administrateur.java:31)
	at tpnote.Administrateur.stockAgence(Administrateur.java:31)
	at tpnote.Administrateur.stockAgence(Administrateur.java:31)
	at tpnote.Administrateur.stockAgence(Administrateur.java:31)
	at tpnote.Administrateur.stockAgence(Administrateur.java:31)
	at tpnote.Administrateur.stockAgence(Administrateur.java:31)
	at tpnote.Administrateur.stockAgence(Administrateur.java:31)
	at tpnote.Administrateur.stockAgence(Administrateur.java:31)
	at tpnote.Administrateur.stockAgence(Administrateur.java:31)
	at tpnote.Administrateur.stockAgence(Administrateur.java:31)
	at tpnote.Administrateur.stockAgence(Administrateur.java:31)
	at tpnote.Administrateur.stockAgence(Administrateur.java:31)
	at tpnote.Administrateur.stockAgence(Administrateur.java:31)
	at tpnote.Administrateur.stockAgence(Administrateur.java:31)
	at tpnote.Administrateur.stockAgence(Administrateur.java:31)
	at tpnote.Administrateur.stockAgence(Administrateur.java:31)
	at tpnote.Administrateur.stockAgence(Administrateur.java:31)
	at tpnote.Administrateur.stockAgence(Administrateur.java:31)
	at tpnote.Administrateur.stockAgence(Administrateur.java:31)
	at tpnote.Administrateur.stockAgence(Administrateur.java:31)
	at tpnote.Administrateur.stockAgence(Administrateur.java:31)
	at tpnote.Administrateur.stockAgence(Administrateur.java:31)
	at tpnote.Administrateur.stockAgence(Administrateur.java:31)
	at tpnote.Administrateur.stockAgence(Administrateur.java:31)
	at tpnote.Administrateur.stockAgence(Administrateur.java:31)
	at tpnote.Administrateur.stockAgence(Administrateur.java:31)
	at tpnote.Administrateur.stockAgence(Administrateur.java:31)
	at tpnote.Administrateur.stockAgence(Administrateur.java:31)
	at tpnote.Administrateur.stockAgence(Administrateur.java:31)
	at tpnote.Administrateur.stockAgence(Administrateur.java:31)
	at tpnote.Administrateur.stockAgence(Administrateur.java:31)
	at tpnote.Administrateur.stockAgence(Administrateur.java:31)
	at tpnote.Administrateur.stockAgence(Administrateur.java:31)
	at tpnote.Administrateur.stockAgence(Administrateur.java:31)
	at tpnote.Administrateur.stockAgence(Administrateur.java:31)
	at tpnote.Administrateur.stockAgence(Administrateur.java:31)
	at tpnote.Administrateur.stockAgence(Administrateur.java:31)
	at tpnote.Administrateur.stockAgence(Administrateur.java:31)
	at tpnote.Administrateur.stockAgence(Administrateur.java:31)
	at tpnote.Administrateur.stockAgence(Administrateur.java:31)
	at tpnote.Administrateur.stockAgence(Administrateur.java:31)
	at tpnote.Administrateur.stockAgence(Administrateur.java:31)
	at tpnote.Administrateur.stockAgence(Administrateur.java:31)
	at tpnote.Administrateur.stockAgence(Administrateur.java:31)
	at tpnote.Administrateur.stockAgence(Administrateur.java:31)
	at tpnote.Administrateur.stockAgence(Administrateur.java:31)
	at tpnote.Administrateur.stockAgence(Administrateur.java:31)
	at tpnote.Administrateur.stockAgence(Administrateur.java:31)
	at tpnote.Administrateur.stockAgence(Administrateur.java:31)
	at tpnote.Administrateur.stockAgence(Administrateur.java:31)
	at tpnote.Administrateur.stockAgence(Administrateur.java:31)
	at tpnote.Administrateur.stockAgence(Administrateur.java:31)
	at tpnote.Administrateur.stockAgence(Administrateur.java:31)
	at tpnote.Administrateur.stockAgence(Administrateur.java:31)
	at tpnote.Administrateur.stockAgence(Administrateur.java:31)
	at tpnote.Administrateur.stockAgence(Administrateur.java:31)
	at tpnote.Administrateur.stockAgence(Administrateur.java:31)
	at tpnote.Administrateur.stockAgence(Administrateur.java:31)
	at tpnote.Administrateur.stockAgence(Administrateur.java:31)
	at tpnote.Administrateur.stockAgence(Administrateur.java:31)
	at tpnote.Administrateur.stockAgence(Administrateur.java:31)
	at tpnote.Administrateur.stockAgence(Administrateur.java:31)
	at tpnote.Administrateur.stockAgence(Administrateur.java:31)
	at tpnote.Administrateur.stockAgence(Administrateur.java:31)
	at tpnote.Administrateur.stockAgence(Administrateur.java:31)
	at tpnote.Administrateur.stockAgence(Administrateur.java:31)
	at tpnote.Administrateur.stockAgence(Administrateur.java:31)
	at tpnote.Administrateur.stockAgence(Administrateur.java:31)
	at tpnote.Administrateur.stockAgence(Administrateur.java:31)
	at tpnote.Administrateur.stockAgence(Administrateur.java:31)
	at tpnote.Administrateur.stockAgence(Administrateur.java:31)
	at tpnote.Administrateur.stockAgence(Administrateur.java:31)
	at tpnote.Administrateur.stockAgence(Administrateur.java:31)
	at tpnote.Administrateur.stockAgence(Administrateur.java:31)
	at tpnote.Administrateur.stockAgence(Administrateur.java:31)
	at tpnote.Administrateur.stockAgence(Administrateur.java:31)
	at tpnote.Administrateur.stockAgence(Administrateur.java:31)
	at tpnote.Administrateur.stockAgence(Administrateur.java:31)
	at tpnote.Administrateur.stockAgence(Administrateur.java:31)
	at tpnote.Administrateur.stockAgence(Administrateur.java:31)
	at tpnote.Administrateur.stockAgence(Administrateur.java:31)
	at tpnote.Administrateur.stockAgence(Administrateur.java:31)
	at tpnote.Administrateur.stockAgence(Administrateur.java:31)
	at tpnote.Administrateur.stockAgence(Administrateur.java:31)
	at tpnote.Administrateur.stockAgence(Administrateur.java:31)
	at tpnote.Administrateur.stockAgence(Administrateur.java:31)
	at tpnote.Administrateur.stockAgence(Administrateur.java:31)
	at tpnote.Administrateur.stockAgence(Administrateur.java:31)
	at tpnote.Administrateur.stockAgence(Administrateur.java:31)
	at tpnote.Administrateur.stockAgence(Administrateur.java:31)
	at tpnote.Administrateur.stockAgence(Administrateur.java:31)
	at tpnote.Administrateur.stockAgence(Administrateur.java:31)
	at tpnote.Administrateur.stockAgence(Administrateur.java:31)
	at tpnote.Administrateur.stockAgence(Administrateur.java:31)
	at tpnote.Administrateur.stockAgence(Administrateur.java:31)
	at tpnote.Administrateur.stockAgence(Administrateur.java:31)
	at tpnote.Administrateur.stockAgence(Administrateur.java:31)
	at tpnote.Administrateur.stockAgence(Administrateur.java:31)
	at tpnote.Administrateur.stockAgence(Administrateur.java:31)
	at tpnote.Administrateur.stockAgence(Administrateur.java:31)
	at tpnote.Administrateur.stockAgence(Administrateur.java:31)
	at tpnote.Administrateur.stockAgence(Administrateur.java:31)
	at tpnote.Administrateur.stockAgence(Administrateur.java:31)
	at tpnote.Administrateur.stockAgence(Administrateur.java:31)
	at tpnote.Administrateur.stockAgence(Administrateur.java:31)
	at tpnote.Administrateur.stockAgence(Administrateur.java:31)
	at tpnote.Administrateur.stockAgence(Administrateur.java:31)
	at tpnote.Administrateur.stockAgence(Administrateur.java:31)
	at tpnote.Administrateur.stockAgence(Administrateur.java:31)
	at tpnote.Administrateur.stockAgence(Administrateur.java:31)
	at tpnote.Administrateur.stockAgence(Administrateur.java:31)
	at tpnote.Administrateur.stockAgence(Administrateur.java:31)
	at tpnote.Administrateur.stockAgence(Administrateur.java:31)
	at tpnote.Administrateur.stockAgence(Administrateur.java:31)
	at tpnote.Administrateur.stockAgence(Administrateur.java:31)
	at tpnote.Administrateur.stockAgence(Administrateur.java:31)
	at tpnote.Administrateur.stockAgence(Administrateur.java:31)
	at tpnote.Administrateur.stockAgence(Administrateur.java:31)
	at tpnote.Administrateur.stockAgence(Administrateur.java:31)
	at tpnote.Administrateur.stockAgence(Administrateur.java:31)
	at tpnote.Administrateur.stockAgence(Administrateur.java:31)
	at tpnote.Administrateur.stockAgence(Administrateur.java:31)
	at tpnote.Administrateur.stockAgence(Administrateur.java:31)
	at tpnote.Administrateur.stockAgence(Administrateur.java:31)
	at tpnote.Administrateur.stockAgence(Administrateur.java:31)
	at tpnote.Administrateur.stockAgence(Administrateur.java:31)
	at tpnote.Administrateur.stockAgence(Administrateur.java:31)
	at tpnote.Administrateur.stockAgence(Administrateur.java:31)
	at tpnote.Administrateur.stockAgence(Administrateur.java:31)
	at tpnote.Administrateur.stockAgence(Administrateur.java:31)
	at tpnote.Administrateur.stockAgence(Administrateur.java:31)
	at tpnote.Administrateur.stockAgence(Administrateur.java:31)
	at tpnote.Administrateur.stockAgence(Administrateur.java:31)
	at tpnote.Administrateur.stockAgence(Administrateur.java:31)
	at tpnote.Administrateur.stockAgence(Administrateur.java:31)
	at tpnote.Administrateur.stockAgence(Administrateur.java:31)
	at tpnote.Administrateur.stockAgence(Administrateur.java:31)
	at tpnote.Administrateur.stockAgence(Administrateur.java:31)
	at tpnote.Administrateur.stockAgence(Administrateur.java:31)
	at tpnote.Administrateur.stockAgence(Administrateur.java:31)
	at tpnote.Administrateur.stockAgence(Administrateur.java:31)
	at tpnote.Administrateur.stockAgence(Administrateur.java:31)
	at tpnote.Administrateur.stockAgence(Administrateur.java:31)
	at tpnote.Administrateur.stockAgence(Administrateur.java:31)
	at tpnote.Administrateur.stockAgence(Administrateur.java:31)
	at tpnote.Administrateur.stockAgence(Administrateur.java:31)
	at tpnote.Administrateur.stockAgence(Administrateur.java:31)
	at tpnote.Administrateur.stockAgence(Administrateur.java:31)
	at tpnote.Administrateur.stockAgence(Administrateur.java:31)
	at tpnote.Administrateur.stockAgence(Administrateur.java:31)
	at tpnote.Administrateur.stockAgence(Administrateur.java:31)
	at tpnote.Administrateur.stockAgence(Administrateur.java:31)
	at tpnote.Administrateur.stockAgence(Administrateur.java:31)
	at tpnote.Administrateur.stockAgence(Administrateur.java:31)
	at tpnote.Administrateur.stockAgence(Administrateur.java:31)
	at tpnote.Administrateur.stockAgence(Administrateur.java:31)
	at tpnote.Administrateur.stockAgence(Administrateur.java:31)
	at tpnote.Administrateur.stockAgence(Administrateur.java:31)
	at tpnote.Administrateur.stockAgence(Administrateur.java:31)
	at tpnote.Administrateur.stockAgence(Administrateur.java:31)
	at tpnote.Administrateur.stockAgence(Administrateur.java:31)
	at tpnote.Administrateur.stockAgence(Administrateur.java:31)
	at tpnote.Administrateur.stockAgence(Administrateur.java:31)
	at tpnote.Administrateur.stockAgence(Administrateur.java:31)
	at tpnote.Administrateur.stockAgence(Administrateur.java:31)
	at tpnote.Administrateur.stockAgence(Administrateur.java:31)
	at tpnote.Administrateur.stockAgence(Administrateur.java:31)
	at tpnote.Administrateur.stockAgence(Administrateur.java:31)
	at tpnote.Administrateur.stockAgence(Administrateur.java:31)
	at tpnote.Administrateur.stockAgence(Administrateur.java:31)
	at tpnote.Administrateur.stockAgence(Administrateur.java:31)
	at tpnote.Administrateur.stockAgence(Administrateur.java:31)
	at tpnote.Administrateur.stockAgence(Administrateur.java:31)
	at tpnote.Administrateur.stockAgence(Administrateur.java:31)
	at tpnote.Administrateur.stockAgence(Administrateur.java:31)
	at tpnote.Administrateur.stockAgence(Administrateur.java:31)
	at tpnote.Administrateur.stockAgence(Administrateur.java:31)
	at tpnote.Administrateur.stockAgence(Administrateur.java:31)
	at tpnote.Administrateur.stockAgence(Administrateur.java:31)
	at tpnote.Administrateur.stockAgence(Administrateur.java:31)
	at tpnote.Administrateur.stockAgence(Administrateur.java:31)
	at tpnote.Administrateur.stockAgence(Administrateur.java:31)
	at tpnote.Administrateur.stockAgence(Administrateur.java:31)
	at tpnote.Administrateur.stockAgence(Administrateur.java:31)
	at tpnote.Administrateur.stockAgence(Administrateur.java:31)
	at tpnote.Administrateur.stockAgence(Administrateur.java:31)
	at tpnote.Administrateur.stockAgence(Administrateur.java:31)
	at tpnote.Administrateur.stockAgence(Administrateur.java:31)
	at tpnote.Administrateur.stockAgence(Administrateur.java:31)
	at tpnote.Administrateur.stockAgence(Administrateur.java:31)
	at tpnote.Administrateur.stockAgence(Administrateur.java:31)
	at tpnote.Administrateur.stockAgence(Administrateur.java:31)
	at tpnote.Administrateur.stockAgence(Administrateur.java:31)
	at tpnote.Administrateur.stockAgence(Administrateur.java:31)
	at tpnote.Administrateur.stockAgence(Administrateur.java:31)
	at tpnote.Administrateur.stockAgence(Administrateur.java:31)
	at tpnote.Administrateur.stockAgence(Administrateur.java:31)
	at tpnote.Administrateur.stockAgence(Administrateur.java:31)
	at tpnote.Administrateur.stockAgence(Administrateur.java:31)
	at tpnote.Administrateur.stockAgence(Administrateur.java:31)
	at tpnote.Administrateur.stockAgence(Administrateur.java:31)
	at tpnote.Administrateur.stockAgence(Administrateur.java:31)
	at tpnote.Administrateur.stockAgence(Administrateur.java:31)
	at tpnote.Administrateur.stockAgence(Administrateur.java:31)
	at tpnote.Administrateur.stockAgence(Administrateur.java:31)
	at tpnote.Administrateur.stockAgence(Administrateur.java:31)
	at tpnote.Administrateur.stockAgence(Administrateur.java:31)
	at tpnote.Administrateur.stockAgence(Administrateur.java:31)
	at tpnote.Administrateur.stockAgence(Administrateur.java:31)
	at tpnote.Administrateur.stockAgence(Administrateur.java:31)
	at tpnote.Administrateur.stockAgence(Administrateur.java:31)
	at tpnote.Administrateur.stockAgence(Administrateur.java:31)
	at tpnote.Administrateur.stockAgence(Administrateur.java:31)
	at tpnote.Administrateur.stockAgence(Administrateur.java:31)
	at tpnote.Administrateur.stockAgence(Administrateur.java:31)
	at tpnote.Administrateur.stockAgence(Administrateur.java:31)
	at tpnote.Administrateur.stockAgence(Administrateur.java:31)
	at tpnote.Administrateur.stockAgence(Administrateur.java:31)
	at tpnote.Administrateur.stockAgence(Administrateur.java:31)
	at tpnote.Administrateur.stockAgence(Administrateur.java:31)
	at tpnote.Administrateur.stockAgence(Administrateur.java:31)
	at tpnote.Administrateur.stockAgence(Administrateur.java:31)
	at tpnote.Administrateur.stockAgence(Administrateur.java:31)
	at tpnote.Administrateur.stockAgence(Administrateur.java:31)
	at tpnote.Administrateur.stockAgence(Administrateur.java:31)
	at tpnote.Administrateur.stockAgence(Administrateur.java:31)
	at tpnote.Administrateur.stockAgence(Administrateur.java:31)
	at tpnote.Administrateur.stockAgence(Administrateur.java:31)
	at tpnote.Administrateur.stockAgence(Administrateur.java:31)
	at tpnote.Administrateur.stockAgence(Administrateur.java:31)
	at tpnote.Administrateur.stockAgence(Administrateur.java:31)
	at tpnote.Administrateur.stockAgence(Administrateur.java:31)
	at tpnote.Administrateur.stockAgence(Administrateur.java:31)
	at tpnote.Administrateur.stockAgence(Administrateur.java:31)
	at tpnote.Administrateur.stockAgence(Administrateur.java:31)
	at tpnote.Administrateur.stockAgence(Administrateur.java:31)
	at tpnote.Administrateur.stockAgence(Administrateur.java:31)
	at tpnote.Administrateur.stockAgence(Administrateur.java:31)
	at tpnote.Administrateur.stockAgence(Administrateur.java:31)
	at tpnote.Administrateur.stockAgence(Administrateur.java:31)
	at tpnote.Administrateur.stockAgence(Administrateur.java:31)
	at tpnote.Administrateur.stockAgence(Administrateur.java:31)
	at tpnote.Administrateur.stockAgence(Administrateur.java:31)
	at tpnote.Administrateur.stockAgence(Administrateur.java:31)
	at tpnote.Administrateur.stockAgence(Administrateur.java:31)
	at tpnote.Administrateur.stockAgence(Administrateur.java:31)
	at tpnote.Administrateur.stockAgence(Administrateur.java:31)
	at tpnote.Administrateur.stockAgence(Administrateur.java:31)
	at tpnote.Administrateur.stockAgence(Administrateur.java:31)
	at tpnote.Administrateur.stockAgence(Administrateur.java:31)
	at tpnote.Administrateur.stockAgence(Administrateur.java:31)
	at tpnote.Administrateur.stockAgence(Administrateur.java:31)
	at tpnote.Administrateur.stockAgence(Administrateur.java:31)
	at tpnote.Administrateur.stockAgence(Administrateur.java:31)
	at tpnote.Administrateur.stockAgence(Administrateur.java:31)
	at tpnote.Administrateur.stockAgence(Administrateur.java:31)
	at tpnote.Administrateur.stockAgence(Administrateur.java:31)
	at tpnote.Administrateur.stockAgence(Administrateur.java:31)
	at tpnote.Administrateur.stockAgence(Administrateur.java:31)
	at tpnote.Administrateur.stockAgence(Administrateur.java:31)
	at tpnote.Administrateur.stockAgence(Administrateur.java:31)
	at tpnote.Administrateur.stockAgence(Administrateur.java:31)
	at tpnote.Administrateur.stockAgence(Administrateur.java:31)
	at tpnote.Administrateur.stockAgence(Administrateur.java:31)
	at tpnote.Administrateur.stockAgence(Administrateur.java:31)
	at tpnote.Administrateur.stockAgence(Administrateur.java:31)
	at tpnote.Administrateur.stockAgence(Administrateur.java:31)
	at tpnote.Administrateur.stockAgence(Administrateur.java:31)
	at tpnote.Administrateur.stockAgence(Administrateur.java:31)
	at tpnote.Administrateur.stockAgence(Administrateur.java:31)
	at tpnote.Administrateur.stockAgence(Administrateur.java:31)
	at tpnote.Administrateur.stockAgence(Administrateur.java:31)
	at tpnote.Administrateur.stockAgence(Administrateur.java:31)
	at tpnote.Administrateur.stockAgence(Administrateur.java:31)
	at tpnote.Administrateur.stockAgence(Administrateur.java:31)
	at tpnote.Administrateur.stockAgence(Administrateur.java:31)
	at tpnote.Administrateur.stockAgence(Administrateur.java:31)
	at tpnote.Administrateur.stockAgence(Administrateur.java:31)
	at tpnote.Administrateur.stockAgence(Administrateur.java:31)
	at tpnote.Administrateur.stockAgence(Administrateur.java:31)
	at tpnote.Administrateur.stockAgence(Administrateur.java:31)
	at tpnote.Administrateur.stockAgence(Administrateur.java:31)
	at tpnote.Administrateur.stockAgence(Administrateur.java:31)
	at tpnote.Administrateur.stockAgence(Administrateur.java:31)
	at tpnote.Administrateur.stockAgence(Administrateur.java:31)
	at tpnote.Administrateur.stockAgence(Administrateur.java:31)
	at tpnote.Administrateur.stockAgence(Administrateur.java:31)
	at tpnote.Administrateur.stockAgence(Administrateur.java:31)
	at tpnote.Administrateur.stockAgence(Administrateur.java:31)
	at tpnote.Administrateur.stockAgence(Administrateur.java:31)
	at tpnote.Administrateur.stockAgence(Administrateur.java:31)
	at tpnote.Administrateur.stockAgence(Administrateur.java:31)
	at tpnote.Administrateur.stockAgence(Administrateur.java:31)
	at tpnote.Administrateur.stockAgence(Administrateur.java:31)
	at tpnote.Administrateur.stockAgence(Administrateur.java:31)
	at tpnote.Administrateur.stockAgence(Administrateur.java:31)
	at tpnote.Administrateur.stockAgence(Administrateur.java:31)
	at tpnote.Administrateur.stockAgence(Administrateur.java:31)
	at tpnote.Administrateur.stockAgence(Administrateur.java:31)
	at tpnote.Administrateur.stockAgence(Administrateur.java:31)
	at tpnote.Administrateur.stockAgence(Administrateur.java:31)
	at tpnote.Administrateur.stockAgence(Administrateur.java:31)
	at tpnote.Administrateur.stockAgence(Administrateur.java:31)
	at tpnote.Administrateur.stockAgence(Administrateur.java:31)
	at tpnote.Administrateur.stockAgence(Administrateur.java:31)
	at tpnote.Administrateur.stockAgence(Administrateur.java:31)
	at tpnote.Administrateur.stockAgence(Administrateur.java:31)
	at tpnote.Administrateur.stockAgence(Administrateur.java:31)
	at tpnote.Administrateur.stockAgence(Administrateur.java:31)
	at tpnote.Administrateur.stockAgence(Administrateur.java:31)
	at tpnote.Administrateur.stockAgence(Administrateur.java:31)
	at tpnote.Administrateur.stockAgence(Administrateur.java:31)
	at tpnote.Administrateur.stockAgence(Administrateur.java:31)
	at tpnote.Administrateur.stockAgence(Administrateur.java:31)
	at tpnote.Administrateur.stockAgence(Administrateur.java:31)
	at tpnote.Administrateur.stockAgence(Administrateur.java:31)
	at tpnote.Administrateur.stockAgence(Administrateur.java:31)
	at tpnote.Administrateur.stockAgence(Administrateur.java:31)
	at tpnote.Administrateur.stockAgence(Administrateur.java:31)
	at tpnote.Administrateur.stockAgence(Administrateur.java:31)
	at tpnote.Administrateur.stockAgence(Administrateur.java:31)
	at tpnote.Administrateur.stockAgence(Administrateur.java:31)
	at tpnote.Administrateur.stockAgence(Administrateur.java:31)
	at tpnote.Administrateur.stockAgence(Administrateur.java:31)
	at tpnote.Administrateur.stockAgence(Administrateur.java:31)
	at tpnote.Administrateur.stockAgence(Administrateur.java:31)
	at tpnote.Administrateur.stockAgence(Administrateur.java:31)
	at tpnote.Administrateur.stockAgence(Administrateur.java:31)
	at tpnote.Administrateur.stockAgence(Administrateur.java:31)
	at tpnote.Administrateur.stockAgence(Administrateur.java:31)
	at tpnote.Administrateur.stockAgence(Administrateur.java:31)
	at tpnote.Administrateur.stockAgence(Administrateur.java:31)
	at tpnote.Administrateur.stockAgence(Administrateur.java:31)
	at tpnote.Administrateur.stockAgence(Administrateur.java:31)
	at tpnote.Administrateur.stockAgence(Administrateur.java:31)
	at tpnote.Administrateur.stockAgence(Administrateur.java:31)
	at tpnote.Administrateur.stockAgence(Administrateur.java:31)
	at tpnote.Administrateur.stockAgence(Administrateur.java:31)
	at tpnote.Administrateur.stockAgence(Administrateur.java:31)
	at tpnote.Administrateur.stockAgence(Administrateur.java:31)
	at tpnote.Administrateur.stockAgence(Administrateur.java:31)
	at tpnote.Administrateur.stockAgence(Administrateur.java:31)
	at tpnote.Administrateur.stockAgence(Administrateur.java:31)
	at tpnote.Administrateur.stockAgence(Administrateur.java:31)
	at tpnote.Administrateur.stockAgence(Administrateur.java:31)
	at tpnote.Administrateur.stockAgence(Administrateur.java:31)
	at tpnote.Administrateur.stockAgence(Administrateur.java:31)
	at tpnote.Administrateur.stockAgence(Administrateur.java:31)
	at tpnote.Administrateur.stockAgence(Administrateur.java:31)
	at tpnote.Administrateur.stockAgence(Administrateur.java:31)
	at tpnote.Administrateur.stockAgence(Administrateur.java:31)
	at tpnote.Administrateur.stockAgence(Administrateur.java:31)
	at tpnote.Administrateur.stockAgence(Administrateur.java:31)
	at tpnote.Administrateur.stockAgence(Administrateur.java:31)
	at tpnote.Administrateur.stockAgence(Administrateur.java:31)
	at tpnote.Administrateur.stockAgence(Administrateur.java:31)
	at tpnote.Administrateur.stockAgence(Administrateur.java:31)
	at tpnote.Administrateur.stockAgence(Administrateur.java:31)
	at tpnote.Administrateur.stockAgence(Administrateur.java:31)
	at tpnote.Administrateur.stockAgence(Administrateur.java:31)
	at tpnote.Administrateur.stockAgence(Administrateur.java:31)
	at tpnote.Administrateur.stockAgence(Administrateur.java:31)
	at tpnote.Administrateur.stockAgence(Administrateur.java:31)
	at tpnote.Administrateur.stockAgence(Administrateur.java:31)
	at tpnote.Administrateur.stockAgence(Administrateur.java:31)
	at tpnote.Administrateur.stockAgence(Administrateur.java:31)
	at tpnote.Administrateur.stockAgence(Administrateur.java:31)
	at tpnote.Administrateur.stockAgence(Administrateur.java:31)
	at tpnote.Administrateur.stockAgence(Administrateur.java:31)
	at tpnote.Administrateur.stockAgence(Administrateur.java:31)
	at tpnote.Administrateur.stockAgence(Administrateur.java:31)
	at tpnote.Administrateur.stockAgence(Administrateur.java:31)
	at tpnote.Administrateur.stockAgence(Administrateur.java:31)
	at tpnote.Administrateur.stockAgence(Administrateur.java:31)
	at tpnote.Administrateur.stockAgence(Administrateur.java:31)
	at tpnote.Administrateur.stockAgence(Administrateur.java:31)
	at tpnote.Administrateur.stockAgence(Administrateur.java:31)
	at tpnote.Administrateur.stockAgence(Administrateur.java:31)
	at tpnote.Administrateur.stockAgence(Administrateur.java:31)
	at tpnote.Administrateur.stockAgence(Administrateur.java:31)
	at tpnote.Administrateur.stockAgence(Administrateur.java:31)
	at tpnote.Administrateur.stockAgence(Administrateur.java:31)
	at tpnote.Administrateur.stockAgence(Administrateur.java:31)
	at tpnote.Administrateur.stockAgence(Administrateur.java:31)
	at tpnote.Administrateur.stockAgence(Administrateur.java:31)
	at tpnote.Administrateur.stockAgence(Administrateur.java:31)
	at tpnote.Administrateur.stockAgence(Administrateur.java:31)
	at tpnote.Administrateur.stockAgence(Administrateur.java:31)
	at tpnote.Administrateur.stockAgence(Administrateur.java:31)
	at tpnote.Administrateur.stockAgence(Administrateur.java:31)
	at tpnote.Administrateur.stockAgence(Administrateur.java:31)
	at tpnote.Administrateur.stockAgence(Administrateur.java:31)
	at tpnote.Administrateur.stockAgence(Administrateur.java:31)
	at tpnote.Administrateur.stockAgence(Administrateur.java:31)
	at tpnote.Administrateur.stockAgence(Administrateur.java:31)
	at tpnote.Administrateur.stockAgence(Administrateur.java:31)
	at tpnote.Administrateur.stockAgence(Administrateur.java:31)
	at tpnote.Administrateur.stockAgence(Administrateur.java:31)
	at tpnote.Administrateur.stockAgence(Administrateur.java:31)
	at tpnote.Administrateur.stockAgence(Administrateur.java:31)
	at tpnote.Administrateur.stockAgence(Administrateur.java:31)
	at tpnote.Administrateur.stockAgence(Administrateur.java:31)
	at tpnote.Administrateur.stockAgence(Administrateur.java:31)
	at tpnote.Administrateur.stockAgence(Administrateur.java:31)
	at tpnote.Administrateur.stockAgence(Administrateur.java:31)
	at tpnote.Administrateur.stockAgence(Administrateur.java:31)
	at tpnote.Administrateur.stockAgence(Administrateur.java:31)
	at tpnote.Administrateur.stockAgence(Administrateur.java:31)
	at tpnote.Administrateur.stockAgence(Administrateur.java:31)
	at tpnote.Administrateur.stockAgence(Administrateur.java:31)
	at tpnote.Administrateur.stockAgence(Administrateur.java:31)
	at tpnote.Administrateur.stockAgence(Administrateur.java:31)
	at tpnote.Administrateur.stockAgence(Administrateur.java:31)
	at tpnote.Administrateur.stockAgence(Administrateur.java:31)
	at tpnote.Administrateur.stockAgence(Administrateur.java:31)
	at tpnote.Administrateur.stockAgence(Administrateur.java:31)
	at tpnote.Administrateur.stockAgence(Administrateur.java:31)
	at tpnote.Administrateur.stockAgence(Administrateur.java:31)
	at tpnote.Administrateur.stockAgence(Administrateur.java:31)
	at tpnote.Administrateur.stockAgence(Administrateur.java:31)
	at tpnote.Administrateur.stockAgence(Administrateur.java:31)
	at tpnote.Administrateur.stockAgence(Administrateur.java:31)
	at tpnote.Administrateur.stockAgence(Administrateur.java:31)
	at tpnote.Administrateur.stockAgence(Administrateur.java:31)
	at tpnote.Administrateur.stockAgence(Administrateur.java:31)
	at tpnote.Administrateur.stockAgence(Administrateur.java:31)
	at tpnote.Administrateur.stockAgence(Administrateur.java:31)
	at tpnote.Administrateur.stockAgence(Administrateur.java:31)
	at tpnote.Administrateur.stockAgence(Administrateur.java:31)
	at tpnote.Administrateur.stockAgence(Administrateur.java:31)
	at tpnote.Administrateur.stockAgence(Administrateur.java:31)
	at tpnote.Administrateur.stockAgence(Administrateur.java:31)
	at tpnote.Administrateur.stockAgence(Administrateur.java:31)
	at tpnote.Administrateur.stockAgence(Administrateur.java:31)
	at tpnote.Administrateur.stockAgence(Administrateur.java:31)
	at tpnote.Administrateur.stockAgence(Administrateur.java:31)
	at tpnote.Administrateur.stockAgence(Administrateur.java:31)
	at tpnote.Administrateur.stockAgence(Administrateur.java:31)
	at tpnote.Administrateur.stockAgence(Administrateur.java:31)
	at tpnote.Administrateur.stockAgence(Administrateur.java:31)
	at tpnote.Administrateur.stockAgence(Administrateur.java:31)
	at tpnote.Administrateur.stockAgence(Administrateur.java:31)
	at tpnote.Administrateur.stockAgence(Administrateur.java:31)
	at tpnote.Administrateur.stockAgence(Administrateur.java:31)
	at tpnote.Administrateur.stockAgence(Administrateur.java:31)
	at tpnote.Administrateur.stockAgence(Administrateur.java:31)
	at tpnote.Administrateur.stockAgence(Administrateur.java:31)
	at tpnote.Administrateur.stockAgence(Administrateur.java:31)
	at tpnote.Administrateur.stockAgence(Administrateur.java:31)
	at tpnote.Administrateur.stockAgence(Administrateur.java:31)
	at tpnote.Administrateur.stockAgence(Administrateur.java:31)
	at tpnote.Administrateur.stockAgence(Administrateur.java:31)
	at tpnote.Administrateur.stockAgence(Administrateur.java:31)
	at tpnote.Administrateur.stockAgence(Administrateur.java:31)
	at tpnote.Administrateur.stockAgence(Administrateur.java:31)
	at tpnote.Administrateur.stockAgence(Administrateur.java:31)
	at tpnote.Administrateur.stockAgence(Administrateur.java:31)
	at tpnote.Administrateur.stockAgence(Administrateur.java:31)
	at tpnote.Administrateur.stockAgence(Administrateur.java:31)
	at tpnote.Administrateur.stockAgence(Administrateur.java:31)
	at tpnote.Administrateur.stockAgence(Administrateur.java:31)
	at tpnote.Administrateur.stockAgence(Administrateur.java:31)
	at tpnote.Administrateur.stockAgence(Administrateur.java:31)
	at tpnote.Administrateur.stockAgence(Administrateur.java:31)
	at tpnote.Administrateur.stockAgence(Administrateur.java:31)
	at tpnote.Administrateur.stockAgence(Administrateur.java:31)
	at tpnote.Administrateur.stockAgence(Administrateur.java:31)
	at tpnote.Administrateur.stockAgence(Administrateur.java:31)
	at tpnote.Administrateur.stockAgence(Administrateur.java:31)
	at tpnote.Administrateur.stockAgence(Administrateur.java:31)
	at tpnote.Administrateur.stockAgence(Administrateur.java:31)
	at tpnote.Administrateur.stockAgence(Administrateur.java:31)
	at tpnote.Administrateur.stockAgence(Administrateur.java:31)
	at tpnote.Administrateur.stockAgence(Administrateur.java:31)
	at tpnote.Administrateur.stockAgence(Administrateur.java:31)
	at tpnote.Administrateur.stockAgence(Administrateur.java:31)
	at tpnote.Administrateur.stockAgence(Administrateur.java:31)
	at tpnote.Administrateur.stockAgence(Administrateur.java:31)
	at tpnote.Administrateur.stockAgence(Administrateur.java:31)
	at tpnote.Administrateur.stockAgence(Administrateur.java:31)
	at tpnote.Administrateur.stockAgence(Administrateur.java:31)
	at tpnote.Administrateur.stockAgence(Administrateur.java:31)
	at tpnote.Administrateur.stockAgence(Administrateur.java:31)
	at tpnote.Administrateur.stockAgence(Administrateur.java:31)
	at tpnote.Administrateur.stockAgence(Administrateur.java:31)
	at tpnote.Administrateur.stockAgence(Administrateur.java:31)
	at tpnote.Administrateur.stockAgence(Administrateur.java:31)
	at tpnote.Administrateur.stockAgence(Administrateur.java:31)
	at tpnote.Administrateur.stockAgence(Administrateur.java:31)
	at tpnote.Administrateur.stockAgence(Administrateur.java:31)
	at tpnote.Administrateur.stockAgence(Administrateur.java:31)
	at tpnote.Administrateur.stockAgence(Administrateur.java:31)
	at tpnote.Administrateur.stockAgence(Administrateur.java:31)
	at tpnote.Administrateur.stockAgence(Administrateur.java:31)
	at tpnote.Administrateur.stockAgence(Administrateur.java:31)
	at tpnote.Administrateur.stockAgence(Administrateur.java:31)
	at tpnote.Administrateur.stockAgence(Administrateur.java:31)
	at tpnote.Administrateur.stockAgence(Administrateur.java:31)
	at tpnote.Administrateur.stockAgence(Administrateur.java:31)
	at tpnote.Administrateur.stockAgence(Administrateur.java:31)
	at tpnote.Administrateur.stockAgence(Administrateur.java:31)
	at tpnote.Administrateur.stockAgence(Administrateur.java:31)
	at tpnote.Administrateur.stockAgence(Administrateur.java:31)
	at tpnote.Administrateur.stockAgence(Administrateur.java:31)
	at tpnote.Administrateur.stockAgence(Administrateur.java:31)
	at tpnote.Administrateur.stockAgence(Administrateur.java:31)
	at tpnote.Administrateur.stockAgence(Administrateur.java:31)
	at tpnote.Administrateur.stockAgence(Administrateur.java:31)
	at tpnote.Administrateur.stockAgence(Administrateur.java:31)
	at tpnote.Administrateur.stockAgence(Administrateur.java:31)
	at tpnote.Administrateur.stockAgence(Administrateur.java:31)
	at tpnote.Administrateur.stockAgence(Administrateur.java:31)
	at tpnote.Administrateur.stockAgence(Administrateur.java:31)
	at tpnote.Administrateur.stockAgence(Administrateur.java:31)
	at tpnote.Administrateur.stockAgence(Administrateur.java:31)
	at tpnote.Administrateur.stockAgence(Administrateur.java:31)
	at tpnote.Administrateur.stockAgence(Administrateur.java:31)
	at tpnote.Administrateur.stockAgence(Administrateur.java:31)
	at tpnote.Administrateur.stockAgence(Administrateur.java:31)
	at tpnote.Administrateur.stockAgence(Administrateur.java:31)
	at tpnote.Administrateur.stockAgence(Administrateur.java:31)
	at tpnote.Administrateur.stockAgence(Administrateur.java:31)
	at tpnote.Administrateur.stockAgence(Administrateur.java:31)
	at tpnote.Administrateur.stockAgence(Administrateur.java:31)
	at tpnote.Administrateur.stockAgence(Administrateur.java:31)
	at tpnote.Administrateur.stockAgence(Administrateur.java:31)
	at tpnote.Administrateur.stockAgence(Administrateur.java:31)
	at tpnote.Administrateur.stockAgence(Administrateur.java:31)
	at tpnote.Administrateur.stockAgence(Administrateur.java:31)
	at tpnote.Administrateur.stockAgence(Administrateur.java:31)
	at tpnote.Administrateur.stockAgence(Administrateur.java:31)
	at tpnote.Administrateur.stockAgence(Administrateur.java:31)
	at tpnote.Administrateur.stockAgence(Administrateur.java:31)
	at tpnote.Administrateur.stockAgence(Administrateur.java:31)
	at tpnote.Administrateur.stockAgence(Administrateur.java:31)
	at tpnote.Administrateur.stockAgence(Administrateur.java:31)
	at tpnote.Administrateur.stockAgence(Administrateur.java:31)
	at tpnote.Administrateur.stockAgence(Administrateur.java:31)
	at tpnote.Administrateur.stockAgence(Administrateur.java:31)
	at tpnote.Administrateur.stockAgence(Administrateur.java:31)
	at tpnote.Administrateur.stockAgence(Administrateur.java:31)
	at tpnote.Administrateur.stockAgence(Administrateur.java:31)
	at tpnote.Administrateur.stockAgence(Administrateur.java:31)
	at tpnote.Administrateur.stockAgence(Administrateur.java:31)
	at tpnote.Administrateur.stockAgence(Administrateur.java:31)
	at tpnote.Administrateur.stockAgence(Administrateur.java:31)
	at tpnote.Administrateur.stockAgence(Administrateur.java:31)
	at tpnote.Administrateur.stockAgence(Administrateur.java:31)
	at tpnote.Administrateur.stockAgence(Administrateur.java:31)
	at tpnote.Administrateur.stockAgence(Administrateur.java:31)
	at tpnote.Administrateur.stockAgence(Administrateur.java:31)
	at tpnote.Administrateur.stockAgence(Administrateur.java:31)
	at tpnote.Administrateur.stockAgence(Administrateur.java:31)
	at tpnote.Administrateur.stockAgence(Administrateur.java:31)
	at tpnote.Administrateur.stockAgence(Administrateur.java:31)
	at tpnote.Administrateur.stockAgence(Administrateur.java:31)
	at tpnote.Administrateur.stockAgence(Administrateur.java:31)
	at tpnote.Administrateur.stockAgence(Administrateur.java:31)
	at tpnote.Administrateur.stockAgence(Administrateur.java:31)
	at tpnote.Administrateur.stockAgence(Administrateur.java:31)
	at tpnote.Administrateur.stockAgence(Administrateur.java:31)
	at tpnote.Administrateur.stockAgence(Administrateur.java:31)
	at tpnote.Administrateur.stockAgence(Administrateur.java:31)
	at tpnote.Administrateur.stockAgence(Administrateur.java:31)
	at tpnote.Administrateur.stockAgence(Administrateur.java:31)
	at tpnote.Administrateur.stockAgence(Administrateur.java:31)
	at tpnote.Administrateur.stockAgence(Administrateur.java:31)
	at tpnote.Administrateur.stockAgence(Administrateur.java:31)
	at tpnote.Administrateur.stockAgence(Administrateur.java:31)
	at tpnote.Administrateur.stockAgence(Administrateur.java:31)
	at tpnote.Administrateur.stockAgence(Administrateur.java:31)
	at tpnote.Administrateur.stockAgence(Administrateur.java:31)
	at tpnote.Administrateur.stockAgence(Administrateur.java:31)
	at tpnote.Administrateur.stockAgence(Administrateur.java:31)
	at tpnote.Administrateur.stockAgence(Administrateur.java:31)
	at tpnote.Administrateur.stockAgence(Administrateur.java:31)
	at tpnote.Administrateur.stockAgence(Administrateur.java:31)
	at tpnote.Administrateur.stockAgence(Administrateur.java:31)
	at tpnote.Administrateur.stockAgence(Administrateur.java:31)
	at tpnote.Administrateur.stockAgence(Administrateur.java:31)
	at tpnote.Administrateur.stockAgence(Administrateur.java:31)
	at tpnote.Administrateur.stockAgence(Administrateur.java:31)
	at tpnote.Administrateur.stockAgence(Administrateur.java:31)
	at tpnote.Administrateur.stockAgence(Administrateur.java:31)
	at tpnote.Administrateur.stockAgence(Administrateur.java:31)
	at tpnote.Administrateur.stockAgence(Administrateur.java:31)
	at tpnote.Administrateur.stockAgence(Administrateur.java:31)
	at tpnote.Administrateur.stockAgence(Administrateur.java:31)
	at tpnote.Administrateur.stockAgence(Administrateur.java:31)
	at tpnote.Administrateur.stockAgence(Administrateur.java:31)
	at tpnote.Administrateur.stockAgence(Administrateur.java:31)
	at tpnote.Administrateur.stockAgence(Administrateur.java:31)
	at tpnote.Administrateur.stockAgence(Administrateur.java:31)
	at tpnote.Administrateur.stockAgence(Administrateur.java:31)
	at tpnote.Administrateur.stockAgence(Administrateur.java:31)
	at tpnote.Administrateur.stockAgence(Administrateur.java:31)
	at tpnote.Administrateur.stockAgence(Administrateur.java:31)
	at tpnote.Administrateur.stockAgence(Administrateur.java:31)
	at tpnote.Administrateur.stockAgence(Administrateur.java:31)
	at tpnote.Administrateur.stockAgence(Administrateur.java:31)
	at tpnote.Administrateur.stockAgence(Administrateur.java:31)

supprimerMaterielDefectueuxAgence_avecMaterielDefectueux(tpnote.AdministrateurTest)  Time elapsed: 0 sec  <<< ERROR!
java.util.ConcurrentModificationException
	at java.util.ArrayList$Itr.checkForComodification(ArrayList.java:901)
	at java.util.ArrayList$Itr.next(ArrayList.java:851)
	at tpnote.Administrateur.supprimerMaterielDefectueuxDe(Administrateur.java:52)
	at tpnote.Administrateur.supprimerMaterielDefectueuxAgence(Administrateur.java:48)
	at tpnote.AdministrateurTest.supprimerMaterielDefectueuxAgence_avecMaterielDefectueux(AdministrateurTest.java:159)
	at sun.reflect.NativeMethodAccessorImpl.invoke0(Native Method)
	at sun.reflect.NativeMethodAccessorImpl.invoke(NativeMethodAccessorImpl.java:62)
	at sun.reflect.DelegatingMethodAccessorImpl.invoke(DelegatingMethodAccessorImpl.java:43)
	at java.lang.reflect.Method.invoke(Method.java:497)
	at org.junit.runners.model.FrameworkMethod$1.runReflectiveCall(FrameworkMethod.java:50)
	at org.junit.internal.runners.model.ReflectiveCallable.run(ReflectiveCallable.java:12)
	at org.junit.runners.model.FrameworkMethod.invokeExplosively(FrameworkMethod.java:47)
	at org.junit.internal.runners.statements.InvokeMethod.evaluate(InvokeMethod.java:17)
	at org.junit.internal.runners.statements.RunBefores.evaluate(RunBefores.java:26)
	at org.junit.runners.ParentRunner.runLeaf(ParentRunner.java:325)
	at org.junit.runners.BlockJUnit4ClassRunner.runChild(BlockJUnit4ClassRunner.java:78)
	at org.junit.runners.BlockJUnit4ClassRunner.runChild(BlockJUnit4ClassRunner.java:57)
	at org.junit.runners.ParentRunner$3.run(ParentRunner.java:290)
	at org.junit.runners.ParentRunner$1.schedule(ParentRunner.java:71)
	at org.junit.runners.ParentRunner.runChildren(ParentRunner.java:288)
	at org.junit.runners.ParentRunner.access$000(ParentRunner.java:58)
	at org.junit.runners.ParentRunner$2.evaluate(ParentRunner.java:268)
	at org.junit.runners.ParentRunner.run(ParentRunner.java:363)
	at org.apache.maven.surefire.junit4.JUnit4Provider.execute(JUnit4Provider.java:252)
	at org.apache.maven.surefire.junit4.JUnit4Provider.executeTestSet(JUnit4Provider.java:141)
	at org.apache.maven.surefire.junit4.JUnit4Provider.invoke(JUnit4Provider.java:112)
	at sun.reflect.NativeMethodAccessorImpl.invoke0(Native Method)
	at sun.reflect.NativeMethodAccessorImpl.invoke(NativeMethodAccessorImpl.java:62)
	at sun.reflect.DelegatingMethodAccessorImpl.invoke(DelegatingMethodAccessorImpl.java:43)
	at java.lang.reflect.Method.invoke(Method.java:497)
	at org.apache.maven.surefire.util.ReflectionUtils.invokeMethodWithArray(ReflectionUtils.java:189)
	at org.apache.maven.surefire.booter.ProviderFactory$ProviderProxy.invoke(ProviderFactory.java:165)
	at org.apache.maven.surefire.booter.ProviderFactory.invokeProvider(ProviderFactory.java:85)
	at org.apache.maven.surefire.booter.ForkedBooter.runSuitesInProcess(ForkedBooter.java:115)
	at org.apache.maven.surefire.booter.ForkedBooter.main(ForkedBooter.java:75)

supprimerMaterielDefectueuxEntreprise_avecMaterielDefectueux(tpnote.AdministrateurTest)  Time elapsed: 0 sec  <<< ERROR!
java.util.ConcurrentModificationException
	at java.util.ArrayList$Itr.checkForComodification(ArrayList.java:901)
	at java.util.ArrayList$Itr.next(ArrayList.java:851)
	at tpnote.Administrateur.supprimerMaterielDefectueuxDe(Administrateur.java:52)
	at tpnote.Administrateur.supprimerMaterielDefectueuxEntreprise(Administrateur.java:45)
	at tpnote.AdministrateurTest.supprimerMaterielDefectueuxEntreprise_avecMaterielDefectueux(AdministrateurTest.java:135)
	at sun.reflect.NativeMethodAccessorImpl.invoke0(Native Method)
	at sun.reflect.NativeMethodAccessorImpl.invoke(NativeMethodAccessorImpl.java:62)
	at sun.reflect.DelegatingMethodAccessorImpl.invoke(DelegatingMethodAccessorImpl.java:43)
	at java.lang.reflect.Method.invoke(Method.java:497)
	at org.junit.runners.model.FrameworkMethod$1.runReflectiveCall(FrameworkMethod.java:50)
	at org.junit.internal.runners.model.ReflectiveCallable.run(ReflectiveCallable.java:12)
	at org.junit.runners.model.FrameworkMethod.invokeExplosively(FrameworkMethod.java:47)
	at org.junit.internal.runners.statements.InvokeMethod.evaluate(InvokeMethod.java:17)
	at org.junit.internal.runners.statements.RunBefores.evaluate(RunBefores.java:26)
	at org.junit.runners.ParentRunner.runLeaf(ParentRunner.java:325)
	at org.junit.runners.BlockJUnit4ClassRunner.runChild(BlockJUnit4ClassRunner.java:78)
	at org.junit.runners.BlockJUnit4ClassRunner.runChild(BlockJUnit4ClassRunner.java:57)
	at org.junit.runners.ParentRunner$3.run(ParentRunner.java:290)
	at org.junit.runners.ParentRunner$1.schedule(ParentRunner.java:71)
	at org.junit.runners.ParentRunner.runChildren(ParentRunner.java:288)
	at org.junit.runners.ParentRunner.access$000(ParentRunner.java:58)
	at org.junit.runners.ParentRunner$2.evaluate(ParentRunner.java:268)
	at org.junit.runners.ParentRunner.run(ParentRunner.java:363)
	at org.apache.maven.surefire.junit4.JUnit4Provider.execute(JUnit4Provider.java:252)
	at org.apache.maven.surefire.junit4.JUnit4Provider.executeTestSet(JUnit4Provider.java:141)
	at org.apache.maven.surefire.junit4.JUnit4Provider.invoke(JUnit4Provider.java:112)
	at sun.reflect.NativeMethodAccessorImpl.invoke0(Native Method)
	at sun.reflect.NativeMethodAccessorImpl.invoke(NativeMethodAccessorImpl.java:62)
	at sun.reflect.DelegatingMethodAccessorImpl.invoke(DelegatingMethodAccessorImpl.java:43)
	at java.lang.reflect.Method.invoke(Method.java:497)
	at org.apache.maven.surefire.util.ReflectionUtils.invokeMethodWithArray(ReflectionUtils.java:189)
	at org.apache.maven.surefire.booter.ProviderFactory$ProviderProxy.invoke(ProviderFactory.java:165)
	at org.apache.maven.surefire.booter.ProviderFactory.invokeProvider(ProviderFactory.java:85)
	at org.apache.maven.surefire.booter.ForkedBooter.runSuitesInProcess(ForkedBooter.java:115)
	at org.apache.maven.surefire.booter.ForkedBooter.main(ForkedBooter.java:75)

recupererMateriel(tpnote.AdministrateurTest)  Time elapsed: 0 sec  <<< FAILURE!
java.lang.AssertionError: recupererMateriel: fail expected:<1> but was:<0>
	at org.junit.Assert.fail(Assert.java:88)
	at org.junit.Assert.failNotEquals(Assert.java:834)
	at org.junit.Assert.assertEquals(Assert.java:645)
	at tpnote.AdministrateurTest.recupererMateriel(AdministrateurTest.java:77)
	at sun.reflect.NativeMethodAccessorImpl.invoke0(Native Method)
	at sun.reflect.NativeMethodAccessorImpl.invoke(NativeMethodAccessorImpl.java:62)
	at sun.reflect.DelegatingMethodAccessorImpl.invoke(DelegatingMethodAccessorImpl.java:43)
	at java.lang.reflect.Method.invoke(Method.java:497)
	at org.junit.runners.model.FrameworkMethod$1.runReflectiveCall(FrameworkMethod.java:50)
	at org.junit.internal.runners.model.ReflectiveCallable.run(ReflectiveCallable.java:12)
	at org.junit.runners.model.FrameworkMethod.invokeExplosively(FrameworkMethod.java:47)
	at org.junit.internal.runners.statements.InvokeMethod.evaluate(InvokeMethod.java:17)
	at org.junit.internal.runners.statements.RunBefores.evaluate(RunBefores.java:26)
	at org.junit.runners.ParentRunner.runLeaf(ParentRunner.java:325)
	at org.junit.runners.BlockJUnit4ClassRunner.runChild(BlockJUnit4ClassRunner.java:78)
	at org.junit.runners.BlockJUnit4ClassRunner.runChild(BlockJUnit4ClassRunner.java:57)
	at org.junit.runners.ParentRunner$3.run(ParentRunner.java:290)
	at org.junit.runners.ParentRunner$1.schedule(ParentRunner.java:71)
	at org.junit.runners.ParentRunner.runChildren(ParentRunner.java:288)
	at org.junit.runners.ParentRunner.access$000(ParentRunner.java:58)
	at org.junit.runners.ParentRunner$2.evaluate(ParentRunner.java:268)
	at org.junit.runners.ParentRunner.run(ParentRunner.java:363)
	at org.apache.maven.surefire.junit4.JUnit4Provider.execute(JUnit4Provider.java:252)
	at org.apache.maven.surefire.junit4.JUnit4Provider.executeTestSet(JUnit4Provider.java:141)
	at org.apache.maven.surefire.junit4.JUnit4Provider.invoke(JUnit4Provider.java:112)
	at sun.reflect.NativeMethodAccessorImpl.invoke0(Native Method)
	at sun.reflect.NativeMethodAccessorImpl.invoke(NativeMethodAccessorImpl.java:62)
	at sun.reflect.DelegatingMethodAccessorImpl.invoke(DelegatingMethodAccessorImpl.java:43)
	at java.lang.reflect.Method.invoke(Method.java:497)
	at org.apache.maven.surefire.util.ReflectionUtils.invokeMethodWithArray(ReflectionUtils.java:189)
	at org.apache.maven.surefire.booter.ProviderFactory$ProviderProxy.invoke(ProviderFactory.java:165)
	at org.apache.maven.surefire.booter.ProviderFactory.invokeProvider(ProviderFactory.java:85)
	at org.apache.maven.surefire.booter.ForkedBooter.runSuitesInProcess(ForkedBooter.java:115)
	at org.apache.maven.surefire.booter.ForkedBooter.main(ForkedBooter.java:75)

stockEntreprise(tpnote.AdministrateurTest)  Time elapsed: 0.052 sec  <<< ERROR!
java.lang.StackOverflowError
	at tpnote.Administrateur.stockEntreprise(Administrateur.java:26)
	at tpnote.Administrateur.stockEntreprise(Administrateur.java:26)
	at tpnote.Administrateur.stockEntreprise(Administrateur.java:26)
	at tpnote.Administrateur.stockEntreprise(Administrateur.java:26)
	at tpnote.Administrateur.stockEntreprise(Administrateur.java:26)
	at tpnote.Administrateur.stockEntreprise(Administrateur.java:26)
	at tpnote.Administrateur.stockEntreprise(Administrateur.java:26)
	at tpnote.Administrateur.stockEntreprise(Administrateur.java:26)
	at tpnote.Administrateur.stockEntreprise(Administrateur.java:26)
	at tpnote.Administrateur.stockEntreprise(Administrateur.java:26)
	at tpnote.Administrateur.stockEntreprise(Administrateur.java:26)
	at tpnote.Administrateur.stockEntreprise(Administrateur.java:26)
	at tpnote.Administrateur.stockEntreprise(Administrateur.java:26)
	at tpnote.Administrateur.stockEntreprise(Administrateur.java:26)
	at tpnote.Administrateur.stockEntreprise(Administrateur.java:26)
	at tpnote.Administrateur.stockEntreprise(Administrateur.java:26)
	at tpnote.Administrateur.stockEntreprise(Administrateur.java:26)
	at tpnote.Administrateur.stockEntreprise(Administrateur.java:26)
	at tpnote.Administrateur.stockEntreprise(Administrateur.java:26)
	at tpnote.Administrateur.stockEntreprise(Administrateur.java:26)
	at tpnote.Administrateur.stockEntreprise(Administrateur.java:26)
	at tpnote.Administrateur.stockEntreprise(Administrateur.java:26)
	at tpnote.Administrateur.stockEntreprise(Administrateur.java:26)
	at tpnote.Administrateur.stockEntreprise(Administrateur.java:26)
	at tpnote.Administrateur.stockEntreprise(Administrateur.java:26)
	at tpnote.Administrateur.stockEntreprise(Administrateur.java:26)
	at tpnote.Administrateur.stockEntreprise(Administrateur.java:26)
	at tpnote.Administrateur.stockEntreprise(Administrateur.java:26)
	at tpnote.Administrateur.stockEntreprise(Administrateur.java:26)
	at tpnote.Administrateur.stockEntreprise(Administrateur.java:26)
	at tpnote.Administrateur.stockEntreprise(Administrateur.java:26)
	at tpnote.Administrateur.stockEntreprise(Administrateur.java:26)
	at tpnote.Administrateur.stockEntreprise(Administrateur.java:26)
	at tpnote.Administrateur.stockEntreprise(Administrateur.java:26)
	at tpnote.Administrateur.stockEntreprise(Administrateur.java:26)
	at tpnote.Administrateur.stockEntreprise(Administrateur.java:26)
	at tpnote.Administrateur.stockEntreprise(Administrateur.java:26)
	at tpnote.Administrateur.stockEntreprise(Administrateur.java:26)
	at tpnote.Administrateur.stockEntreprise(Administrateur.java:26)
	at tpnote.Administrateur.stockEntreprise(Administrateur.java:26)
	at tpnote.Administrateur.stockEntreprise(Administrateur.java:26)
	at tpnote.Administrateur.stockEntreprise(Administrateur.java:26)
	at tpnote.Administrateur.stockEntreprise(Administrateur.java:26)
	at tpnote.Administrateur.stockEntreprise(Administrateur.java:26)
	at tpnote.Administrateur.stockEntreprise(Administrateur.java:26)
	at tpnote.Administrateur.stockEntreprise(Administrateur.java:26)
	at tpnote.Administrateur.stockEntreprise(Administrateur.java:26)
	at tpnote.Administrateur.stockEntreprise(Administrateur.java:26)
	at tpnote.Administrateur.stockEntreprise(Administrateur.java:26)
	at tpnote.Administrateur.stockEntreprise(Administrateur.java:26)
	at tpnote.Administrateur.stockEntreprise(Administrateur.java:26)
	at tpnote.Administrateur.stockEntreprise(Administrateur.java:26)
	at tpnote.Administrateur.stockEntreprise(Administrateur.java:26)
	at tpnote.Administrateur.stockEntreprise(Administrateur.java:26)
	at tpnote.Administrateur.stockEntreprise(Administrateur.java:26)
	at tpnote.Administrateur.stockEntreprise(Administrateur.java:26)
	at tpnote.Administrateur.stockEntreprise(Administrateur.java:26)
	at tpnote.Administrateur.stockEntreprise(Administrateur.java:26)
	at tpnote.Administrateur.stockEntreprise(Administrateur.java:26)
	at tpnote.Administrateur.stockEntreprise(Administrateur.java:26)
	at tpnote.Administrateur.stockEntreprise(Administrateur.java:26)
	at tpnote.Administrateur.stockEntreprise(Administrateur.java:26)
	at tpnote.Administrateur.stockEntreprise(Administrateur.java:26)
	at tpnote.Administrateur.stockEntreprise(Administrateur.java:26)
	at tpnote.Administrateur.stockEntreprise(Administrateur.java:26)
	at tpnote.Administrateur.stockEntreprise(Administrateur.java:26)
	at tpnote.Administrateur.stockEntreprise(Administrateur.java:26)
	at tpnote.Administrateur.stockEntreprise(Administrateur.java:26)
	at tpnote.Administrateur.stockEntreprise(Administrateur.java:26)
	at tpnote.Administrateur.stockEntreprise(Administrateur.java:26)
	at tpnote.Administrateur.stockEntreprise(Administrateur.java:26)
	at tpnote.Administrateur.stockEntreprise(Administrateur.java:26)
	at tpnote.Administrateur.stockEntreprise(Administrateur.java:26)
	at tpnote.Administrateur.stockEntreprise(Administrateur.java:26)
	at tpnote.Administrateur.stockEntreprise(Administrateur.java:26)
	at tpnote.Administrateur.stockEntreprise(Administrateur.java:26)
	at tpnote.Administrateur.stockEntreprise(Administrateur.java:26)
	at tpnote.Administrateur.stockEntreprise(Administrateur.java:26)
	at tpnote.Administrateur.stockEntreprise(Administrateur.java:26)
	at tpnote.Administrateur.stockEntreprise(Administrateur.java:26)
	at tpnote.Administrateur.stockEntreprise(Administrateur.java:26)
	at tpnote.Administrateur.stockEntreprise(Administrateur.java:26)
	at tpnote.Administrateur.stockEntreprise(Administrateur.java:26)
	at tpnote.Administrateur.stockEntreprise(Administrateur.java:26)
	at tpnote.Administrateur.stockEntreprise(Administrateur.java:26)
	at tpnote.Administrateur.stockEntreprise(Administrateur.java:26)
	at tpnote.Administrateur.stockEntreprise(Administrateur.java:26)
	at tpnote.Administrateur.stockEntreprise(Administrateur.java:26)
	at tpnote.Administrateur.stockEntreprise(Administrateur.java:26)
	at tpnote.Administrateur.stockEntreprise(Administrateur.java:26)
	at tpnote.Administrateur.stockEntreprise(Administrateur.java:26)
	at tpnote.Administrateur.stockEntreprise(Administrateur.java:26)
	at tpnote.Administrateur.stockEntreprise(Administrateur.java:26)
	at tpnote.Administrateur.stockEntreprise(Administrateur.java:26)
	at tpnote.Administrateur.stockEntreprise(Administrateur.java:26)
	at tpnote.Administrateur.stockEntreprise(Administrateur.java:26)
	at tpnote.Administrateur.stockEntreprise(Administrateur.java:26)
	at tpnote.Administrateur.stockEntreprise(Administrateur.java:26)
	at tpnote.Administrateur.stockEntreprise(Administrateur.java:26)
	at tpnote.Administrateur.stockEntreprise(Administrateur.java:26)
	at tpnote.Administrateur.stockEntreprise(Administrateur.java:26)
	at tpnote.Administrateur.stockEntreprise(Administrateur.java:26)
	at tpnote.Administrateur.stockEntreprise(Administrateur.java:26)
	at tpnote.Administrateur.stockEntreprise(Administrateur.java:26)
	at tpnote.Administrateur.stockEntreprise(Administrateur.java:26)
	at tpnote.Administrateur.stockEntreprise(Administrateur.java:26)
	at tpnote.Administrateur.stockEntreprise(Administrateur.java:26)
	at tpnote.Administrateur.stockEntreprise(Administrateur.java:26)
	at tpnote.Administrateur.stockEntreprise(Administrateur.java:26)
	at tpnote.Administrateur.stockEntreprise(Administrateur.java:26)
	at tpnote.Administrateur.stockEntreprise(Administrateur.java:26)
[...]
	at tpnote.Administrateur.stockEntreprise(Administrateur.java:26)
	at tpnote.Administrateur.stockEntreprise(Administrateur.java:26)
	at tpnote.Administrateur.stockEntreprise(Administrateur.java:26)
	at tpnote.Administrateur.stockEntreprise(Administrateur.java:26)
	at tpnote.Administrateur.stockEntreprise(Administrateur.java:26)
	at tpnote.Administrateur.stockEntreprise(Administrateur.java:26)
	at tpnote.Administrateur.stockEntreprise(Administrateur.java:26)
	at tpnote.Administrateur.stockEntreprise(Administrateur.java:26)
	at tpnote.Administrateur.stockEntreprise(Administrateur.java:26)
	at tpnote.Administrateur.stockEntreprise(Administrateur.java:26)
	at tpnote.Administrateur.stockEntreprise(Administrateur.java:26)
	at tpnote.Administrateur.stockEntreprise(Administrateur.java:26)
	at tpnote.Administrateur.stockEntreprise(Administrateur.java:26)
	at tpnote.Administrateur.stockEntreprise(Administrateur.java:26)
	at tpnote.Administrateur.stockEntreprise(Administrateur.java:26)
	at tpnote.Administrateur.stockEntreprise(Administrateur.java:26)
	at tpnote.Administrateur.stockEntreprise(Administrateur.java:26)
	at tpnote.Administrateur.stockEntreprise(Administrateur.java:26)
	at tpnote.Administrateur.stockEntreprise(Administrateur.java:26)
	at tpnote.Administrateur.stockEntreprise(Administrateur.java:26)
	at tpnote.Administrateur.stockEntreprise(Administrateur.java:26)
	at tpnote.Administrateur.stockEntreprise(Administrateur.java:26)
	at tpnote.Administrateur.stockEntreprise(Administrateur.java:26)
	at tpnote.Administrateur.stockEntreprise(Administrateur.java:26)
	at tpnote.Administrateur.stockEntreprise(Administrateur.java:26)
	at tpnote.Administrateur.stockEntreprise(Administrateur.java:26)
	at tpnote.Administrateur.stockEntreprise(Administrateur.java:26)
	at tpnote.Administrateur.stockEntreprise(Administrateur.java:26)
	at tpnote.Administrateur.stockEntreprise(Administrateur.java:26)
	at tpnote.Administrateur.stockEntreprise(Administrateur.java:26)
	at tpnote.Administrateur.stockEntreprise(Administrateur.java:26)
	at tpnote.Administrateur.stockEntreprise(Administrateur.java:26)
	at tpnote.Administrateur.stockEntreprise(Administrateur.java:26)
	at tpnote.Administrateur.stockEntreprise(Administrateur.java:26)
	at tpnote.Administrateur.stockEntreprise(Administrateur.java:26)
	at tpnote.Administrateur.stockEntreprise(Administrateur.java:26)
	at tpnote.Administrateur.stockEntreprise(Administrateur.java:26)
	at tpnote.Administrateur.stockEntreprise(Administrateur.java:26)
	at tpnote.Administrateur.stockEntreprise(Administrateur.java:26)
	at tpnote.Administrateur.stockEntreprise(Administrateur.java:26)
	at tpnote.Administrateur.stockEntreprise(Administrateur.java:26)
	at tpnote.Administrateur.stockEntreprise(Administrateur.java:26)
	at tpnote.Administrateur.stockEntreprise(Administrateur.java:26)
	at tpnote.Administrateur.stockEntreprise(Administrateur.java:26)
	at tpnote.Administrateur.stockEntreprise(Administrateur.java:26)
	at tpnote.Administrateur.stockEntreprise(Administrateur.java:26)
	at tpnote.Administrateur.stockEntreprise(Administrateur.java:26)
	at tpnote.Administrateur.stockEntreprise(Administrateur.java:26)
	at tpnote.Administrateur.stockEntreprise(Administrateur.java:26)
	at tpnote.Administrateur.stockEntreprise(Administrateur.java:26)
	at tpnote.Administrateur.stockEntreprise(Administrateur.java:26)
	at tpnote.Administrateur.stockEntreprise(Administrateur.java:26)
	at tpnote.Administrateur.stockEntreprise(Administrateur.java:26)
	at tpnote.Administrateur.stockEntreprise(Administrateur.java:26)
	at tpnote.Administrateur.stockEntreprise(Administrateur.java:26)
	at tpnote.Administrateur.stockEntreprise(Administrateur.java:26)
	at tpnote.Administrateur.stockEntreprise(Administrateur.java:26)
	at tpnote.Administrateur.stockEntreprise(Administrateur.java:26)
	at tpnote.Administrateur.stockEntreprise(Administrateur.java:26)
	at tpnote.Administrateur.stockEntreprise(Administrateur.java:26)
	at tpnote.Administrateur.stockEntreprise(Administrateur.java:26)
	at tpnote.Administrateur.stockEntreprise(Administrateur.java:26)
	at tpnote.Administrateur.stockEntreprise(Administrateur.java:26)
	at tpnote.Administrateur.stockEntreprise(Administrateur.java:26)
	at tpnote.Administrateur.stockEntreprise(Administrateur.java:26)
	at tpnote.Administrateur.stockEntreprise(Administrateur.java:26)
	at tpnote.Administrateur.stockEntreprise(Administrateur.java:26)
	at tpnote.Administrateur.stockEntreprise(Administrateur.java:26)
	at tpnote.Administrateur.stockEntreprise(Administrateur.java:26)
	at tpnote.Administrateur.stockEntreprise(Administrateur.java:26)
	at tpnote.Administrateur.stockEntreprise(Administrateur.java:26)
	at tpnote.Administrateur.stockEntreprise(Administrateur.java:26)
	at tpnote.Administrateur.stockEntreprise(Administrateur.java:26)
	at tpnote.Administrateur.stockEntreprise(Administrateur.java:26)
	at tpnote.Administrateur.stockEntreprise(Administrateur.java:26)
	at tpnote.Administrateur.stockEntreprise(Administrateur.java:26)
	at tpnote.Administrateur.stockEntreprise(Administrateur.java:26)
	at tpnote.Administrateur.stockEntreprise(Administrateur.java:26)
	at tpnote.Administrateur.stockEntreprise(Administrateur.java:26)
	at tpnote.Administrateur.stockEntreprise(Administrateur.java:26)
	at tpnote.Administrateur.stockEntreprise(Administrateur.java:26)
	at tpnote.Administrateur.stockEntreprise(Administrateur.java:26)
	at tpnote.Administrateur.stockEntreprise(Administrateur.java:26)
	at tpnote.Administrateur.stockEntreprise(Administrateur.java:26)
	at tpnote.Administrateur.stockEntreprise(Administrateur.java:26)
	at tpnote.Administrateur.stockEntreprise(Administrateur.java:26)
	at tpnote.Administrateur.stockEntreprise(Administrateur.java:26)
	at tpnote.Administrateur.stockEntreprise(Administrateur.java:26)
	at tpnote.Administrateur.stockEntreprise(Administrateur.java:26)
	at tpnote.Administrateur.stockEntreprise(Administrateur.java:26)
	at tpnote.Administrateur.stockEntreprise(Administrateur.java:26)
	at tpnote.Administrateur.stockEntreprise(Administrateur.java:26)
	at tpnote.Administrateur.stockEntreprise(Administrateur.java:26)
	at tpnote.Administrateur.stockEntreprise(Administrateur.java:26)
	at tpnote.Administrateur.stockEntreprise(Administrateur.java:26)
	at tpnote.Administrateur.stockEntreprise(Administrateur.java:26)
	at tpnote.Administrateur.stockEntreprise(Administrateur.java:26)
	at tpnote.Administrateur.stockEntreprise(Administrateur.java:26)
	at tpnote.Administrateur.stockEntreprise(Administrateur.java:26)
	at tpnote.Administrateur.stockEntreprise(Administrateur.java:26)
	at tpnote.Administrateur.stockEntreprise(Administrateur.java:26)
	at tpnote.Administrateur.stockEntreprise(Administrateur.java:26)
	at tpnote.Administrateur.stockEntreprise(Administrateur.java:26)
	at tpnote.Administrateur.stockEntreprise(Administrateur.java:26)
	at tpnote.Administrateur.stockEntreprise(Administrateur.java:26)
	at tpnote.Administrateur.stockEntreprise(Administrateur.java:26)
	at tpnote.Administrateur.stockEntreprise(Administrateur.java:26)
	at tpnote.Administrateur.stockEntreprise(Administrateur.java:26)
	at tpnote.Administrateur.stockEntreprise(Administrateur.java:26)
	at tpnote.Administrateur.stockEntreprise(Administrateur.java:26)
	at tpnote.Administrateur.stockEntreprise(Administrateur.java:26)
	at tpnote.Administrateur.stockEntreprise(Administrateur.java:26)
	at tpnote.Administrateur.stockEntreprise(Administrateur.java:26)
	at tpnote.Administrateur.stockEntreprise(Administrateur.java:26)
	at tpnote.Administrateur.stockEntreprise(Administrateur.java:26)
	at tpnote.Administrateur.stockEntreprise(Administrateur.java:26)
	at tpnote.Administrateur.stockEntreprise(Administrateur.java:26)
	at tpnote.Administrateur.stockEntreprise(Administrateur.java:26)
	at tpnote.Administrateur.stockEntreprise(Administrateur.java:26)
	at tpnote.Administrateur.stockEntreprise(Administrateur.java:26)
	at tpnote.Administrateur.stockEntreprise(Administrateur.java:26)
	at tpnote.Administrateur.stockEntreprise(Administrateur.java:26)
	at tpnote.Administrateur.stockEntreprise(Administrateur.java:26)
	at tpnote.Administrateur.stockEntreprise(Administrateur.java:26)
	at tpnote.Administrateur.stockEntreprise(Administrateur.java:26)
	at tpnote.Administrateur.stockEntreprise(Administrateur.java:26)
	at tpnote.Administrateur.stockEntreprise(Administrateur.java:26)
	at tpnote.Administrateur.stockEntreprise(Administrateur.java:26)
	at tpnote.Administrateur.stockEntreprise(Administrateur.java:26)
	at tpnote.Administrateur.stockEntreprise(Administrateur.java:26)
	at tpnote.Administrateur.stockEntreprise(Administrateur.java:26)
	at tpnote.Administrateur.stockEntreprise(Administrateur.java:26)
	at tpnote.Administrateur.stockEntreprise(Administrateur.java:26)
	at tpnote.Administrateur.stockEntreprise(Administrateur.java:26)
	at tpnote.Administrateur.stockEntreprise(Administrateur.java:26)
	at tpnote.Administrateur.stockEntreprise(Administrateur.java:26)
	at tpnote.Administrateur.stockEntreprise(Administrateur.java:26)
	at tpnote.Administrateur.stockEntreprise(Administrateur.java:26)
	at tpnote.Administrateur.stockEntreprise(Administrateur.java:26)
	at tpnote.Administrateur.stockEntreprise(Administrateur.java:26)
	at tpnote.Administrateur.stockEntreprise(Administrateur.java:26)
	at tpnote.Administrateur.stockEntreprise(Administrateur.java:26)
	at tpnote.Administrateur.stockEntreprise(Administrateur.java:26)
	at tpnote.Administrateur.stockEntreprise(Administrateur.java:26)
	at tpnote.Administrateur.stockEntreprise(Administrateur.java:26)
	at tpnote.Administrateur.stockEntreprise(Administrateur.java:26)
	at tpnote.Administrateur.stockEntreprise(Administrateur.java:26)
	at tpnote.Administrateur.stockEntreprise(Administrateur.java:26)
	at tpnote.Administrateur.stockEntreprise(Administrateur.java:26)
	at tpnote.Administrateur.stockEntreprise(Administrateur.java:26)
	at tpnote.Administrateur.stockEntreprise(Administrateur.java:26)
	at tpnote.Administrateur.stockEntreprise(Administrateur.java:26)
	at tpnote.Administrateur.stockEntreprise(Administrateur.java:26)
	at tpnote.Administrateur.stockEntreprise(Administrateur.java:26)
	at tpnote.Administrateur.stockEntreprise(Administrateur.java:26)
	at tpnote.Administrateur.stockEntreprise(Administrateur.java:26)
	at tpnote.Administrateur.stockEntreprise(Administrateur.java:26)
	at tpnote.Administrateur.stockEntreprise(Administrateur.java:26)
	at tpnote.Administrateur.stockEntreprise(Administrateur.java:26)
	at tpnote.Administrateur.stockEntreprise(Administrateur.java:26)
	at tpnote.Administrateur.stockEntreprise(Administrateur.java:26)
	at tpnote.Administrateur.stockEntreprise(Administrateur.java:26)
	at tpnote.Administrateur.stockEntreprise(Administrateur.java:26)
	at tpnote.Administrateur.stockEntreprise(Administrateur.java:26)
	at tpnote.Administrateur.stockEntreprise(Administrateur.java:26)
	at tpnote.Administrateur.stockEntreprise(Administrateur.java:26)
	at tpnote.Administrateur.stockEntreprise(Administrateur.java:26)
	at tpnote.Administrateur.stockEntreprise(Administrateur.java:26)
	at tpnote.Administrateur.stockEntreprise(Administrateur.java:26)
	at tpnote.Administrateur.stockEntreprise(Administrateur.java:26)
	at tpnote.Administrateur.stockEntreprise(Administrateur.java:26)
	at tpnote.Administrateur.stockEntreprise(Administrateur.java:26)
	at tpnote.Administrateur.stockEntreprise(Administrateur.java:26)
	at tpnote.Administrateur.stockEntreprise(Administrateur.java:26)
	at tpnote.Administrateur.stockEntreprise(Administrateur.java:26)
	at tpnote.Administrateur.stockEntreprise(Administrateur.java:26)
	at tpnote.Administrateur.stockEntreprise(Administrateur.java:26)
	at tpnote.Administrateur.stockEntreprise(Administrateur.java:26)
	at tpnote.Administrateur.stockEntreprise(Administrateur.java:26)
	at tpnote.Administrateur.stockEntreprise(Administrateur.java:26)
	at tpnote.Administrateur.stockEntreprise(Administrateur.java:26)
	at tpnote.Administrateur.stockEntreprise(Administrateur.java:26)
	at tpnote.Administrateur.stockEntreprise(Administrateur.java:26)
	at tpnote.Administrateur.stockEntreprise(Administrateur.java:26)
	at tpnote.Administrateur.stockEntreprise(Administrateur.java:26)
	at tpnote.Administrateur.stockEntreprise(Administrateur.java:26)
	at tpnote.Administrateur.stockEntreprise(Administrateur.java:26)
	at tpnote.Administrateur.stockEntreprise(Administrateur.java:26)
	at tpnote.Administrateur.stockEntreprise(Administrateur.java:26)
	at tpnote.Administrateur.stockEntreprise(Administrateur.java:26)
	at tpnote.Administrateur.stockEntreprise(Administrateur.java:26)
	at tpnote.Administrateur.stockEntreprise(Administrateur.java:26)
	at tpnote.Administrateur.stockEntreprise(Administrateur.java:26)
	at tpnote.Administrateur.stockEntreprise(Administrateur.java:26)
	at tpnote.Administrateur.stockEntreprise(Administrateur.java:26)
	at tpnote.Administrateur.stockEntreprise(Administrateur.java:26)
	at tpnote.Administrateur.stockEntreprise(Administrateur.java:26)
	at tpnote.Administrateur.stockEntreprise(Administrateur.java:26)
	at tpnote.Administrateur.stockEntreprise(Administrateur.java:26)
	at tpnote.Administrateur.stockEntreprise(Administrateur.java:26)
	at tpnote.Administrateur.stockEntreprise(Administrateur.java:26)
	at tpnote.Administrateur.stockEntreprise(Administrateur.java:26)
	at tpnote.Administrateur.stockEntreprise(Administrateur.java:26)
	at tpnote.Administrateur.stockEntreprise(Administrateur.java:26)
	at tpnote.Administrateur.stockEntreprise(Administrateur.java:26)
	at tpnote.Administrateur.stockEntreprise(Administrateur.java:26)
	at tpnote.Administrateur.stockEntreprise(Administrateur.java:26)
	at tpnote.Administrateur.stockEntreprise(Administrateur.java:26)
	at tpnote.Administrateur.stockEntreprise(Administrateur.java:26)
	at tpnote.Administrateur.stockEntreprise(Administrateur.java:26)
	at tpnote.Administrateur.stockEntreprise(Administrateur.java:26)
	at tpnote.Administrateur.stockEntreprise(Administrateur.java:26)
	at tpnote.Administrateur.stockEntreprise(Administrateur.java:26)
	at tpnote.Administrateur.stockEntreprise(Administrateur.java:26)
	at tpnote.Administrateur.stockEntreprise(Administrateur.java:26)
	at tpnote.Administrateur.stockEntreprise(Administrateur.java:26)
	at tpnote.Administrateur.stockEntreprise(Administrateur.java:26)
	at tpnote.Administrateur.stockEntreprise(Administrateur.java:26)
	at tpnote.Administrateur.stockEntreprise(Administrateur.java:26)
	at tpnote.Administrateur.stockEntreprise(Administrateur.java:26)
	at tpnote.Administrateur.stockEntreprise(Administrateur.java:26)
	at tpnote.Administrateur.stockEntreprise(Administrateur.java:26)
	at tpnote.Administrateur.stockEntreprise(Administrateur.java:26)
	at tpnote.Administrateur.stockEntreprise(Administrateur.java:26)
	at tpnote.Administrateur.stockEntreprise(Administrateur.java:26)
	at tpnote.Administrateur.stockEntreprise(Administrateur.java:26)
	at tpnote.Administrateur.stockEntreprise(Administrateur.java:26)
	at tpnote.Administrateur.stockEntreprise(Administrateur.java:26)
	at tpnote.Administrateur.stockEntreprise(Administrateur.java:26)
	at tpnote.Administrateur.stockEntreprise(Administrateur.java:26)
	at tpnote.Administrateur.stockEntreprise(Administrateur.java:26)
	at tpnote.Administrateur.stockEntreprise(Administrateur.java:26)
	at tpnote.Administrateur.stockEntreprise(Administrateur.java:26)
	at tpnote.Administrateur.stockEntreprise(Administrateur.java:26)
	at tpnote.Administrateur.stockEntreprise(Administrateur.java:26)
	at tpnote.Administrateur.stockEntreprise(Administrateur.java:26)
	at tpnote.Administrateur.stockEntreprise(Administrateur.java:26)
	at tpnote.Administrateur.stockEntreprise(Administrateur.java:26)
	at tpnote.Administrateur.stockEntreprise(Administrateur.java:26)
	at tpnote.Administrateur.stockEntreprise(Administrateur.java:26)
	at tpnote.Administrateur.stockEntreprise(Administrateur.java:26)
	at tpnote.Administrateur.stockEntreprise(Administrateur.java:26)
	at tpnote.Administrateur.stockEntreprise(Administrateur.java:26)
	at tpnote.Administrateur.stockEntreprise(Administrateur.java:26)
	at tpnote.Administrateur.stockEntreprise(Administrateur.java:26)
	at tpnote.Administrateur.stockEntreprise(Administrateur.java:26)
	at tpnote.Administrateur.stockEntreprise(Administrateur.java:26)
	at tpnote.Administrateur.stockEntreprise(Administrateur.java:26)
	at tpnote.Administrateur.stockEntreprise(Administrateur.java:26)
	at tpnote.Administrateur.stockEntreprise(Administrateur.java:26)
	at tpnote.Administrateur.stockEntreprise(Administrateur.java:26)
	at tpnote.Administrateur.stockEntreprise(Administrateur.java:26)
	at tpnote.Administrateur.stockEntreprise(Administrateur.java:26)
	at tpnote.Administrateur.stockEntreprise(Administrateur.java:26)
	at tpnote.Administrateur.stockEntreprise(Administrateur.java:26)
	at tpnote.Administrateur.stockEntreprise(Administrateur.java:26)
	at tpnote.Administrateur.stockEntreprise(Administrateur.java:26)
	at tpnote.Administrateur.stockEntreprise(Administrateur.java:26)
	at tpnote.Administrateur.stockEntreprise(Administrateur.java:26)

transfererMateriel_envoyeurNaPasObjetTransfere(tpnote.AdministrateurTest)  Time elapsed: 0.012 sec  <<< FAILURE!
java.lang.AssertionError: transfererMateriel (envoyeur n'a pas l'objet transféré): fail expected:<0> but was:<1>
	at org.junit.Assert.fail(Assert.java:88)
	at org.junit.Assert.failNotEquals(Assert.java:834)
	at org.junit.Assert.assertEquals(Assert.java:645)
	at tpnote.AdministrateurTest.transfererMateriel_envoyeurNaPasObjetTransfere(AdministrateurTest.java:98)
	at sun.reflect.NativeMethodAccessorImpl.invoke0(Native Method)
	at sun.reflect.NativeMethodAccessorImpl.invoke(NativeMethodAccessorImpl.java:62)
	at sun.reflect.DelegatingMethodAccessorImpl.invoke(DelegatingMethodAccessorImpl.java:43)
	at java.lang.reflect.Method.invoke(Method.java:497)
	at org.junit.runners.model.FrameworkMethod$1.runReflectiveCall(FrameworkMethod.java:50)
	at org.junit.internal.runners.model.ReflectiveCallable.run(ReflectiveCallable.java:12)
	at org.junit.runners.model.FrameworkMethod.invokeExplosively(FrameworkMethod.java:47)
	at org.junit.internal.runners.statements.InvokeMethod.evaluate(InvokeMethod.java:17)
	at org.junit.internal.runners.statements.RunBefores.evaluate(RunBefores.java:26)
	at org.junit.runners.ParentRunner.runLeaf(ParentRunner.java:325)
	at org.junit.runners.BlockJUnit4ClassRunner.runChild(BlockJUnit4ClassRunner.java:78)
	at org.junit.runners.BlockJUnit4ClassRunner.runChild(BlockJUnit4ClassRunner.java:57)
	at org.junit.runners.ParentRunner$3.run(ParentRunner.java:290)
	at org.junit.runners.ParentRunner$1.schedule(ParentRunner.java:71)
	at org.junit.runners.ParentRunner.runChildren(ParentRunner.java:288)
	at org.junit.runners.ParentRunner.access$000(ParentRunner.java:58)
	at org.junit.runners.ParentRunner$2.evaluate(ParentRunner.java:268)
	at org.junit.runners.ParentRunner.run(ParentRunner.java:363)
	at org.apache.maven.surefire.junit4.JUnit4Provider.execute(JUnit4Provider.java:252)
	at org.apache.maven.surefire.junit4.JUnit4Provider.executeTestSet(JUnit4Provider.java:141)
	at org.apache.maven.surefire.junit4.JUnit4Provider.invoke(JUnit4Provider.java:112)
	at sun.reflect.NativeMethodAccessorImpl.invoke0(Native Method)
	at sun.reflect.NativeMethodAccessorImpl.invoke(NativeMethodAccessorImpl.java:62)
	at sun.reflect.DelegatingMethodAccessorImpl.invoke(DelegatingMethodAccessorImpl.java:43)
	at java.lang.reflect.Method.invoke(Method.java:497)
	at org.apache.maven.surefire.util.ReflectionUtils.invokeMethodWithArray(ReflectionUtils.java:189)
	at org.apache.maven.surefire.booter.ProviderFactory$ProviderProxy.invoke(ProviderFactory.java:165)
	at org.apache.maven.surefire.booter.ProviderFactory.invokeProvider(ProviderFactory.java:85)
	at org.apache.maven.surefire.booter.ForkedBooter.runSuitesInProcess(ForkedBooter.java:115)
	at org.apache.maven.surefire.booter.ForkedBooter.main(ForkedBooter.java:75)

